[2.341s] Invoking command in '/home/mperezes/ros2_ws/build/ros2_course': PYTHONPATH=/home/mperezes/ros2_ws/build/ros2_course/prefix_override:/home/mperezes/ros2_ws/install/ros2_course/lib/python3.10/site-packages:${PYTHONPATH} /usr/bin/python3 setup.py develop --editable --build-directory /home/mperezes/ros2_ws/build/ros2_course/build --no-deps install_data
[2.847s] running develop
[2.848s] /usr/lib/python3/dist-packages/setuptools/command/easy_install.py:158: EasyInstallDeprecationWarning: easy_install command is deprecated. Use build and pip and other standards-based tools.
[2.848s]   warnings.warn(
[2.849s] /usr/lib/python3/dist-packages/setuptools/command/install.py:34: SetuptoolsDeprecationWarning: setup.py install is deprecated. Use build and pip and other standards-based tools.
[2.850s]   warnings.warn(
[3.120s] running egg_info
[3.121s] writing ros2_course.egg-info/PKG-INFO
[3.122s] writing dependency_links to ros2_course.egg-info/dependency_links.txt
[3.123s] writing entry points to ros2_course.egg-info/entry_points.txt
[3.123s] writing requirements to ros2_course.egg-info/requires.txt
[3.123s] writing top-level names to ros2_course.egg-info/top_level.txt
[3.126s] reading manifest file 'ros2_course.egg-info/SOURCES.txt'
[3.128s] writing manifest file 'ros2_course.egg-info/SOURCES.txt'
[3.130s] running build_ext
[3.131s] Creating /home/mperezes/ros2_ws/install/ros2_course/lib/python3.10/site-packages/ros2-course.egg-link (link to .)
[3.132s] Installing hello script to /home/mperezes/ros2_ws/install/ros2_course/lib/ros2_course
[3.133s] Installing listener script to /home/mperezes/ros2_ws/install/ros2_course/lib/ros2_course
[3.133s] Installing talker script to /home/mperezes/ros2_ws/install/ros2_course/lib/ros2_course
[3.134s] 
[3.134s] Installed /home/mperezes/ros2_ws/build/ros2_course
[3.134s] running install_data
[3.352s] Invoked command in '/home/mperezes/ros2_ws/build/ros2_course' returned '0': PYTHONPATH=/home/mperezes/ros2_ws/build/ros2_course/prefix_override:/home/mperezes/ros2_ws/install/ros2_course/lib/python3.10/site-packages:${PYTHONPATH} /usr/bin/python3 setup.py develop --editable --build-directory /home/mperezes/ros2_ws/build/ros2_course/build --no-deps install_data
