[1.226s] Invoking command in '/home/mperezes/ros2_ws/build/ros2_course': PYTHONPATH=/home/mperezes/ros2_ws/build/ros2_course/prefix_override:/home/mperezes/ros2_ws/install/ros2_course/lib/python3.10/site-packages:${PYTHONPATH} /usr/bin/python3 setup.py develop --uninstall --editable --build-directory /home/mperezes/ros2_ws/build/ros2_course/build
[1.526s] running develop
[1.526s] /usr/lib/python3/dist-packages/setuptools/command/easy_install.py:158: EasyInstallDeprecationWarning: easy_install command is deprecated. Use build and pip and other standards-based tools.
[1.526s]   warnings.warn(
[1.528s] /usr/lib/python3/dist-packages/setuptools/command/install.py:34: SetuptoolsDeprecationWarning: setup.py install is deprecated. Use build and pip and other standards-based tools.
[1.528s]   warnings.warn(
[1.702s] Removing /home/mperezes/ros2_ws/install/ros2_course/lib/python3.10/site-packages/ros2-course.egg-link (link to .)
[1.754s] Invoked command in '/home/mperezes/ros2_ws/build/ros2_course' returned '0': PYTHONPATH=/home/mperezes/ros2_ws/build/ros2_course/prefix_override:/home/mperezes/ros2_ws/install/ros2_course/lib/python3.10/site-packages:${PYTHONPATH} /usr/bin/python3 setup.py develop --uninstall --editable --build-directory /home/mperezes/ros2_ws/build/ros2_course/build
[1.757s] Invoking command in '/home/mperezes/ros2_ws/src/ros2_course': PYTHONPATH=/home/mperezes/ros2_ws/build/ros2_course/prefix_override:/home/mperezes/ros2_ws/install/ros2_course/lib/python3.10/site-packages:${PYTHONPATH} /usr/bin/python3 setup.py egg_info --egg-base ../../build/ros2_course build --build-base /home/mperezes/ros2_ws/build/ros2_course/build install --record /home/mperezes/ros2_ws/build/ros2_course/install.log --single-version-externally-managed
[2.027s] running egg_info
[2.027s] writing ../../build/ros2_course/ros2_course.egg-info/PKG-INFO
[2.028s] writing dependency_links to ../../build/ros2_course/ros2_course.egg-info/dependency_links.txt
[2.028s] writing entry points to ../../build/ros2_course/ros2_course.egg-info/entry_points.txt
[2.028s] writing requirements to ../../build/ros2_course/ros2_course.egg-info/requires.txt
[2.029s] writing top-level names to ../../build/ros2_course/ros2_course.egg-info/top_level.txt
[2.032s] reading manifest file '../../build/ros2_course/ros2_course.egg-info/SOURCES.txt'
[2.033s] writing manifest file '../../build/ros2_course/ros2_course.egg-info/SOURCES.txt'
[2.033s] running build
[2.033s] running build_py
[2.033s] creating /home/mperezes/ros2_ws/build/ros2_course/build
[2.034s] creating /home/mperezes/ros2_ws/build/ros2_course/build/lib
[2.034s] creating /home/mperezes/ros2_ws/build/ros2_course/build/lib/ros2_course
[2.034s] copying ros2_course/hello.py -> /home/mperezes/ros2_ws/build/ros2_course/build/lib/ros2_course
[2.034s] copying ros2_course/__init__.py -> /home/mperezes/ros2_ws/build/ros2_course/build/lib/ros2_course
[2.034s] running install
[2.034s] /usr/lib/python3/dist-packages/setuptools/command/install.py:34: SetuptoolsDeprecationWarning: setup.py install is deprecated. Use build and pip and other standards-based tools.
[2.034s]   warnings.warn(
[2.034s] running install_lib
[2.035s] creating /home/mperezes/ros2_ws/install/ros2_course/lib/python3.10/site-packages/ros2_course
[2.035s] copying /home/mperezes/ros2_ws/build/ros2_course/build/lib/ros2_course/hello.py -> /home/mperezes/ros2_ws/install/ros2_course/lib/python3.10/site-packages/ros2_course
[2.035s] copying /home/mperezes/ros2_ws/build/ros2_course/build/lib/ros2_course/__init__.py -> /home/mperezes/ros2_ws/install/ros2_course/lib/python3.10/site-packages/ros2_course
[2.036s] byte-compiling /home/mperezes/ros2_ws/install/ros2_course/lib/python3.10/site-packages/ros2_course/hello.py to hello.cpython-310.pyc
[2.036s] byte-compiling /home/mperezes/ros2_ws/install/ros2_course/lib/python3.10/site-packages/ros2_course/__init__.py to __init__.cpython-310.pyc
[2.036s] running install_data
[2.037s] running install_egg_info
[2.039s] Copying ../../build/ros2_course/ros2_course.egg-info to /home/mperezes/ros2_ws/install/ros2_course/lib/python3.10/site-packages/ros2_course-0.0.0-py3.10.egg-info
[2.040s] running install_scripts
[2.067s] Installing hello script to /home/mperezes/ros2_ws/install/ros2_course/lib/ros2_course
[2.067s] Installing listener script to /home/mperezes/ros2_ws/install/ros2_course/lib/ros2_course
[2.067s] Installing talker script to /home/mperezes/ros2_ws/install/ros2_course/lib/ros2_course
[2.068s] writing list of installed files to '/home/mperezes/ros2_ws/build/ros2_course/install.log'
[2.113s] Invoked command in '/home/mperezes/ros2_ws/src/ros2_course' returned '0': PYTHONPATH=/home/mperezes/ros2_ws/build/ros2_course/prefix_override:/home/mperezes/ros2_ws/install/ros2_course/lib/python3.10/site-packages:${PYTHONPATH} /usr/bin/python3 setup.py egg_info --egg-base ../../build/ros2_course build --build-base /home/mperezes/ros2_ws/build/ros2_course/build install --record /home/mperezes/ros2_ws/build/ros2_course/install.log --single-version-externally-managed
