[0.000000] (-) TimerEvent: {}
[0.000171] (hola) JobQueued: {'identifier': 'hola', 'dependencies': OrderedDict()}
[0.000214] (ros2_course) JobQueued: {'identifier': 'ros2_course', 'dependencies': OrderedDict()}
[0.000870] (hola) JobStarted: {'identifier': 'hola'}
[0.100008] (-) TimerEvent: {}
[0.125483] (ros2_course) JobStarted: {'identifier': 'ros2_course'}
[0.200215] (-) TimerEvent: {}
[0.300842] (-) TimerEvent: {}
[0.401188] (-) TimerEvent: {}
[0.501522] (-) TimerEvent: {}
[0.602075] (-) TimerEvent: {}
[0.702835] (-) TimerEvent: {}
[0.804591] (-) TimerEvent: {}
[0.904781] (-) TimerEvent: {}
[1.005824] (-) TimerEvent: {}
[1.106341] (-) TimerEvent: {}
[1.207174] (-) TimerEvent: {}
[1.308328] (-) TimerEvent: {}
[1.408901] (-) TimerEvent: {}
[1.509430] (-) TimerEvent: {}
[1.609986] (-) TimerEvent: {}
[1.706889] (ros2_course) Command: {'cmd': ['/usr/bin/python3', 'setup.py', 'develop', '--uninstall', '--editable', '--build-directory', '/home/mperezes/ros2_ws/build/ros2_course/build'], 'cwd': '/home/mperezes/ros2_ws/build/ros2_course', 'env': {'GJS_DEBUG_TOPICS': 'JS ERROR;JS LOG', 'LANGUAGE': 'es:en_US:en', 'LC_TIME': 'es_ES.UTF-8', 'USER': 'mperezes', 'XDG_SESSION_TYPE': 'wayland', 'LD_LIBRARY_PATH': '/opt/ros/humble/opt/rviz_ogre_vendor/lib:/opt/ros/humble/lib/x86_64-linux-gnu:/opt/ros/humble/lib', 'SHLVL': '16', 'HOME': '/home/mperezes', 'DESKTOP_SESSION': 'ubuntu', 'QTDIR': '/usr/lib/x86_64-linux-gnu/qt5', 'GIO_LAUNCHED_DESKTOP_FILE': '/usr/share/applications/QtProject-qtcreator-ros-latest.desktop', 'GNOME_SHELL_SESSION_MODE': 'ubuntu', 'GTK_MODULES': 'gail:atk-bridge', 'ROS_PYTHON_VERSION': '3', 'LC_MONETARY': 'es_ES.UTF-8', 'MANAGERPID': '1345', 'DBUS_SESSION_BUS_ADDRESS': 'unix:path=/run/user/1000/bus', 'SYSTEMD_EXEC_PID': '1523', 'GIO_LAUNCHED_DESKTOP_FILE_PID': '6160', 'COLCON_PREFIX_PATH': '/home/mperezes/ros2_ws/install', 'IM_CONFIG_PHASE': '1', 'ROS_DISTRO': 'humble', 'WAYLAND_DISPLAY': 'wayland-0', 'LOGNAME': 'mperezes', 'JOURNAL_STREAM': '8:25914', '_': '/usr/bin/env', 'ROS_VERSION': '2', 'XDG_SESSION_CLASS': 'user', 'TERM': 'xterm', 'USERNAME': 'mperezes', 'GNOME_DESKTOP_SESSION_ID': 'this-is-deprecated', 'ROS_LOCALHOST_ONLY': '0', 'PATH': '/opt/ros/humble/bin:/usr/local/sbin:/usr/local/bin:/usr/sbin:/usr/bin:/sbin:/bin:/usr/games:/usr/local/games:/snap/bin:/snap/bin', 'INVOCATION_ID': '3d0fa57b8fdd4872a7a6dea3949fbf26', 'PAPERSIZE': 'a4', 'SESSION_MANAGER': 'local/Ubuntu:@/tmp/.ICE-unix/1483,unix/Ubuntu:/tmp/.ICE-unix/1483', 'GNOME_SETUP_DISPLAY': ':1', 'LC_ADDRESS': 'es_ES.UTF-8', 'XDG_MENU_PREFIX': 'gnome-', 'XDG_RUNTIME_DIR': '/run/user/1000', 'DISPLAY': ':0', 'LANG': 'es_ES.UTF-8', 'LC_TELEPHONE': 'es_ES.UTF-8', 'XDG_CURRENT_DESKTOP': 'ubuntu:GNOME', 'XAUTHORITY': '/run/user/1000/.mutter-Xwaylandauth.D6X6C2', 'XDG_SESSION_DESKTOP': 'ubuntu', 'XMODIFIERS': '@im=ibus', 'AMENT_PREFIX_PATH': '/home/mperezes/ros2_ws/install/ros2_course:/home/mperezes/ros2_ws/install/hola:/opt/ros/humble', 'SSH_AGENT_LAUNCHER': 'gnome-keyring', 'SSH_AUTH_SOCK': '/run/user/1000/keyring/ssh', 'LC_NAME': 'es_ES.UTF-8', 'SHELL': '/bin/bash', 'GDMSESSION': 'ubuntu', 'QT_ACCESSIBILITY': '1', 'LC_MEASUREMENT': 'es_ES.UTF-8', 'GJS_DEBUG_OUTPUT': 'stderr', 'LC_IDENTIFICATION': 'es_ES.UTF-8', 'QT_IM_MODULE': 'ibus', 'LC_ALL': 'C', 'PWD': '/home/mperezes/ros2_ws/build/ros2_course', 'XDG_CONFIG_DIRS': '/etc/xdg/xdg-ubuntu:/etc/xdg', 'XDG_DATA_DIRS': '/usr/share/ubuntu:/usr/local/share/:/usr/share/:/var/lib/snapd/desktop', 'LC_NUMERIC': 'es_ES.UTF-8', 'PYTHONPATH': '/home/mperezes/ros2_ws/build/ros2_course/prefix_override:/home/mperezes/ros2_ws/install/ros2_course/lib/python3.10/site-packages:/home/mperezes/ros2_ws/build/ros2_course:/home/mperezes/ros2_ws/install/ros2_course/lib/python3.10/site-packages:/home/mperezes/ros2_ws/build/hola:/home/mperezes/ros2_ws/install/hola/lib/python3.10/site-packages:/opt/ros/humble/lib/python3.10/site-packages:/opt/ros/humble/local/lib/python3.10/dist-packages', 'LC_PAPER': 'es_ES.UTF-8', 'COLCON': '1'}, 'shell': False}
[1.710321] (-) TimerEvent: {}
[1.777454] (hola) Command: {'cmd': ['/usr/bin/python3', 'setup.py', 'develop', '--uninstall', '--editable', '--build-directory', '/home/mperezes/ros2_ws/build/hola/build'], 'cwd': '/home/mperezes/ros2_ws/build/hola', 'env': {'GJS_DEBUG_TOPICS': 'JS ERROR;JS LOG', 'LANGUAGE': 'es:en_US:en', 'LC_TIME': 'es_ES.UTF-8', 'USER': 'mperezes', 'XDG_SESSION_TYPE': 'wayland', 'LD_LIBRARY_PATH': '/opt/ros/humble/opt/rviz_ogre_vendor/lib:/opt/ros/humble/lib/x86_64-linux-gnu:/opt/ros/humble/lib', 'SHLVL': '16', 'HOME': '/home/mperezes', 'DESKTOP_SESSION': 'ubuntu', 'QTDIR': '/usr/lib/x86_64-linux-gnu/qt5', 'GIO_LAUNCHED_DESKTOP_FILE': '/usr/share/applications/QtProject-qtcreator-ros-latest.desktop', 'GNOME_SHELL_SESSION_MODE': 'ubuntu', 'GTK_MODULES': 'gail:atk-bridge', 'ROS_PYTHON_VERSION': '3', 'LC_MONETARY': 'es_ES.UTF-8', 'MANAGERPID': '1345', 'DBUS_SESSION_BUS_ADDRESS': 'unix:path=/run/user/1000/bus', 'SYSTEMD_EXEC_PID': '1523', 'GIO_LAUNCHED_DESKTOP_FILE_PID': '6160', 'COLCON_PREFIX_PATH': '/home/mperezes/ros2_ws/install', 'IM_CONFIG_PHASE': '1', 'ROS_DISTRO': 'humble', 'WAYLAND_DISPLAY': 'wayland-0', 'LOGNAME': 'mperezes', 'JOURNAL_STREAM': '8:25914', '_': '/usr/bin/env', 'ROS_VERSION': '2', 'XDG_SESSION_CLASS': 'user', 'TERM': 'xterm', 'USERNAME': 'mperezes', 'GNOME_DESKTOP_SESSION_ID': 'this-is-deprecated', 'ROS_LOCALHOST_ONLY': '0', 'PATH': '/opt/ros/humble/bin:/usr/local/sbin:/usr/local/bin:/usr/sbin:/usr/bin:/sbin:/bin:/usr/games:/usr/local/games:/snap/bin:/snap/bin', 'INVOCATION_ID': '3d0fa57b8fdd4872a7a6dea3949fbf26', 'PAPERSIZE': 'a4', 'SESSION_MANAGER': 'local/Ubuntu:@/tmp/.ICE-unix/1483,unix/Ubuntu:/tmp/.ICE-unix/1483', 'GNOME_SETUP_DISPLAY': ':1', 'LC_ADDRESS': 'es_ES.UTF-8', 'XDG_MENU_PREFIX': 'gnome-', 'XDG_RUNTIME_DIR': '/run/user/1000', 'DISPLAY': ':0', 'LANG': 'es_ES.UTF-8', 'LC_TELEPHONE': 'es_ES.UTF-8', 'XDG_CURRENT_DESKTOP': 'ubuntu:GNOME', 'XAUTHORITY': '/run/user/1000/.mutter-Xwaylandauth.D6X6C2', 'XDG_SESSION_DESKTOP': 'ubuntu', 'XMODIFIERS': '@im=ibus', 'AMENT_PREFIX_PATH': '/home/mperezes/ros2_ws/install/ros2_course:/home/mperezes/ros2_ws/install/hola:/opt/ros/humble', 'SSH_AGENT_LAUNCHER': 'gnome-keyring', 'SSH_AUTH_SOCK': '/run/user/1000/keyring/ssh', 'LC_NAME': 'es_ES.UTF-8', 'SHELL': '/bin/bash', 'GDMSESSION': 'ubuntu', 'QT_ACCESSIBILITY': '1', 'LC_MEASUREMENT': 'es_ES.UTF-8', 'GJS_DEBUG_OUTPUT': 'stderr', 'LC_IDENTIFICATION': 'es_ES.UTF-8', 'QT_IM_MODULE': 'ibus', 'LC_ALL': 'C', 'PWD': '/home/mperezes/ros2_ws/build/hola', 'XDG_CONFIG_DIRS': '/etc/xdg/xdg-ubuntu:/etc/xdg', 'XDG_DATA_DIRS': '/usr/share/ubuntu:/usr/local/share/:/usr/share/:/var/lib/snapd/desktop', 'LC_NUMERIC': 'es_ES.UTF-8', 'PYTHONPATH': '/home/mperezes/ros2_ws/build/hola/prefix_override:/home/mperezes/ros2_ws/install/hola/lib/python3.10/site-packages:/home/mperezes/ros2_ws/build/ros2_course:/home/mperezes/ros2_ws/install/ros2_course/lib/python3.10/site-packages:/home/mperezes/ros2_ws/build/hola:/home/mperezes/ros2_ws/install/hola/lib/python3.10/site-packages:/opt/ros/humble/lib/python3.10/site-packages:/opt/ros/humble/local/lib/python3.10/dist-packages', 'LC_PAPER': 'es_ES.UTF-8', 'COLCON': '1'}, 'shell': False}
[1.810956] (-) TimerEvent: {}
[1.911399] (-) TimerEvent: {}
[2.011948] (-) TimerEvent: {}
[2.111484] (ros2_course) StdoutLine: {'line': b'running develop\n'}
[2.112118] (ros2_course) StderrLine: {'line': b'/usr/lib/python3/dist-packages/setuptools/command/easy_install.py:158: EasyInstallDeprecationWarning: easy_install command is deprecated. Use build and pip and other standards-based tools.\n'}
[2.112302] (-) TimerEvent: {}
[2.112325] (ros2_course) StderrLine: {'line': b'  warnings.warn(\n'}
[2.115335] (ros2_course) StderrLine: {'line': b'/usr/lib/python3/dist-packages/setuptools/command/install.py:34: SetuptoolsDeprecationWarning: setup.py install is deprecated. Use build and pip and other standards-based tools.\n'}
[2.115898] (ros2_course) StderrLine: {'line': b'  warnings.warn(\n'}
[2.159103] (hola) StdoutLine: {'line': b'running develop\n'}
[2.159706] (hola) StderrLine: {'line': b'/usr/lib/python3/dist-packages/setuptools/command/easy_install.py:158: EasyInstallDeprecationWarning: easy_install command is deprecated. Use build and pip and other standards-based tools.\n'}
[2.159943] (hola) StderrLine: {'line': b'  warnings.warn(\n'}
[2.162056] (hola) StderrLine: {'line': b'/usr/lib/python3/dist-packages/setuptools/command/install.py:34: SetuptoolsDeprecationWarning: setup.py install is deprecated. Use build and pip and other standards-based tools.\n'}
[2.162267] (hola) StderrLine: {'line': b'  warnings.warn(\n'}
[2.212587] (-) TimerEvent: {}
[2.313236] (-) TimerEvent: {}
[2.349964] (ros2_course) StdoutLine: {'line': b'Removing /home/mperezes/ros2_ws/install/ros2_course/lib/python3.10/site-packages/ros2-course.egg-link (link to .)\n'}
[2.361994] (hola) StdoutLine: {'line': b'Removing /home/mperezes/ros2_ws/install/hola/lib/python3.10/site-packages/hola.egg-link (link to .)\n'}
[2.413425] (-) TimerEvent: {}
[2.415095] (ros2_course) CommandEnded: {'returncode': 0}
[2.416621] (ros2_course) Command: {'cmd': ['/usr/bin/python3', 'setup.py', 'egg_info', '--egg-base', '../../build/ros2_course', 'build', '--build-base', '/home/mperezes/ros2_ws/build/ros2_course/build', 'install', '--record', '/home/mperezes/ros2_ws/build/ros2_course/install.log', '--single-version-externally-managed'], 'cwd': '/home/mperezes/ros2_ws/src/ros2_course', 'env': {'GJS_DEBUG_TOPICS': 'JS ERROR;JS LOG', 'LANGUAGE': 'es:en_US:en', 'LC_TIME': 'es_ES.UTF-8', 'USER': 'mperezes', 'XDG_SESSION_TYPE': 'wayland', 'LD_LIBRARY_PATH': '/opt/ros/humble/opt/rviz_ogre_vendor/lib:/opt/ros/humble/lib/x86_64-linux-gnu:/opt/ros/humble/lib', 'SHLVL': '16', 'HOME': '/home/mperezes', 'DESKTOP_SESSION': 'ubuntu', 'QTDIR': '/usr/lib/x86_64-linux-gnu/qt5', 'GIO_LAUNCHED_DESKTOP_FILE': '/usr/share/applications/QtProject-qtcreator-ros-latest.desktop', 'GNOME_SHELL_SESSION_MODE': 'ubuntu', 'GTK_MODULES': 'gail:atk-bridge', 'ROS_PYTHON_VERSION': '3', 'LC_MONETARY': 'es_ES.UTF-8', 'MANAGERPID': '1345', 'DBUS_SESSION_BUS_ADDRESS': 'unix:path=/run/user/1000/bus', 'SYSTEMD_EXEC_PID': '1523', 'GIO_LAUNCHED_DESKTOP_FILE_PID': '6160', 'COLCON_PREFIX_PATH': '/home/mperezes/ros2_ws/install', 'IM_CONFIG_PHASE': '1', 'ROS_DISTRO': 'humble', 'WAYLAND_DISPLAY': 'wayland-0', 'LOGNAME': 'mperezes', 'JOURNAL_STREAM': '8:25914', '_': '/usr/bin/env', 'ROS_VERSION': '2', 'XDG_SESSION_CLASS': 'user', 'TERM': 'xterm', 'USERNAME': 'mperezes', 'GNOME_DESKTOP_SESSION_ID': 'this-is-deprecated', 'ROS_LOCALHOST_ONLY': '0', 'PATH': '/opt/ros/humble/bin:/usr/local/sbin:/usr/local/bin:/usr/sbin:/usr/bin:/sbin:/bin:/usr/games:/usr/local/games:/snap/bin:/snap/bin', 'INVOCATION_ID': '3d0fa57b8fdd4872a7a6dea3949fbf26', 'PAPERSIZE': 'a4', 'SESSION_MANAGER': 'local/Ubuntu:@/tmp/.ICE-unix/1483,unix/Ubuntu:/tmp/.ICE-unix/1483', 'GNOME_SETUP_DISPLAY': ':1', 'LC_ADDRESS': 'es_ES.UTF-8', 'XDG_MENU_PREFIX': 'gnome-', 'XDG_RUNTIME_DIR': '/run/user/1000', 'DISPLAY': ':0', 'LANG': 'es_ES.UTF-8', 'LC_TELEPHONE': 'es_ES.UTF-8', 'XDG_CURRENT_DESKTOP': 'ubuntu:GNOME', 'XAUTHORITY': '/run/user/1000/.mutter-Xwaylandauth.D6X6C2', 'XDG_SESSION_DESKTOP': 'ubuntu', 'XMODIFIERS': '@im=ibus', 'AMENT_PREFIX_PATH': '/home/mperezes/ros2_ws/install/ros2_course:/home/mperezes/ros2_ws/install/hola:/opt/ros/humble', 'SSH_AGENT_LAUNCHER': 'gnome-keyring', 'SSH_AUTH_SOCK': '/run/user/1000/keyring/ssh', 'LC_NAME': 'es_ES.UTF-8', 'SHELL': '/bin/bash', 'GDMSESSION': 'ubuntu', 'QT_ACCESSIBILITY': '1', 'LC_MEASUREMENT': 'es_ES.UTF-8', 'GJS_DEBUG_OUTPUT': 'stderr', 'LC_IDENTIFICATION': 'es_ES.UTF-8', 'QT_IM_MODULE': 'ibus', 'LC_ALL': 'C', 'PWD': '/home/mperezes/ros2_ws/build/ros2_course', 'XDG_CONFIG_DIRS': '/etc/xdg/xdg-ubuntu:/etc/xdg', 'XDG_DATA_DIRS': '/usr/share/ubuntu:/usr/local/share/:/usr/share/:/var/lib/snapd/desktop', 'LC_NUMERIC': 'es_ES.UTF-8', 'PYTHONPATH': '/home/mperezes/ros2_ws/build/ros2_course/prefix_override:/home/mperezes/ros2_ws/install/ros2_course/lib/python3.10/site-packages:/home/mperezes/ros2_ws/build/ros2_course:/home/mperezes/ros2_ws/install/ros2_course/lib/python3.10/site-packages:/home/mperezes/ros2_ws/build/hola:/home/mperezes/ros2_ws/install/hola/lib/python3.10/site-packages:/opt/ros/humble/lib/python3.10/site-packages:/opt/ros/humble/local/lib/python3.10/dist-packages', 'LC_PAPER': 'es_ES.UTF-8', 'COLCON': '1'}, 'shell': False}
[2.423588] (hola) CommandEnded: {'returncode': 0}
[2.424919] (hola) Command: {'cmd': ['/usr/bin/python3', 'setup.py', 'egg_info', '--egg-base', '../../build/hola', 'build', '--build-base', '/home/mperezes/ros2_ws/build/hola/build', 'install', '--record', '/home/mperezes/ros2_ws/build/hola/install.log', '--single-version-externally-managed'], 'cwd': '/home/mperezes/ros2_ws/src/hola', 'env': {'GJS_DEBUG_TOPICS': 'JS ERROR;JS LOG', 'LANGUAGE': 'es:en_US:en', 'LC_TIME': 'es_ES.UTF-8', 'USER': 'mperezes', 'XDG_SESSION_TYPE': 'wayland', 'LD_LIBRARY_PATH': '/opt/ros/humble/opt/rviz_ogre_vendor/lib:/opt/ros/humble/lib/x86_64-linux-gnu:/opt/ros/humble/lib', 'SHLVL': '16', 'HOME': '/home/mperezes', 'DESKTOP_SESSION': 'ubuntu', 'QTDIR': '/usr/lib/x86_64-linux-gnu/qt5', 'GIO_LAUNCHED_DESKTOP_FILE': '/usr/share/applications/QtProject-qtcreator-ros-latest.desktop', 'GNOME_SHELL_SESSION_MODE': 'ubuntu', 'GTK_MODULES': 'gail:atk-bridge', 'ROS_PYTHON_VERSION': '3', 'LC_MONETARY': 'es_ES.UTF-8', 'MANAGERPID': '1345', 'DBUS_SESSION_BUS_ADDRESS': 'unix:path=/run/user/1000/bus', 'SYSTEMD_EXEC_PID': '1523', 'GIO_LAUNCHED_DESKTOP_FILE_PID': '6160', 'COLCON_PREFIX_PATH': '/home/mperezes/ros2_ws/install', 'IM_CONFIG_PHASE': '1', 'ROS_DISTRO': 'humble', 'WAYLAND_DISPLAY': 'wayland-0', 'LOGNAME': 'mperezes', 'JOURNAL_STREAM': '8:25914', '_': '/usr/bin/env', 'ROS_VERSION': '2', 'XDG_SESSION_CLASS': 'user', 'TERM': 'xterm', 'USERNAME': 'mperezes', 'GNOME_DESKTOP_SESSION_ID': 'this-is-deprecated', 'ROS_LOCALHOST_ONLY': '0', 'PATH': '/opt/ros/humble/bin:/usr/local/sbin:/usr/local/bin:/usr/sbin:/usr/bin:/sbin:/bin:/usr/games:/usr/local/games:/snap/bin:/snap/bin', 'INVOCATION_ID': '3d0fa57b8fdd4872a7a6dea3949fbf26', 'PAPERSIZE': 'a4', 'SESSION_MANAGER': 'local/Ubuntu:@/tmp/.ICE-unix/1483,unix/Ubuntu:/tmp/.ICE-unix/1483', 'GNOME_SETUP_DISPLAY': ':1', 'LC_ADDRESS': 'es_ES.UTF-8', 'XDG_MENU_PREFIX': 'gnome-', 'XDG_RUNTIME_DIR': '/run/user/1000', 'DISPLAY': ':0', 'LANG': 'es_ES.UTF-8', 'LC_TELEPHONE': 'es_ES.UTF-8', 'XDG_CURRENT_DESKTOP': 'ubuntu:GNOME', 'XAUTHORITY': '/run/user/1000/.mutter-Xwaylandauth.D6X6C2', 'XDG_SESSION_DESKTOP': 'ubuntu', 'XMODIFIERS': '@im=ibus', 'AMENT_PREFIX_PATH': '/home/mperezes/ros2_ws/install/ros2_course:/home/mperezes/ros2_ws/install/hola:/opt/ros/humble', 'SSH_AGENT_LAUNCHER': 'gnome-keyring', 'SSH_AUTH_SOCK': '/run/user/1000/keyring/ssh', 'LC_NAME': 'es_ES.UTF-8', 'SHELL': '/bin/bash', 'GDMSESSION': 'ubuntu', 'QT_ACCESSIBILITY': '1', 'LC_MEASUREMENT': 'es_ES.UTF-8', 'GJS_DEBUG_OUTPUT': 'stderr', 'LC_IDENTIFICATION': 'es_ES.UTF-8', 'QT_IM_MODULE': 'ibus', 'LC_ALL': 'C', 'PWD': '/home/mperezes/ros2_ws/build/hola', 'XDG_CONFIG_DIRS': '/etc/xdg/xdg-ubuntu:/etc/xdg', 'XDG_DATA_DIRS': '/usr/share/ubuntu:/usr/local/share/:/usr/share/:/var/lib/snapd/desktop', 'LC_NUMERIC': 'es_ES.UTF-8', 'PYTHONPATH': '/home/mperezes/ros2_ws/build/hola/prefix_override:/home/mperezes/ros2_ws/install/hola/lib/python3.10/site-packages:/home/mperezes/ros2_ws/build/ros2_course:/home/mperezes/ros2_ws/install/ros2_course/lib/python3.10/site-packages:/home/mperezes/ros2_ws/build/hola:/home/mperezes/ros2_ws/install/hola/lib/python3.10/site-packages:/opt/ros/humble/lib/python3.10/site-packages:/opt/ros/humble/local/lib/python3.10/dist-packages', 'LC_PAPER': 'es_ES.UTF-8', 'COLCON': '1'}, 'shell': False}
[2.514087] (-) TimerEvent: {}
[2.615009] (-) TimerEvent: {}
[2.715517] (-) TimerEvent: {}
[2.734001] (hola) StdoutLine: {'line': b'running egg_info\n'}
[2.734660] (hola) StdoutLine: {'line': b'writing ../../build/hola/hola.egg-info/PKG-INFO\n'}
[2.735062] (hola) StdoutLine: {'line': b'writing dependency_links to ../../build/hola/hola.egg-info/dependency_links.txt\n'}
[2.735258] (hola) StdoutLine: {'line': b'writing entry points to ../../build/hola/hola.egg-info/entry_points.txt\n'}
[2.735496] (hola) StdoutLine: {'line': b'writing requirements to ../../build/hola/hola.egg-info/requires.txt\n'}
[2.735725] (hola) StdoutLine: {'line': b'writing top-level names to ../../build/hola/hola.egg-info/top_level.txt\n'}
[2.736531] (ros2_course) StdoutLine: {'line': b'running egg_info\n'}
[2.737664] (ros2_course) StdoutLine: {'line': b'writing ../../build/ros2_course/ros2_course.egg-info/PKG-INFO\n'}
[2.738121] (ros2_course) StdoutLine: {'line': b'writing dependency_links to ../../build/ros2_course/ros2_course.egg-info/dependency_links.txt\n'}
[2.738601] (ros2_course) StdoutLine: {'line': b'writing entry points to ../../build/ros2_course/ros2_course.egg-info/entry_points.txt\n'}
[2.738685] (hola) StdoutLine: {'line': b"reading manifest file '../../build/hola/hola.egg-info/SOURCES.txt'\n"}
[2.738740] (ros2_course) StdoutLine: {'line': b'writing requirements to ../../build/ros2_course/ros2_course.egg-info/requires.txt\n'}
[2.738782] (ros2_course) StdoutLine: {'line': b'writing top-level names to ../../build/ros2_course/ros2_course.egg-info/top_level.txt\n'}
[2.741192] (hola) StdoutLine: {'line': b"writing manifest file '../../build/hola/hola.egg-info/SOURCES.txt'\n"}
[2.741449] (hola) StdoutLine: {'line': b'running build\n'}
[2.741578] (ros2_course) StdoutLine: {'line': b"reading manifest file '../../build/ros2_course/ros2_course.egg-info/SOURCES.txt'\n"}
[2.741777] (hola) StdoutLine: {'line': b'running build_py\n'}
[2.742207] (hola) StdoutLine: {'line': b'running install\n'}
[2.742377] (hola) StderrLine: {'line': b'/usr/lib/python3/dist-packages/setuptools/command/install.py:34: SetuptoolsDeprecationWarning: setup.py install is deprecated. Use build and pip and other standards-based tools.\n'}
[2.742626] (hola) StderrLine: {'line': b'  warnings.warn(\n'}
[2.742697] (hola) StdoutLine: {'line': b'running install_lib\n'}
[2.743427] (hola) StdoutLine: {'line': b'creating /home/mperezes/ros2_ws/install/hola/lib/python3.10/site-packages/hola\n'}
[2.743718] (hola) StdoutLine: {'line': b'copying /home/mperezes/ros2_ws/build/hola/build/lib/hola/__init__.py -> /home/mperezes/ros2_ws/install/hola/lib/python3.10/site-packages/hola\n'}
[2.744007] (ros2_course) StdoutLine: {'line': b"writing manifest file '../../build/ros2_course/ros2_course.egg-info/SOURCES.txt'\n"}
[2.744336] (ros2_course) StdoutLine: {'line': b'running build\n'}
[2.744454] (ros2_course) StdoutLine: {'line': b'running build_py\n'}
[2.744500] (hola) StdoutLine: {'line': b'byte-compiling /home/mperezes/ros2_ws/install/hola/lib/python3.10/site-packages/hola/__init__.py to __init__.cpython-310.pyc\n'}
[2.744819] (ros2_course) StdoutLine: {'line': b'copying ros2_course/turtlesim_controller.py -> /home/mperezes/ros2_ws/build/ros2_course/build/lib/ros2_course\n'}
[2.744889] (hola) StdoutLine: {'line': b'running install_data\n'}
[2.745300] (ros2_course) StdoutLine: {'line': b'running install\n'}
[2.745544] (ros2_course) StderrLine: {'line': b'/usr/lib/python3/dist-packages/setuptools/command/install.py:34: SetuptoolsDeprecationWarning: setup.py install is deprecated. Use build and pip and other standards-based tools.\n'}
[2.745685] (ros2_course) StderrLine: {'line': b'  warnings.warn(\n'}
[2.745913] (hola) StdoutLine: {'line': b'running install_egg_info\n'}
[2.746044] (ros2_course) StdoutLine: {'line': b'running install_lib\n'}
[2.746941] (ros2_course) StdoutLine: {'line': b'creating /home/mperezes/ros2_ws/install/ros2_course/lib/python3.10/site-packages/ros2_course\n'}
[2.747092] (ros2_course) StdoutLine: {'line': b'copying /home/mperezes/ros2_ws/build/ros2_course/build/lib/ros2_course/talker.py -> /home/mperezes/ros2_ws/install/ros2_course/lib/python3.10/site-packages/ros2_course\n'}
[2.747333] (ros2_course) StdoutLine: {'line': b'copying /home/mperezes/ros2_ws/build/ros2_course/build/lib/ros2_course/hello.py -> /home/mperezes/ros2_ws/install/ros2_course/lib/python3.10/site-packages/ros2_course\n'}
[2.747506] (ros2_course) StdoutLine: {'line': b'copying /home/mperezes/ros2_ws/build/ros2_course/build/lib/ros2_course/turtlesim_controller.py -> /home/mperezes/ros2_ws/install/ros2_course/lib/python3.10/site-packages/ros2_course\n'}
[2.747624] (ros2_course) StdoutLine: {'line': b'copying /home/mperezes/ros2_ws/build/ros2_course/build/lib/ros2_course/listener.py -> /home/mperezes/ros2_ws/install/ros2_course/lib/python3.10/site-packages/ros2_course\n'}
[2.747781] (ros2_course) StdoutLine: {'line': b'copying /home/mperezes/ros2_ws/build/ros2_course/build/lib/ros2_course/__init__.py -> /home/mperezes/ros2_ws/install/ros2_course/lib/python3.10/site-packages/ros2_course\n'}
[2.747986] (hola) StdoutLine: {'line': b'Copying ../../build/hola/hola.egg-info to /home/mperezes/ros2_ws/install/hola/lib/python3.10/site-packages/hola-0.0.0-py3.10.egg-info\n'}
[2.748337] (ros2_course) StdoutLine: {'line': b'byte-compiling /home/mperezes/ros2_ws/install/ros2_course/lib/python3.10/site-packages/ros2_course/talker.py to talker.cpython-310.pyc\n'}
[2.749218] (hola) StdoutLine: {'line': b'running install_scripts\n'}
[2.749416] (ros2_course) StdoutLine: {'line': b'byte-compiling /home/mperezes/ros2_ws/install/ros2_course/lib/python3.10/site-packages/ros2_course/hello.py to hello.cpython-310.pyc\n'}
[2.749655] (ros2_course) StdoutLine: {'line': b'byte-compiling /home/mperezes/ros2_ws/install/ros2_course/lib/python3.10/site-packages/ros2_course/turtlesim_controller.py to turtlesim_controller.cpython-310.pyc\n'}
[2.750740] (ros2_course) StdoutLine: {'line': b'byte-compiling /home/mperezes/ros2_ws/install/ros2_course/lib/python3.10/site-packages/ros2_course/listener.py to listener.cpython-310.pyc\n'}
[2.751148] (ros2_course) StdoutLine: {'line': b'byte-compiling /home/mperezes/ros2_ws/install/ros2_course/lib/python3.10/site-packages/ros2_course/__init__.py to __init__.cpython-310.pyc\n'}
[2.751374] (ros2_course) StdoutLine: {'line': b'running install_data\n'}
[2.752177] (ros2_course) StdoutLine: {'line': b'running install_egg_info\n'}
[2.754437] (ros2_course) StdoutLine: {'line': b'Copying ../../build/ros2_course/ros2_course.egg-info to /home/mperezes/ros2_ws/install/ros2_course/lib/python3.10/site-packages/ros2_course-0.0.0-py3.10.egg-info\n'}
[2.755440] (ros2_course) StdoutLine: {'line': b'running install_scripts\n'}
[2.778487] (hola) StdoutLine: {'line': b"writing list of installed files to '/home/mperezes/ros2_ws/build/hola/install.log'\n"}
[2.783974] (ros2_course) StdoutLine: {'line': b'Installing hello script to /home/mperezes/ros2_ws/install/ros2_course/lib/ros2_course\n'}
[2.784757] (ros2_course) StdoutLine: {'line': b'Installing listener script to /home/mperezes/ros2_ws/install/ros2_course/lib/ros2_course\n'}
[2.784884] (ros2_course) StdoutLine: {'line': b'Installing talker script to /home/mperezes/ros2_ws/install/ros2_course/lib/ros2_course\n'}
[2.784930] (ros2_course) StdoutLine: {'line': b'Installing turtlesim_controller script to /home/mperezes/ros2_ws/install/ros2_course/lib/ros2_course\n'}
[2.785255] (ros2_course) StdoutLine: {'line': b"writing list of installed files to '/home/mperezes/ros2_ws/build/ros2_course/install.log'\n"}
[2.817027] (-) TimerEvent: {}
[2.831194] (hola) CommandEnded: {'returncode': 0}
[2.894085] (hola) JobEnded: {'identifier': 'hola', 'rc': 0}
[2.895153] (ros2_course) CommandEnded: {'returncode': 0}
[2.918382] (-) TimerEvent: {}
[2.954797] (ros2_course) JobEnded: {'identifier': 'ros2_course', 'rc': 0}
[2.955896] (-) EventReactorShutdown: {}
