[1.196s] DEBUG:colcon:Command line arguments: ['/usr/bin/colcon', 'build', '--symlink-install']
[1.196s] DEBUG:colcon:Parsed command line arguments: Namespace(log_base=None, log_level=None, verb_name='build', build_base='build', install_base='install', merge_install=False, symlink_install=True, test_result_base=None, continue_on_error=False, executor='parallel', parallel_workers=4, event_handlers=None, ignore_user_meta=False, metas=['./colcon.meta'], base_paths=['.'], packages_ignore=None, packages_ignore_regex=None, paths=None, packages_up_to=None, packages_up_to_regex=None, packages_above=None, packages_above_and_dependencies=None, packages_above_depth=None, packages_select_by_dep=None, packages_skip_by_dep=None, packages_skip_up_to=None, packages_select_build_failed=False, packages_skip_build_finished=False, packages_select_test_failures=False, packages_skip_test_passed=False, packages_select=None, packages_skip=None, packages_select_regex=None, packages_skip_regex=None, packages_start=None, packages_end=None, allow_overriding=[], cmake_args=None, cmake_target=None, cmake_target_skip_unavailable=False, cmake_clean_cache=False, cmake_clean_first=False, cmake_force_configure=False, ament_cmake_args=None, catkin_cmake_args=None, catkin_skip_building_tests=False, verb_parser=<colcon_defaults.argument_parser.defaults.DefaultArgumentsDecorator object at 0x7f8cba8bd9c0>, verb_extension=<colcon_core.verb.build.BuildVerb object at 0x7f8cba8b9810>, main=<bound method BuildVerb.main of <colcon_core.verb.build.BuildVerb object at 0x7f8cba8b9810>>)
[1.248s] Level 1:colcon.colcon_core.package_discovery:discover_packages(colcon_meta) check parameters
[1.248s] Level 1:colcon.colcon_core.package_discovery:discover_packages(recursive) check parameters
[1.248s] Level 1:colcon.colcon_core.package_discovery:discover_packages(ignore) check parameters
[1.248s] Level 1:colcon.colcon_core.package_discovery:discover_packages(path) check parameters
[1.248s] Level 1:colcon.colcon_core.package_discovery:discover_packages(colcon_meta) discover
[1.248s] Level 1:colcon.colcon_core.package_discovery:discover_packages(recursive) discover
[1.248s] INFO:colcon.colcon_core.package_discovery:Crawling recursively for packages in '/home/mperezes/ros2_ws'
[1.249s] Level 1:colcon.colcon_core.package_identification:_identify(.) by extensions ['ignore', 'ignore_ament_install']
[1.249s] Level 1:colcon.colcon_core.package_identification:_identify(.) by extension 'ignore'
[1.249s] Level 1:colcon.colcon_core.package_identification:_identify(.) by extension 'ignore_ament_install'
[1.249s] Level 1:colcon.colcon_core.package_identification:_identify(.) by extensions ['colcon_pkg']
[1.249s] Level 1:colcon.colcon_core.package_identification:_identify(.) by extension 'colcon_pkg'
[1.249s] Level 1:colcon.colcon_core.package_identification:_identify(.) by extensions ['colcon_meta']
[1.249s] Level 1:colcon.colcon_core.package_identification:_identify(.) by extension 'colcon_meta'
[1.249s] Level 1:colcon.colcon_core.package_identification:_identify(.) by extensions ['ros']
[1.249s] Level 1:colcon.colcon_core.package_identification:_identify(.) by extension 'ros'
[1.262s] Level 1:colcon.colcon_core.package_identification:_identify(.) by extensions ['cmake', 'python']
[1.263s] Level 1:colcon.colcon_core.package_identification:_identify(.) by extension 'cmake'
[1.263s] Level 1:colcon.colcon_core.package_identification:_identify(.) by extension 'python'
[1.263s] Level 1:colcon.colcon_core.package_identification:_identify(.) by extensions ['python_setup_py']
[1.263s] Level 1:colcon.colcon_core.package_identification:_identify(.) by extension 'python_setup_py'
[1.263s] Level 1:colcon.colcon_core.package_identification:_identify(build) by extensions ['ignore', 'ignore_ament_install']
[1.263s] Level 1:colcon.colcon_core.package_identification:_identify(build) by extension 'ignore'
[1.263s] Level 1:colcon.colcon_core.package_identification:_identify(build) ignored
[1.263s] Level 1:colcon.colcon_core.package_identification:_identify(install) by extensions ['ignore', 'ignore_ament_install']
[1.263s] Level 1:colcon.colcon_core.package_identification:_identify(install) by extension 'ignore'
[1.263s] Level 1:colcon.colcon_core.package_identification:_identify(install) ignored
[1.263s] Level 1:colcon.colcon_core.package_identification:_identify(log) by extensions ['ignore', 'ignore_ament_install']
[1.263s] Level 1:colcon.colcon_core.package_identification:_identify(log) by extension 'ignore'
[1.263s] Level 1:colcon.colcon_core.package_identification:_identify(log) ignored
[1.264s] Level 1:colcon.colcon_core.package_identification:_identify(src) by extensions ['ignore', 'ignore_ament_install']
[1.264s] Level 1:colcon.colcon_core.package_identification:_identify(src) by extension 'ignore'
[1.264s] Level 1:colcon.colcon_core.package_identification:_identify(src) by extension 'ignore_ament_install'
[1.264s] Level 1:colcon.colcon_core.package_identification:_identify(src) by extensions ['colcon_pkg']
[1.264s] Level 1:colcon.colcon_core.package_identification:_identify(src) by extension 'colcon_pkg'
[1.264s] Level 1:colcon.colcon_core.package_identification:_identify(src) by extensions ['colcon_meta']
[1.264s] Level 1:colcon.colcon_core.package_identification:_identify(src) by extension 'colcon_meta'
[1.264s] Level 1:colcon.colcon_core.package_identification:_identify(src) by extensions ['ros']
[1.264s] Level 1:colcon.colcon_core.package_identification:_identify(src) by extension 'ros'
[1.264s] Level 1:colcon.colcon_core.package_identification:_identify(src) by extensions ['cmake', 'python']
[1.264s] Level 1:colcon.colcon_core.package_identification:_identify(src) by extension 'cmake'
[1.264s] Level 1:colcon.colcon_core.package_identification:_identify(src) by extension 'python'
[1.264s] Level 1:colcon.colcon_core.package_identification:_identify(src) by extensions ['python_setup_py']
[1.264s] Level 1:colcon.colcon_core.package_identification:_identify(src) by extension 'python_setup_py'
[1.264s] Level 1:colcon.colcon_core.package_identification:_identify(src/hola) by extensions ['ignore', 'ignore_ament_install']
[1.264s] Level 1:colcon.colcon_core.package_identification:_identify(src/hola) by extension 'ignore'
[1.264s] Level 1:colcon.colcon_core.package_identification:_identify(src/hola) by extension 'ignore_ament_install'
[1.265s] Level 1:colcon.colcon_core.package_identification:_identify(src/hola) by extensions ['colcon_pkg']
[1.265s] Level 1:colcon.colcon_core.package_identification:_identify(src/hola) by extension 'colcon_pkg'
[1.265s] Level 1:colcon.colcon_core.package_identification:_identify(src/hola) by extensions ['colcon_meta']
[1.265s] Level 1:colcon.colcon_core.package_identification:_identify(src/hola) by extension 'colcon_meta'
[1.265s] Level 1:colcon.colcon_core.package_identification:_identify(src/hola) by extensions ['ros']
[1.265s] Level 1:colcon.colcon_core.package_identification:_identify(src/hola) by extension 'ros'
[1.268s] DEBUG:colcon.colcon_core.package_identification:Package 'src/hola' with type 'ros.ament_python' and name 'hola'
[1.268s] Level 1:colcon.colcon_core.package_identification:_identify(src/ros2_course) by extensions ['ignore', 'ignore_ament_install']
[1.268s] Level 1:colcon.colcon_core.package_identification:_identify(src/ros2_course) by extension 'ignore'
[1.268s] Level 1:colcon.colcon_core.package_identification:_identify(src/ros2_course) by extension 'ignore_ament_install'
[1.268s] Level 1:colcon.colcon_core.package_identification:_identify(src/ros2_course) by extensions ['colcon_pkg']
[1.268s] Level 1:colcon.colcon_core.package_identification:_identify(src/ros2_course) by extension 'colcon_pkg'
[1.268s] Level 1:colcon.colcon_core.package_identification:_identify(src/ros2_course) by extensions ['colcon_meta']
[1.268s] Level 1:colcon.colcon_core.package_identification:_identify(src/ros2_course) by extension 'colcon_meta'
[1.268s] Level 1:colcon.colcon_core.package_identification:_identify(src/ros2_course) by extensions ['ros']
[1.268s] Level 1:colcon.colcon_core.package_identification:_identify(src/ros2_course) by extension 'ros'
[1.269s] DEBUG:colcon.colcon_core.package_identification:Package 'src/ros2_course' with type 'ros.ament_python' and name 'ros2_course'
[1.269s] Level 1:colcon.colcon_core.package_discovery:discover_packages(recursive) using defaults
[1.269s] Level 1:colcon.colcon_core.package_discovery:discover_packages(ignore) discover
[1.269s] Level 1:colcon.colcon_core.package_discovery:discover_packages(ignore) using defaults
[1.269s] Level 1:colcon.colcon_core.package_discovery:discover_packages(path) discover
[1.269s] Level 1:colcon.colcon_core.package_discovery:discover_packages(path) using defaults
[1.375s] Level 1:colcon.colcon_core.package_discovery:discover_packages(prefix_path) check parameters
[1.375s] Level 1:colcon.colcon_core.package_discovery:discover_packages(prefix_path) discover
[1.409s] DEBUG:colcon.colcon_installed_package_information.package_discovery:Found 2 installed packages in /home/mperezes/ros2_ws/install
[1.428s] DEBUG:colcon.colcon_installed_package_information.package_discovery:Found 273 installed packages in /opt/ros/humble
[1.430s] Level 1:colcon.colcon_core.package_discovery:discover_packages(prefix_path) using defaults
[1.541s] Level 5:colcon.colcon_core.verb:set package 'hola' build argument 'cmake_args' from command line to 'None'
[1.541s] Level 5:colcon.colcon_core.verb:set package 'hola' build argument 'cmake_target' from command line to 'None'
[1.541s] Level 5:colcon.colcon_core.verb:set package 'hola' build argument 'cmake_target_skip_unavailable' from command line to 'False'
[1.541s] Level 5:colcon.colcon_core.verb:set package 'hola' build argument 'cmake_clean_cache' from command line to 'False'
[1.541s] Level 5:colcon.colcon_core.verb:set package 'hola' build argument 'cmake_clean_first' from command line to 'False'
[1.541s] Level 5:colcon.colcon_core.verb:set package 'hola' build argument 'cmake_force_configure' from command line to 'False'
[1.541s] Level 5:colcon.colcon_core.verb:set package 'hola' build argument 'ament_cmake_args' from command line to 'None'
[1.541s] Level 5:colcon.colcon_core.verb:set package 'hola' build argument 'catkin_cmake_args' from command line to 'None'
[1.541s] Level 5:colcon.colcon_core.verb:set package 'hola' build argument 'catkin_skip_building_tests' from command line to 'False'
[1.541s] DEBUG:colcon.colcon_core.verb:Building package 'hola' with the following arguments: {'ament_cmake_args': None, 'build_base': '/home/mperezes/ros2_ws/build/hola', 'catkin_cmake_args': None, 'catkin_skip_building_tests': False, 'cmake_args': None, 'cmake_clean_cache': False, 'cmake_clean_first': False, 'cmake_force_configure': False, 'cmake_target': None, 'cmake_target_skip_unavailable': False, 'install_base': '/home/mperezes/ros2_ws/install/hola', 'merge_install': False, 'path': '/home/mperezes/ros2_ws/src/hola', 'symlink_install': True, 'test_result_base': None}
[1.558s] Level 5:colcon.colcon_core.verb:set package 'ros2_course' build argument 'cmake_args' from command line to 'None'
[1.558s] Level 5:colcon.colcon_core.verb:set package 'ros2_course' build argument 'cmake_target' from command line to 'None'
[1.558s] Level 5:colcon.colcon_core.verb:set package 'ros2_course' build argument 'cmake_target_skip_unavailable' from command line to 'False'
[1.558s] Level 5:colcon.colcon_core.verb:set package 'ros2_course' build argument 'cmake_clean_cache' from command line to 'False'
[1.558s] Level 5:colcon.colcon_core.verb:set package 'ros2_course' build argument 'cmake_clean_first' from command line to 'False'
[1.558s] Level 5:colcon.colcon_core.verb:set package 'ros2_course' build argument 'cmake_force_configure' from command line to 'False'
[1.558s] Level 5:colcon.colcon_core.verb:set package 'ros2_course' build argument 'ament_cmake_args' from command line to 'None'
[1.558s] Level 5:colcon.colcon_core.verb:set package 'ros2_course' build argument 'catkin_cmake_args' from command line to 'None'
[1.558s] Level 5:colcon.colcon_core.verb:set package 'ros2_course' build argument 'catkin_skip_building_tests' from command line to 'False'
[1.558s] DEBUG:colcon.colcon_core.verb:Building package 'ros2_course' with the following arguments: {'ament_cmake_args': None, 'build_base': '/home/mperezes/ros2_ws/build/ros2_course', 'catkin_cmake_args': None, 'catkin_skip_building_tests': False, 'cmake_args': None, 'cmake_clean_cache': False, 'cmake_clean_first': False, 'cmake_force_configure': False, 'cmake_target': None, 'cmake_target_skip_unavailable': False, 'install_base': '/home/mperezes/ros2_ws/install/ros2_course', 'merge_install': False, 'path': '/home/mperezes/ros2_ws/src/ros2_course', 'symlink_install': True, 'test_result_base': None}
[1.574s] INFO:colcon.colcon_core.executor:Executing jobs using 'parallel' executor
[1.592s] DEBUG:colcon.colcon_parallel_executor.executor.parallel:run_until_complete
[1.592s] INFO:colcon.colcon_ros.task.ament_python.build:Building ROS package in '/home/mperezes/ros2_ws/src/hola' with build type 'ament_python'
[1.592s] Level 1:colcon.colcon_core.shell:create_environment_hook('hola', 'ament_prefix_path')
[1.614s] INFO:colcon.colcon_core.plugin_system:Skipping extension 'colcon_core.shell.bat': Not used on non-Windows systems
[1.622s] INFO:colcon.colcon_core.shell:Creating environment hook '/home/mperezes/ros2_ws/install/hola/share/hola/hook/ament_prefix_path.ps1'
[1.629s] INFO:colcon.colcon_core.shell:Creating environment descriptor '/home/mperezes/ros2_ws/install/hola/share/hola/hook/ament_prefix_path.dsv'
[1.631s] INFO:colcon.colcon_core.shell:Creating environment hook '/home/mperezes/ros2_ws/install/hola/share/hola/hook/ament_prefix_path.sh'
[1.655s] INFO:colcon.colcon_core.shell:Skip shell extension 'powershell' for command environment: Not usable outside of PowerShell
[1.655s] DEBUG:colcon.colcon_core.shell:Skip shell extension 'dsv' for command environment
[1.709s] INFO:colcon.colcon_ros.task.ament_python.build:Building ROS package in '/home/mperezes/ros2_ws/src/ros2_course' with build type 'ament_python'
[1.709s] Level 1:colcon.colcon_core.shell:create_environment_hook('ros2_course', 'ament_prefix_path')
[1.730s] INFO:colcon.colcon_core.shell:Creating environment hook '/home/mperezes/ros2_ws/install/ros2_course/share/ros2_course/hook/ament_prefix_path.ps1'
[1.731s] INFO:colcon.colcon_core.shell:Creating environment descriptor '/home/mperezes/ros2_ws/install/ros2_course/share/ros2_course/hook/ament_prefix_path.dsv'
[1.732s] INFO:colcon.colcon_core.shell:Creating environment hook '/home/mperezes/ros2_ws/install/ros2_course/share/ros2_course/hook/ament_prefix_path.sh'
[1.751s] INFO:colcon.colcon_core.shell:Skip shell extension 'powershell' for command environment: Not usable outside of PowerShell
[1.752s] DEBUG:colcon.colcon_core.shell:Skip shell extension 'dsv' for command environment
[2.154s] INFO:colcon.colcon_core.task.python.build:Building Python package in '/home/mperezes/ros2_ws/src/hola'
[2.175s] INFO:colcon.colcon_core.shell:Skip shell extension 'powershell' for command environment: Not usable outside of PowerShell
[2.175s] DEBUG:colcon.colcon_core.shell:Skip shell extension 'dsv' for command environment
[2.580s] INFO:colcon.colcon_core.task.python.build:Building Python package in '/home/mperezes/ros2_ws/src/ros2_course'
[2.597s] INFO:colcon.colcon_core.shell:Skip shell extension 'powershell' for command environment: Not usable outside of PowerShell
[2.597s] DEBUG:colcon.colcon_core.shell:Skip shell extension 'dsv' for command environment
[3.149s] DEBUG:colcon.colcon_core.event_handler.log_command:Invoking command in '/home/mperezes/ros2_ws/build/ros2_course': PYTHONPATH=/home/mperezes/ros2_ws/build/ros2_course/prefix_override:/home/mperezes/ros2_ws/install/ros2_course/lib/python3.10/site-packages:${PYTHONPATH} /usr/bin/python3 setup.py develop --editable --build-directory /home/mperezes/ros2_ws/build/ros2_course/build --no-deps install_data
[3.154s] DEBUG:colcon.colcon_core.event_handler.log_command:Invoking command in '/home/mperezes/ros2_ws/build/hola': PYTHONPATH=/home/mperezes/ros2_ws/build/hola/prefix_override:/home/mperezes/ros2_ws/install/hola/lib/python3.10/site-packages:${PYTHONPATH} /usr/bin/python3 setup.py develop --editable --build-directory /home/mperezes/ros2_ws/build/hola/build --no-deps install_data
[3.755s] Level 1:colcon.colcon_core.shell:create_environment_hook('hola', 'pythonpath_develop')
[3.756s] DEBUG:colcon.colcon_core.event_handler.log_command:Invoked command in '/home/mperezes/ros2_ws/build/hola' returned '0': PYTHONPATH=/home/mperezes/ros2_ws/build/hola/prefix_override:/home/mperezes/ros2_ws/install/hola/lib/python3.10/site-packages:${PYTHONPATH} /usr/bin/python3 setup.py develop --editable --build-directory /home/mperezes/ros2_ws/build/hola/build --no-deps install_data
[3.773s] INFO:colcon.colcon_core.shell:Creating environment hook '/home/mperezes/ros2_ws/build/hola/share/hola/hook/pythonpath_develop.ps1'
[3.773s] INFO:colcon.colcon_core.shell:Creating environment descriptor '/home/mperezes/ros2_ws/build/hola/share/hola/hook/pythonpath_develop.dsv'
[3.774s] INFO:colcon.colcon_core.shell:Creating environment hook '/home/mperezes/ros2_ws/build/hola/share/hola/hook/pythonpath_develop.sh'
[3.793s] Level 1:colcon.colcon_core.environment:checking '/home/mperezes/ros2_ws/install/hola' for CMake module files
[3.794s] Level 1:colcon.colcon_core.environment:checking '/home/mperezes/ros2_ws/install/hola' for CMake config files
[3.794s] Level 1:colcon.colcon_core.environment:checking '/home/mperezes/ros2_ws/install/hola/lib'
[3.795s] Level 1:colcon.colcon_core.environment:checking '/home/mperezes/ros2_ws/install/hola/bin'
[3.795s] Level 1:colcon.colcon_core.environment:checking '/home/mperezes/ros2_ws/install/hola/lib/pkgconfig/hola.pc'
[3.795s] Level 1:colcon.colcon_core.environment:checking '/home/mperezes/ros2_ws/install/hola/lib/python3.10/site-packages'
[3.795s] Level 1:colcon.colcon_core.shell:create_environment_hook('hola', 'pythonpath')
[3.815s] INFO:colcon.colcon_core.shell:Creating environment hook '/home/mperezes/ros2_ws/install/hola/share/hola/hook/pythonpath.ps1'
[3.815s] INFO:colcon.colcon_core.shell:Creating environment descriptor '/home/mperezes/ros2_ws/install/hola/share/hola/hook/pythonpath.dsv'
[3.816s] INFO:colcon.colcon_core.shell:Creating environment hook '/home/mperezes/ros2_ws/install/hola/share/hola/hook/pythonpath.sh'
[3.816s] Level 1:colcon.colcon_core.environment:checking '/home/mperezes/ros2_ws/install/hola/bin'
[3.816s] Level 1:colcon.colcon_core.environment:create_environment_scripts_only(hola)
[3.833s] INFO:colcon.colcon_core.shell:Creating package script '/home/mperezes/ros2_ws/install/hola/share/hola/package.ps1'
[3.834s] INFO:colcon.colcon_core.shell:Creating package descriptor '/home/mperezes/ros2_ws/install/hola/share/hola/package.dsv'
[3.835s] INFO:colcon.colcon_core.shell:Creating package script '/home/mperezes/ros2_ws/install/hola/share/hola/package.sh'
[3.836s] INFO:colcon.colcon_core.shell:Creating package script '/home/mperezes/ros2_ws/install/hola/share/hola/package.bash'
[3.836s] INFO:colcon.colcon_core.shell:Creating package script '/home/mperezes/ros2_ws/install/hola/share/hola/package.zsh'
[3.837s] Level 1:colcon.colcon_core.environment:create_file_with_runtime_dependencies(/home/mperezes/ros2_ws/install/hola/share/colcon-core/packages/hola)
[3.839s] Level 1:colcon.colcon_core.shell:create_environment_hook('ros2_course', 'pythonpath_develop')
[3.842s] DEBUG:colcon.colcon_core.event_handler.log_command:Invoked command in '/home/mperezes/ros2_ws/build/ros2_course' returned '0': PYTHONPATH=/home/mperezes/ros2_ws/build/ros2_course/prefix_override:/home/mperezes/ros2_ws/install/ros2_course/lib/python3.10/site-packages:${PYTHONPATH} /usr/bin/python3 setup.py develop --editable --build-directory /home/mperezes/ros2_ws/build/ros2_course/build --no-deps install_data
[3.858s] INFO:colcon.colcon_core.shell:Creating environment hook '/home/mperezes/ros2_ws/build/ros2_course/share/ros2_course/hook/pythonpath_develop.ps1'
[3.858s] INFO:colcon.colcon_core.shell:Creating environment descriptor '/home/mperezes/ros2_ws/build/ros2_course/share/ros2_course/hook/pythonpath_develop.dsv'
[3.859s] INFO:colcon.colcon_core.shell:Creating environment hook '/home/mperezes/ros2_ws/build/ros2_course/share/ros2_course/hook/pythonpath_develop.sh'
[3.880s] Level 1:colcon.colcon_core.environment:checking '/home/mperezes/ros2_ws/install/ros2_course' for CMake module files
[3.881s] Level 1:colcon.colcon_core.environment:checking '/home/mperezes/ros2_ws/install/ros2_course' for CMake config files
[3.881s] Level 1:colcon.colcon_core.environment:checking '/home/mperezes/ros2_ws/install/ros2_course/lib'
[3.881s] Level 1:colcon.colcon_core.environment:checking '/home/mperezes/ros2_ws/install/ros2_course/bin'
[3.881s] Level 1:colcon.colcon_core.environment:checking '/home/mperezes/ros2_ws/install/ros2_course/lib/pkgconfig/ros2_course.pc'
[3.882s] Level 1:colcon.colcon_core.environment:checking '/home/mperezes/ros2_ws/install/ros2_course/lib/python3.10/site-packages'
[3.882s] Level 1:colcon.colcon_core.shell:create_environment_hook('ros2_course', 'pythonpath')
[3.901s] INFO:colcon.colcon_core.shell:Creating environment hook '/home/mperezes/ros2_ws/install/ros2_course/share/ros2_course/hook/pythonpath.ps1'
[3.902s] INFO:colcon.colcon_core.shell:Creating environment descriptor '/home/mperezes/ros2_ws/install/ros2_course/share/ros2_course/hook/pythonpath.dsv'
[3.902s] INFO:colcon.colcon_core.shell:Creating environment hook '/home/mperezes/ros2_ws/install/ros2_course/share/ros2_course/hook/pythonpath.sh'
[3.903s] Level 1:colcon.colcon_core.environment:checking '/home/mperezes/ros2_ws/install/ros2_course/bin'
[3.903s] Level 1:colcon.colcon_core.environment:create_environment_scripts_only(ros2_course)
[3.920s] INFO:colcon.colcon_core.shell:Creating package script '/home/mperezes/ros2_ws/install/ros2_course/share/ros2_course/package.ps1'
[3.921s] INFO:colcon.colcon_core.shell:Creating package descriptor '/home/mperezes/ros2_ws/install/ros2_course/share/ros2_course/package.dsv'
[3.921s] INFO:colcon.colcon_core.shell:Creating package script '/home/mperezes/ros2_ws/install/ros2_course/share/ros2_course/package.sh'
[3.922s] INFO:colcon.colcon_core.shell:Creating package script '/home/mperezes/ros2_ws/install/ros2_course/share/ros2_course/package.bash'
[3.923s] INFO:colcon.colcon_core.shell:Creating package script '/home/mperezes/ros2_ws/install/ros2_course/share/ros2_course/package.zsh'
[3.923s] Level 1:colcon.colcon_core.environment:create_file_with_runtime_dependencies(/home/mperezes/ros2_ws/install/ros2_course/share/colcon-core/packages/ros2_course)
[3.924s] DEBUG:colcon.colcon_parallel_executor.executor.parallel:closing loop
[3.924s] DEBUG:colcon.colcon_parallel_executor.executor.parallel:loop closed
[3.924s] DEBUG:colcon.colcon_parallel_executor.executor.parallel:run_until_complete finished with '0'
[3.924s] DEBUG:colcon.colcon_core.event_reactor:joining thread
[3.948s] INFO:colcon.colcon_core.plugin_system:Skipping extension 'colcon_notification.desktop_notification.terminal_notifier': Not used on non-Darwin systems
[3.948s] INFO:colcon.colcon_core.plugin_system:Skipping extension 'colcon_notification.desktop_notification.win32': Not used on non-Windows systems
[3.948s] INFO:colcon.colcon_notification.desktop_notification:Sending desktop notification using 'notify2'
[3.963s] DEBUG:colcon.colcon_core.event_reactor:joined thread
[3.985s] INFO:colcon.colcon_core.shell:Creating prefix script '/home/mperezes/ros2_ws/install/local_setup.ps1'
[3.987s] INFO:colcon.colcon_core.shell:Creating prefix util module '/home/mperezes/ros2_ws/install/_local_setup_util_ps1.py'
[3.990s] INFO:colcon.colcon_core.shell:Creating prefix chain script '/home/mperezes/ros2_ws/install/setup.ps1'
[4.010s] INFO:colcon.colcon_core.shell:Creating prefix script '/home/mperezes/ros2_ws/install/local_setup.sh'
[4.011s] INFO:colcon.colcon_core.shell:Creating prefix util module '/home/mperezes/ros2_ws/install/_local_setup_util_sh.py'
[4.017s] INFO:colcon.colcon_core.shell:Creating prefix chain script '/home/mperezes/ros2_ws/install/setup.sh'
[4.055s] INFO:colcon.colcon_core.shell:Creating prefix script '/home/mperezes/ros2_ws/install/local_setup.bash'
[4.056s] INFO:colcon.colcon_core.shell:Creating prefix chain script '/home/mperezes/ros2_ws/install/setup.bash'
[4.098s] INFO:colcon.colcon_core.shell:Creating prefix script '/home/mperezes/ros2_ws/install/local_setup.zsh'
[4.099s] INFO:colcon.colcon_core.shell:Creating prefix chain script '/home/mperezes/ros2_ws/install/setup.zsh'
