[1.588s] Invoking command in '/home/mperezes/ros2_ws/build/hola': PYTHONPATH=/home/mperezes/ros2_ws/build/hola/prefix_override:/home/mperezes/ros2_ws/install/hola/lib/python3.10/site-packages:${PYTHONPATH} /usr/bin/python3 setup.py develop --editable --build-directory /home/mperezes/ros2_ws/build/hola/build --no-deps install_data
[1.943s] running develop
[1.943s] /usr/lib/python3/dist-packages/setuptools/command/easy_install.py:158: EasyInstallDeprecationWarning: easy_install command is deprecated. Use build and pip and other standards-based tools.
[1.943s]   warnings.warn(
[1.945s] /usr/lib/python3/dist-packages/setuptools/command/install.py:34: SetuptoolsDeprecationWarning: setup.py install is deprecated. Use build and pip and other standards-based tools.
[1.945s]   warnings.warn(
[2.186s] running egg_info
[2.186s] writing hola.egg-info/PKG-INFO
[2.187s] writing dependency_links to hola.egg-info/dependency_links.txt
[2.187s] writing entry points to hola.egg-info/entry_points.txt
[2.187s] writing requirements to hola.egg-info/requires.txt
[2.187s] writing top-level names to hola.egg-info/top_level.txt
[2.188s] reading manifest file 'hola.egg-info/SOURCES.txt'
[2.189s] writing manifest file 'hola.egg-info/SOURCES.txt'
[2.191s] running build_ext
[2.191s] Creating /home/mperezes/ros2_ws/install/hola/lib/python3.10/site-packages/hola.egg-link (link to .)
[2.201s] 
[2.203s] Installed /home/mperezes/ros2_ws/build/hola
[2.205s] running install_data
[2.269s] Invoked command in '/home/mperezes/ros2_ws/build/hola' returned '0': PYTHONPATH=/home/mperezes/ros2_ws/build/hola/prefix_override:/home/mperezes/ros2_ws/install/hola/lib/python3.10/site-packages:${PYTHONPATH} /usr/bin/python3 setup.py develop --editable --build-directory /home/mperezes/ros2_ws/build/hola/build --no-deps install_data
