[0.000000] (-) TimerEvent: {}
[0.000094] (hola) JobQueued: {'identifier': 'hola', 'dependencies': OrderedDict()}
[0.000125] (ros2_course) JobQueued: {'identifier': 'ros2_course', 'dependencies': OrderedDict()}
[0.000981] (hola) JobStarted: {'identifier': 'hola'}
[0.099735] (-) TimerEvent: {}
[0.117618] (ros2_course) JobStarted: {'identifier': 'ros2_course'}
[0.201649] (-) TimerEvent: {}
[0.302778] (-) TimerEvent: {}
[0.403341] (-) TimerEvent: {}
[0.504025] (-) TimerEvent: {}
[0.605222] (-) TimerEvent: {}
[0.708931] (-) TimerEvent: {}
[0.809501] (-) TimerEvent: {}
[0.910354] (-) TimerEvent: {}
[1.010763] (-) TimerEvent: {}
[1.111019] (-) TimerEvent: {}
[1.213231] (-) TimerEvent: {}
[1.313846] (-) TimerEvent: {}
[1.343194] (ros2_course) Command: {'cmd': ['/usr/bin/python3', 'setup.py', 'develop', '--uninstall', '--editable', '--build-directory', '/home/mperezes/ros2_ws/build/ros2_course/build'], 'cwd': '/home/mperezes/ros2_ws/build/ros2_course', 'env': {'GJS_DEBUG_TOPICS': 'JS ERROR;JS LOG', 'LANGUAGE': 'es:en_US:en', 'LC_TIME': 'es_ES.UTF-8', 'USER': 'mperezes', 'XDG_SESSION_TYPE': 'wayland', 'LD_LIBRARY_PATH': '/opt/ros/humble/opt/rviz_ogre_vendor/lib:/opt/ros/humble/lib/x86_64-linux-gnu:/opt/ros/humble/lib', 'SHLVL': '4', 'HOME': '/home/mperezes', 'DESKTOP_SESSION': 'ubuntu', 'QTDIR': '/usr/lib/x86_64-linux-gnu/qt5', 'GIO_LAUNCHED_DESKTOP_FILE': '/usr/share/applications/QtProject-qtcreator-ros-latest.desktop', 'GNOME_SHELL_SESSION_MODE': 'ubuntu', 'GTK_MODULES': 'gail:atk-bridge', 'ROS_PYTHON_VERSION': '3', 'LC_MONETARY': 'es_ES.UTF-8', 'MANAGERPID': '1419', 'DBUS_SESSION_BUS_ADDRESS': 'unix:path=/run/user/1000/bus', 'IM_CONFIG_CHECK_ENV': '1', 'SYSTEMD_EXEC_PID': '59589', 'GIO_LAUNCHED_DESKTOP_FILE_PID': '61214', 'COLCON_PREFIX_PATH': '/home/mperezes/ros2_ws/install', 'IM_CONFIG_PHASE': '1', 'ROS_DISTRO': 'humble', 'WAYLAND_DISPLAY': 'wayland-0', 'LOGNAME': 'mperezes', 'JOURNAL_STREAM': '8:156815', '_': '/usr/bin/env', 'ROS_VERSION': '2', 'XDG_SESSION_CLASS': 'user', 'TERM': 'xterm', 'USERNAME': 'mperezes', 'GNOME_DESKTOP_SESSION_ID': 'this-is-deprecated', 'ROS_LOCALHOST_ONLY': '0', 'PATH': '/opt/ros/humble/bin:/usr/local/sbin:/usr/local/bin:/usr/sbin:/usr/bin:/sbin:/bin:/usr/games:/usr/local/games:/snap/bin:/snap/bin', 'INVOCATION_ID': '6e8d1b0e90584df5a89c7c0faa13850a', 'PAPERSIZE': 'a4', 'SESSION_MANAGER': 'local/Ubuntu:@/tmp/.ICE-unix/59566,unix/Ubuntu:/tmp/.ICE-unix/59566', 'GNOME_SETUP_DISPLAY': ':1', 'LC_ADDRESS': 'es_ES.UTF-8', 'XDG_MENU_PREFIX': 'gnome-', 'XDG_RUNTIME_DIR': '/run/user/1000', 'DISPLAY': ':0', 'LANG': 'es_ES.UTF-8', 'LC_TELEPHONE': 'es_ES.UTF-8', 'XDG_CURRENT_DESKTOP': 'ubuntu:GNOME', 'XAUTHORITY': '/run/user/1000/.mutter-Xwaylandauth.0JZBC2', 'XDG_SESSION_DESKTOP': 'ubuntu', 'XMODIFIERS': '@im=ibus', 'AMENT_PREFIX_PATH': '/home/mperezes/ros2_ws/install/ros2_course:/home/mperezes/ros2_ws/install/hola:/opt/ros/humble', 'SSH_AGENT_LAUNCHER': 'gnome-keyring', 'SSH_AUTH_SOCK': '/run/user/1000/keyring/ssh', 'LC_NAME': 'es_ES.UTF-8', 'SHELL': '/bin/bash', 'GDMSESSION': 'ubuntu', 'QT_ACCESSIBILITY': '1', 'LC_MEASUREMENT': 'es_ES.UTF-8', 'GJS_DEBUG_OUTPUT': 'stderr', 'LC_IDENTIFICATION': 'es_ES.UTF-8', 'QT_IM_MODULE': 'ibus', 'LC_ALL': 'C', 'PWD': '/home/mperezes/ros2_ws/build/ros2_course', 'XDG_CONFIG_DIRS': '/etc/xdg/xdg-ubuntu:/etc/xdg', 'XDG_DATA_DIRS': '/usr/share/ubuntu:/usr/local/share/:/usr/share/:/var/lib/snapd/desktop', 'LC_NUMERIC': 'es_ES.UTF-8', 'PYTHONPATH': '/home/mperezes/ros2_ws/build/ros2_course/prefix_override:/home/mperezes/ros2_ws/install/ros2_course/lib/python3.10/site-packages:/home/mperezes/ros2_ws/build/ros2_course:/home/mperezes/ros2_ws/install/ros2_course/lib/python3.10/site-packages:/home/mperezes/ros2_ws/build/hola:/home/mperezes/ros2_ws/install/hola/lib/python3.10/site-packages:/opt/ros/humble/lib/python3.10/site-packages:/opt/ros/humble/local/lib/python3.10/dist-packages', 'LC_PAPER': 'es_ES.UTF-8', 'COLCON': '1'}, 'shell': False}
[1.345069] (hola) Command: {'cmd': ['/usr/bin/python3', 'setup.py', 'develop', '--uninstall', '--editable', '--build-directory', '/home/mperezes/ros2_ws/build/hola/build'], 'cwd': '/home/mperezes/ros2_ws/build/hola', 'env': {'GJS_DEBUG_TOPICS': 'JS ERROR;JS LOG', 'LANGUAGE': 'es:en_US:en', 'LC_TIME': 'es_ES.UTF-8', 'USER': 'mperezes', 'XDG_SESSION_TYPE': 'wayland', 'LD_LIBRARY_PATH': '/opt/ros/humble/opt/rviz_ogre_vendor/lib:/opt/ros/humble/lib/x86_64-linux-gnu:/opt/ros/humble/lib', 'SHLVL': '4', 'HOME': '/home/mperezes', 'DESKTOP_SESSION': 'ubuntu', 'QTDIR': '/usr/lib/x86_64-linux-gnu/qt5', 'GIO_LAUNCHED_DESKTOP_FILE': '/usr/share/applications/QtProject-qtcreator-ros-latest.desktop', 'GNOME_SHELL_SESSION_MODE': 'ubuntu', 'GTK_MODULES': 'gail:atk-bridge', 'ROS_PYTHON_VERSION': '3', 'LC_MONETARY': 'es_ES.UTF-8', 'MANAGERPID': '1419', 'DBUS_SESSION_BUS_ADDRESS': 'unix:path=/run/user/1000/bus', 'IM_CONFIG_CHECK_ENV': '1', 'SYSTEMD_EXEC_PID': '59589', 'GIO_LAUNCHED_DESKTOP_FILE_PID': '61214', 'COLCON_PREFIX_PATH': '/home/mperezes/ros2_ws/install', 'IM_CONFIG_PHASE': '1', 'ROS_DISTRO': 'humble', 'WAYLAND_DISPLAY': 'wayland-0', 'LOGNAME': 'mperezes', 'JOURNAL_STREAM': '8:156815', '_': '/usr/bin/env', 'ROS_VERSION': '2', 'XDG_SESSION_CLASS': 'user', 'TERM': 'xterm', 'USERNAME': 'mperezes', 'GNOME_DESKTOP_SESSION_ID': 'this-is-deprecated', 'ROS_LOCALHOST_ONLY': '0', 'PATH': '/opt/ros/humble/bin:/usr/local/sbin:/usr/local/bin:/usr/sbin:/usr/bin:/sbin:/bin:/usr/games:/usr/local/games:/snap/bin:/snap/bin', 'INVOCATION_ID': '6e8d1b0e90584df5a89c7c0faa13850a', 'PAPERSIZE': 'a4', 'SESSION_MANAGER': 'local/Ubuntu:@/tmp/.ICE-unix/59566,unix/Ubuntu:/tmp/.ICE-unix/59566', 'GNOME_SETUP_DISPLAY': ':1', 'LC_ADDRESS': 'es_ES.UTF-8', 'XDG_MENU_PREFIX': 'gnome-', 'XDG_RUNTIME_DIR': '/run/user/1000', 'DISPLAY': ':0', 'LANG': 'es_ES.UTF-8', 'LC_TELEPHONE': 'es_ES.UTF-8', 'XDG_CURRENT_DESKTOP': 'ubuntu:GNOME', 'XAUTHORITY': '/run/user/1000/.mutter-Xwaylandauth.0JZBC2', 'XDG_SESSION_DESKTOP': 'ubuntu', 'XMODIFIERS': '@im=ibus', 'AMENT_PREFIX_PATH': '/home/mperezes/ros2_ws/install/ros2_course:/home/mperezes/ros2_ws/install/hola:/opt/ros/humble', 'SSH_AGENT_LAUNCHER': 'gnome-keyring', 'SSH_AUTH_SOCK': '/run/user/1000/keyring/ssh', 'LC_NAME': 'es_ES.UTF-8', 'SHELL': '/bin/bash', 'GDMSESSION': 'ubuntu', 'QT_ACCESSIBILITY': '1', 'LC_MEASUREMENT': 'es_ES.UTF-8', 'GJS_DEBUG_OUTPUT': 'stderr', 'LC_IDENTIFICATION': 'es_ES.UTF-8', 'QT_IM_MODULE': 'ibus', 'LC_ALL': 'C', 'PWD': '/home/mperezes/ros2_ws/build/hola', 'XDG_CONFIG_DIRS': '/etc/xdg/xdg-ubuntu:/etc/xdg', 'XDG_DATA_DIRS': '/usr/share/ubuntu:/usr/local/share/:/usr/share/:/var/lib/snapd/desktop', 'LC_NUMERIC': 'es_ES.UTF-8', 'PYTHONPATH': '/home/mperezes/ros2_ws/build/hola/prefix_override:/home/mperezes/ros2_ws/install/hola/lib/python3.10/site-packages:/home/mperezes/ros2_ws/build/ros2_course:/home/mperezes/ros2_ws/install/ros2_course/lib/python3.10/site-packages:/home/mperezes/ros2_ws/build/hola:/home/mperezes/ros2_ws/install/hola/lib/python3.10/site-packages:/opt/ros/humble/lib/python3.10/site-packages:/opt/ros/humble/local/lib/python3.10/dist-packages', 'LC_PAPER': 'es_ES.UTF-8', 'COLCON': '1'}, 'shell': False}
[1.414792] (-) TimerEvent: {}
[1.515498] (-) TimerEvent: {}
[1.616369] (-) TimerEvent: {}
[1.642955] (ros2_course) StdoutLine: {'line': b'running develop\n'}
[1.643401] (ros2_course) StderrLine: {'line': b'/usr/lib/python3/dist-packages/setuptools/command/easy_install.py:158: EasyInstallDeprecationWarning: easy_install command is deprecated. Use build and pip and other standards-based tools.\n'}
[1.643600] (ros2_course) StderrLine: {'line': b'  warnings.warn(\n'}
[1.645092] (ros2_course) StderrLine: {'line': b'/usr/lib/python3/dist-packages/setuptools/command/install.py:34: SetuptoolsDeprecationWarning: setup.py install is deprecated. Use build and pip and other standards-based tools.\n'}
[1.645610] (ros2_course) StderrLine: {'line': b'  warnings.warn(\n'}
[1.645769] (hola) StdoutLine: {'line': b'running develop\n'}
[1.646025] (hola) StderrLine: {'line': b'/usr/lib/python3/dist-packages/setuptools/command/easy_install.py:158: EasyInstallDeprecationWarning: easy_install command is deprecated. Use build and pip and other standards-based tools.\n'}
[1.646197] (hola) StderrLine: {'line': b'  warnings.warn(\n'}
[1.647060] (hola) StderrLine: {'line': b'/usr/lib/python3/dist-packages/setuptools/command/install.py:34: SetuptoolsDeprecationWarning: setup.py install is deprecated. Use build and pip and other standards-based tools.\n'}
[1.647256] (hola) StderrLine: {'line': b'  warnings.warn(\n'}
[1.716572] (-) TimerEvent: {}
[1.817155] (-) TimerEvent: {}
[1.819444] (ros2_course) StdoutLine: {'line': b'Removing /home/mperezes/ros2_ws/install/ros2_course/lib/python3.10/site-packages/ros2-course.egg-link (link to .)\n'}
[1.824469] (hola) StdoutLine: {'line': b'Removing /home/mperezes/ros2_ws/install/hola/lib/python3.10/site-packages/hola.egg-link (link to .)\n'}
[1.871473] (ros2_course) CommandEnded: {'returncode': 0}
[1.873140] (ros2_course) Command: {'cmd': ['/usr/bin/python3', 'setup.py', 'egg_info', '--egg-base', '../../build/ros2_course', 'build', '--build-base', '/home/mperezes/ros2_ws/build/ros2_course/build', 'install', '--record', '/home/mperezes/ros2_ws/build/ros2_course/install.log', '--single-version-externally-managed'], 'cwd': '/home/mperezes/ros2_ws/src/ros2_course', 'env': {'GJS_DEBUG_TOPICS': 'JS ERROR;JS LOG', 'LANGUAGE': 'es:en_US:en', 'LC_TIME': 'es_ES.UTF-8', 'USER': 'mperezes', 'XDG_SESSION_TYPE': 'wayland', 'LD_LIBRARY_PATH': '/opt/ros/humble/opt/rviz_ogre_vendor/lib:/opt/ros/humble/lib/x86_64-linux-gnu:/opt/ros/humble/lib', 'SHLVL': '4', 'HOME': '/home/mperezes', 'DESKTOP_SESSION': 'ubuntu', 'QTDIR': '/usr/lib/x86_64-linux-gnu/qt5', 'GIO_LAUNCHED_DESKTOP_FILE': '/usr/share/applications/QtProject-qtcreator-ros-latest.desktop', 'GNOME_SHELL_SESSION_MODE': 'ubuntu', 'GTK_MODULES': 'gail:atk-bridge', 'ROS_PYTHON_VERSION': '3', 'LC_MONETARY': 'es_ES.UTF-8', 'MANAGERPID': '1419', 'DBUS_SESSION_BUS_ADDRESS': 'unix:path=/run/user/1000/bus', 'IM_CONFIG_CHECK_ENV': '1', 'SYSTEMD_EXEC_PID': '59589', 'GIO_LAUNCHED_DESKTOP_FILE_PID': '61214', 'COLCON_PREFIX_PATH': '/home/mperezes/ros2_ws/install', 'IM_CONFIG_PHASE': '1', 'ROS_DISTRO': 'humble', 'WAYLAND_DISPLAY': 'wayland-0', 'LOGNAME': 'mperezes', 'JOURNAL_STREAM': '8:156815', '_': '/usr/bin/env', 'ROS_VERSION': '2', 'XDG_SESSION_CLASS': 'user', 'TERM': 'xterm', 'USERNAME': 'mperezes', 'GNOME_DESKTOP_SESSION_ID': 'this-is-deprecated', 'ROS_LOCALHOST_ONLY': '0', 'PATH': '/opt/ros/humble/bin:/usr/local/sbin:/usr/local/bin:/usr/sbin:/usr/bin:/sbin:/bin:/usr/games:/usr/local/games:/snap/bin:/snap/bin', 'INVOCATION_ID': '6e8d1b0e90584df5a89c7c0faa13850a', 'PAPERSIZE': 'a4', 'SESSION_MANAGER': 'local/Ubuntu:@/tmp/.ICE-unix/59566,unix/Ubuntu:/tmp/.ICE-unix/59566', 'GNOME_SETUP_DISPLAY': ':1', 'LC_ADDRESS': 'es_ES.UTF-8', 'XDG_MENU_PREFIX': 'gnome-', 'XDG_RUNTIME_DIR': '/run/user/1000', 'DISPLAY': ':0', 'LANG': 'es_ES.UTF-8', 'LC_TELEPHONE': 'es_ES.UTF-8', 'XDG_CURRENT_DESKTOP': 'ubuntu:GNOME', 'XAUTHORITY': '/run/user/1000/.mutter-Xwaylandauth.0JZBC2', 'XDG_SESSION_DESKTOP': 'ubuntu', 'XMODIFIERS': '@im=ibus', 'AMENT_PREFIX_PATH': '/home/mperezes/ros2_ws/install/ros2_course:/home/mperezes/ros2_ws/install/hola:/opt/ros/humble', 'SSH_AGENT_LAUNCHER': 'gnome-keyring', 'SSH_AUTH_SOCK': '/run/user/1000/keyring/ssh', 'LC_NAME': 'es_ES.UTF-8', 'SHELL': '/bin/bash', 'GDMSESSION': 'ubuntu', 'QT_ACCESSIBILITY': '1', 'LC_MEASUREMENT': 'es_ES.UTF-8', 'GJS_DEBUG_OUTPUT': 'stderr', 'LC_IDENTIFICATION': 'es_ES.UTF-8', 'QT_IM_MODULE': 'ibus', 'LC_ALL': 'C', 'PWD': '/home/mperezes/ros2_ws/build/ros2_course', 'XDG_CONFIG_DIRS': '/etc/xdg/xdg-ubuntu:/etc/xdg', 'XDG_DATA_DIRS': '/usr/share/ubuntu:/usr/local/share/:/usr/share/:/var/lib/snapd/desktop', 'LC_NUMERIC': 'es_ES.UTF-8', 'PYTHONPATH': '/home/mperezes/ros2_ws/build/ros2_course/prefix_override:/home/mperezes/ros2_ws/install/ros2_course/lib/python3.10/site-packages:/home/mperezes/ros2_ws/build/ros2_course:/home/mperezes/ros2_ws/install/ros2_course/lib/python3.10/site-packages:/home/mperezes/ros2_ws/build/hola:/home/mperezes/ros2_ws/install/hola/lib/python3.10/site-packages:/opt/ros/humble/lib/python3.10/site-packages:/opt/ros/humble/local/lib/python3.10/dist-packages', 'LC_PAPER': 'es_ES.UTF-8', 'COLCON': '1'}, 'shell': False}
[1.876369] (hola) CommandEnded: {'returncode': 0}
[1.878700] (hola) Command: {'cmd': ['/usr/bin/python3', 'setup.py', 'egg_info', '--egg-base', '../../build/hola', 'build', '--build-base', '/home/mperezes/ros2_ws/build/hola/build', 'install', '--record', '/home/mperezes/ros2_ws/build/hola/install.log', '--single-version-externally-managed'], 'cwd': '/home/mperezes/ros2_ws/src/hola', 'env': {'GJS_DEBUG_TOPICS': 'JS ERROR;JS LOG', 'LANGUAGE': 'es:en_US:en', 'LC_TIME': 'es_ES.UTF-8', 'USER': 'mperezes', 'XDG_SESSION_TYPE': 'wayland', 'LD_LIBRARY_PATH': '/opt/ros/humble/opt/rviz_ogre_vendor/lib:/opt/ros/humble/lib/x86_64-linux-gnu:/opt/ros/humble/lib', 'SHLVL': '4', 'HOME': '/home/mperezes', 'DESKTOP_SESSION': 'ubuntu', 'QTDIR': '/usr/lib/x86_64-linux-gnu/qt5', 'GIO_LAUNCHED_DESKTOP_FILE': '/usr/share/applications/QtProject-qtcreator-ros-latest.desktop', 'GNOME_SHELL_SESSION_MODE': 'ubuntu', 'GTK_MODULES': 'gail:atk-bridge', 'ROS_PYTHON_VERSION': '3', 'LC_MONETARY': 'es_ES.UTF-8', 'MANAGERPID': '1419', 'DBUS_SESSION_BUS_ADDRESS': 'unix:path=/run/user/1000/bus', 'IM_CONFIG_CHECK_ENV': '1', 'SYSTEMD_EXEC_PID': '59589', 'GIO_LAUNCHED_DESKTOP_FILE_PID': '61214', 'COLCON_PREFIX_PATH': '/home/mperezes/ros2_ws/install', 'IM_CONFIG_PHASE': '1', 'ROS_DISTRO': 'humble', 'WAYLAND_DISPLAY': 'wayland-0', 'LOGNAME': 'mperezes', 'JOURNAL_STREAM': '8:156815', '_': '/usr/bin/env', 'ROS_VERSION': '2', 'XDG_SESSION_CLASS': 'user', 'TERM': 'xterm', 'USERNAME': 'mperezes', 'GNOME_DESKTOP_SESSION_ID': 'this-is-deprecated', 'ROS_LOCALHOST_ONLY': '0', 'PATH': '/opt/ros/humble/bin:/usr/local/sbin:/usr/local/bin:/usr/sbin:/usr/bin:/sbin:/bin:/usr/games:/usr/local/games:/snap/bin:/snap/bin', 'INVOCATION_ID': '6e8d1b0e90584df5a89c7c0faa13850a', 'PAPERSIZE': 'a4', 'SESSION_MANAGER': 'local/Ubuntu:@/tmp/.ICE-unix/59566,unix/Ubuntu:/tmp/.ICE-unix/59566', 'GNOME_SETUP_DISPLAY': ':1', 'LC_ADDRESS': 'es_ES.UTF-8', 'XDG_MENU_PREFIX': 'gnome-', 'XDG_RUNTIME_DIR': '/run/user/1000', 'DISPLAY': ':0', 'LANG': 'es_ES.UTF-8', 'LC_TELEPHONE': 'es_ES.UTF-8', 'XDG_CURRENT_DESKTOP': 'ubuntu:GNOME', 'XAUTHORITY': '/run/user/1000/.mutter-Xwaylandauth.0JZBC2', 'XDG_SESSION_DESKTOP': 'ubuntu', 'XMODIFIERS': '@im=ibus', 'AMENT_PREFIX_PATH': '/home/mperezes/ros2_ws/install/ros2_course:/home/mperezes/ros2_ws/install/hola:/opt/ros/humble', 'SSH_AGENT_LAUNCHER': 'gnome-keyring', 'SSH_AUTH_SOCK': '/run/user/1000/keyring/ssh', 'LC_NAME': 'es_ES.UTF-8', 'SHELL': '/bin/bash', 'GDMSESSION': 'ubuntu', 'QT_ACCESSIBILITY': '1', 'LC_MEASUREMENT': 'es_ES.UTF-8', 'GJS_DEBUG_OUTPUT': 'stderr', 'LC_IDENTIFICATION': 'es_ES.UTF-8', 'QT_IM_MODULE': 'ibus', 'LC_ALL': 'C', 'PWD': '/home/mperezes/ros2_ws/build/hola', 'XDG_CONFIG_DIRS': '/etc/xdg/xdg-ubuntu:/etc/xdg', 'XDG_DATA_DIRS': '/usr/share/ubuntu:/usr/local/share/:/usr/share/:/var/lib/snapd/desktop', 'LC_NUMERIC': 'es_ES.UTF-8', 'PYTHONPATH': '/home/mperezes/ros2_ws/build/hola/prefix_override:/home/mperezes/ros2_ws/install/hola/lib/python3.10/site-packages:/home/mperezes/ros2_ws/build/ros2_course:/home/mperezes/ros2_ws/install/ros2_course/lib/python3.10/site-packages:/home/mperezes/ros2_ws/build/hola:/home/mperezes/ros2_ws/install/hola/lib/python3.10/site-packages:/opt/ros/humble/lib/python3.10/site-packages:/opt/ros/humble/local/lib/python3.10/dist-packages', 'LC_PAPER': 'es_ES.UTF-8', 'COLCON': '1'}, 'shell': False}
[1.917411] (-) TimerEvent: {}
[2.018568] (-) TimerEvent: {}
[2.118833] (-) TimerEvent: {}
[2.143988] (ros2_course) StdoutLine: {'line': b'running egg_info\n'}
[2.144707] (ros2_course) StdoutLine: {'line': b'writing ../../build/ros2_course/ros2_course.egg-info/PKG-INFO\n'}
[2.145125] (ros2_course) StdoutLine: {'line': b'writing dependency_links to ../../build/ros2_course/ros2_course.egg-info/dependency_links.txt\n'}
[2.145596] (ros2_course) StdoutLine: {'line': b'writing entry points to ../../build/ros2_course/ros2_course.egg-info/entry_points.txt\n'}
[2.145936] (ros2_course) StdoutLine: {'line': b'writing requirements to ../../build/ros2_course/ros2_course.egg-info/requires.txt\n'}
[2.146226] (ros2_course) StdoutLine: {'line': b'writing top-level names to ../../build/ros2_course/ros2_course.egg-info/top_level.txt\n'}
[2.149082] (ros2_course) StdoutLine: {'line': b"reading manifest file '../../build/ros2_course/ros2_course.egg-info/SOURCES.txt'\n"}
[2.150209] (ros2_course) StdoutLine: {'line': b"writing manifest file '../../build/ros2_course/ros2_course.egg-info/SOURCES.txt'\n"}
[2.150516] (ros2_course) StdoutLine: {'line': b'running build\n'}
[2.150765] (ros2_course) StdoutLine: {'line': b'running build_py\n'}
[2.150955] (ros2_course) StdoutLine: {'line': b'creating /home/mperezes/ros2_ws/build/ros2_course/build\n'}
[2.151088] (ros2_course) StdoutLine: {'line': b'creating /home/mperezes/ros2_ws/build/ros2_course/build/lib\n'}
[2.151310] (ros2_course) StdoutLine: {'line': b'creating /home/mperezes/ros2_ws/build/ros2_course/build/lib/ros2_course\n'}
[2.151364] (ros2_course) StdoutLine: {'line': b'copying ros2_course/hello.py -> /home/mperezes/ros2_ws/build/ros2_course/build/lib/ros2_course\n'}
[2.151479] (ros2_course) StdoutLine: {'line': b'copying ros2_course/__init__.py -> /home/mperezes/ros2_ws/build/ros2_course/build/lib/ros2_course\n'}
[2.151645] (ros2_course) StdoutLine: {'line': b'running install\n'}
[2.151694] (ros2_course) StderrLine: {'line': b'/usr/lib/python3/dist-packages/setuptools/command/install.py:34: SetuptoolsDeprecationWarning: setup.py install is deprecated. Use build and pip and other standards-based tools.\n'}
[2.151741] (ros2_course) StderrLine: {'line': b'  warnings.warn(\n'}
[2.151786] (ros2_course) StdoutLine: {'line': b'running install_lib\n'}
[2.152433] (ros2_course) StdoutLine: {'line': b'creating /home/mperezes/ros2_ws/install/ros2_course/lib/python3.10/site-packages/ros2_course\n'}
[2.152677] (ros2_course) StdoutLine: {'line': b'copying /home/mperezes/ros2_ws/build/ros2_course/build/lib/ros2_course/hello.py -> /home/mperezes/ros2_ws/install/ros2_course/lib/python3.10/site-packages/ros2_course\n'}
[2.152753] (ros2_course) StdoutLine: {'line': b'copying /home/mperezes/ros2_ws/build/ros2_course/build/lib/ros2_course/__init__.py -> /home/mperezes/ros2_ws/install/ros2_course/lib/python3.10/site-packages/ros2_course\n'}
[2.153240] (ros2_course) StdoutLine: {'line': b'byte-compiling /home/mperezes/ros2_ws/install/ros2_course/lib/python3.10/site-packages/ros2_course/hello.py to hello.cpython-310.pyc\n'}
[2.153592] (ros2_course) StdoutLine: {'line': b'byte-compiling /home/mperezes/ros2_ws/install/ros2_course/lib/python3.10/site-packages/ros2_course/__init__.py to __init__.cpython-310.pyc\n'}
[2.154027] (ros2_course) StdoutLine: {'line': b'running install_data\n'}
[2.154840] (ros2_course) StdoutLine: {'line': b'running install_egg_info\n'}
[2.155693] (hola) StdoutLine: {'line': b'running egg_info\n'}
[2.156679] (hola) StdoutLine: {'line': b'writing ../../build/hola/hola.egg-info/PKG-INFO\n'}
[2.156851] (ros2_course) StdoutLine: {'line': b'Copying ../../build/ros2_course/ros2_course.egg-info to /home/mperezes/ros2_ws/install/ros2_course/lib/python3.10/site-packages/ros2_course-0.0.0-py3.10.egg-info\n'}
[2.157510] (hola) StdoutLine: {'line': b'writing dependency_links to ../../build/hola/hola.egg-info/dependency_links.txt\n'}
[2.157829] (hola) StdoutLine: {'line': b'writing entry points to ../../build/hola/hola.egg-info/entry_points.txt\n'}
[2.157890] (hola) StdoutLine: {'line': b'writing requirements to ../../build/hola/hola.egg-info/requires.txt\n'}
[2.157930] (hola) StdoutLine: {'line': b'writing top-level names to ../../build/hola/hola.egg-info/top_level.txt\n'}
[2.157968] (ros2_course) StdoutLine: {'line': b'running install_scripts\n'}
[2.160005] (hola) StdoutLine: {'line': b"reading manifest file '../../build/hola/hola.egg-info/SOURCES.txt'\n"}
[2.161178] (hola) StdoutLine: {'line': b"writing manifest file '../../build/hola/hola.egg-info/SOURCES.txt'\n"}
[2.161513] (hola) StdoutLine: {'line': b'running build\n'}
[2.161680] (hola) StdoutLine: {'line': b'running build_py\n'}
[2.162053] (hola) StdoutLine: {'line': b'creating /home/mperezes/ros2_ws/build/hola/build\n'}
[2.162126] (hola) StdoutLine: {'line': b'creating /home/mperezes/ros2_ws/build/hola/build/lib\n'}
[2.162165] (hola) StdoutLine: {'line': b'creating /home/mperezes/ros2_ws/build/hola/build/lib/hola\n'}
[2.162204] (hola) StdoutLine: {'line': b'copying hola/__init__.py -> /home/mperezes/ros2_ws/build/hola/build/lib/hola\n'}
[2.162244] (hola) StdoutLine: {'line': b'running install\n'}
[2.162465] (hola) StderrLine: {'line': b'/usr/lib/python3/dist-packages/setuptools/command/install.py:34: SetuptoolsDeprecationWarning: setup.py install is deprecated. Use build and pip and other standards-based tools.\n'}
[2.162522] (hola) StderrLine: {'line': b'  warnings.warn(\n'}
[2.162561] (hola) StdoutLine: {'line': b'running install_lib\n'}
[2.163398] (hola) StdoutLine: {'line': b'creating /home/mperezes/ros2_ws/install/hola/lib/python3.10/site-packages/hola\n'}
[2.163624] (hola) StdoutLine: {'line': b'copying /home/mperezes/ros2_ws/build/hola/build/lib/hola/__init__.py -> /home/mperezes/ros2_ws/install/hola/lib/python3.10/site-packages/hola\n'}
[2.164189] (hola) StdoutLine: {'line': b'byte-compiling /home/mperezes/ros2_ws/install/hola/lib/python3.10/site-packages/hola/__init__.py to __init__.cpython-310.pyc\n'}
[2.164463] (hola) StdoutLine: {'line': b'running install_data\n'}
[2.165361] (hola) StdoutLine: {'line': b'running install_egg_info\n'}
[2.167393] (hola) StdoutLine: {'line': b'Copying ../../build/hola/hola.egg-info to /home/mperezes/ros2_ws/install/hola/lib/python3.10/site-packages/hola-0.0.0-py3.10.egg-info\n'}
[2.168097] (hola) StdoutLine: {'line': b'running install_scripts\n'}
[2.184110] (ros2_course) StdoutLine: {'line': b'Installing hello script to /home/mperezes/ros2_ws/install/ros2_course/lib/ros2_course\n'}
[2.184804] (ros2_course) StdoutLine: {'line': b'Installing listener script to /home/mperezes/ros2_ws/install/ros2_course/lib/ros2_course\n'}
[2.185041] (ros2_course) StdoutLine: {'line': b'Installing talker script to /home/mperezes/ros2_ws/install/ros2_course/lib/ros2_course\n'}
[2.185171] (ros2_course) StdoutLine: {'line': b"writing list of installed files to '/home/mperezes/ros2_ws/build/ros2_course/install.log'\n"}
[2.194677] (hola) StdoutLine: {'line': b"writing list of installed files to '/home/mperezes/ros2_ws/build/hola/install.log'\n"}
[2.219257] (-) TimerEvent: {}
[2.230366] (ros2_course) CommandEnded: {'returncode': 0}
[2.291786] (ros2_course) JobEnded: {'identifier': 'ros2_course', 'rc': 0}
[2.293968] (hola) CommandEnded: {'returncode': 0}
[2.319530] (-) TimerEvent: {}
[2.353590] (hola) JobEnded: {'identifier': 'hola', 'rc': 0}
[2.354192] (-) EventReactorShutdown: {}
