running develop
running egg_info
creating hola.egg-info
writing hola.egg-info/PKG-INFO
writing dependency_links to hola.egg-info/dependency_links.txt
writing entry points to hola.egg-info/entry_points.txt
writing requirements to hola.egg-info/requires.txt
writing top-level names to hola.egg-info/top_level.txt
writing manifest file 'hola.egg-info/SOURCES.txt'
reading manifest file 'hola.egg-info/SOURCES.txt'
writing manifest file 'hola.egg-info/SOURCES.txt'
running build_ext
Creating /home/mperezes/ros2_ws/install/hola/lib/python3.10/site-packages/hola.egg-link (link to .)

Installed /home/mperezes/ros2_ws/build/hola
running install_data
creating /home/mperezes/ros2_ws/install/hola/share/ament_index
creating /home/mperezes/ros2_ws/install/hola/share/ament_index/resource_index
creating /home/mperezes/ros2_ws/install/hola/share/ament_index/resource_index/packages
copying resource/hola -> /home/mperezes/ros2_ws/install/hola/share/ament_index/resource_index/packages
copying package.xml -> /home/mperezes/ros2_ws/install/hola/share/hola
