[2.360s] Invoking command in '/home/mperezes/ros2_ws/build/ros2_course': PYTHONPATH=/home/mperezes/ros2_ws/build/ros2_course/prefix_override:/home/mperezes/ros2_ws/install/ros2_course/lib/python3.10/site-packages:${PYTHONPATH} /usr/bin/python3 setup.py develop --editable --build-directory /home/mperezes/ros2_ws/build/ros2_course/build --no-deps install_data
[2.651s] running develop
[2.656s] /usr/lib/python3/dist-packages/setuptools/command/easy_install.py:158: EasyInstallDeprecationWarning: easy_install command is deprecated. Use build and pip and other standards-based tools.
[2.656s]   warnings.warn(
[2.658s] /usr/lib/python3/dist-packages/setuptools/command/install.py:34: SetuptoolsDeprecationWarning: setup.py install is deprecated. Use build and pip and other standards-based tools.
[2.659s]   warnings.warn(
[2.852s] running egg_info
[2.854s] writing ros2_course.egg-info/PKG-INFO
[2.854s] writing dependency_links to ros2_course.egg-info/dependency_links.txt
[2.854s] writing entry points to ros2_course.egg-info/entry_points.txt
[2.855s] writing requirements to ros2_course.egg-info/requires.txt
[2.855s] writing top-level names to ros2_course.egg-info/top_level.txt
[2.857s] reading manifest file 'ros2_course.egg-info/SOURCES.txt'
[2.860s] writing manifest file 'ros2_course.egg-info/SOURCES.txt'
[2.862s] running build_ext
[2.862s] Creating /home/mperezes/ros2_ws/install/ros2_course/lib/python3.10/site-packages/ros2-course.egg-link (link to .)
[2.863s] Installing dummy_marker script to /home/mperezes/ros2_ws/install/ros2_course/lib/ros2_course
[2.864s] Installing hello script to /home/mperezes/ros2_ws/install/ros2_course/lib/ros2_course
[2.864s] Installing listener script to /home/mperezes/ros2_ws/install/ros2_course/lib/ros2_course
[2.864s] Installing psm_grasp script to /home/mperezes/ros2_ws/install/ros2_course/lib/ros2_course
[2.864s] Installing talker script to /home/mperezes/ros2_ws/install/ros2_course/lib/ros2_course
[2.864s] Installing topic_latcher script to /home/mperezes/ros2_ws/install/ros2_course/lib/ros2_course
[2.865s] Installing turtlesim_controller script to /home/mperezes/ros2_ws/install/ros2_course/lib/ros2_course
[2.866s] 
[2.866s] Installed /home/mperezes/ros2_ws/build/ros2_course
[2.866s] running install_data
[2.934s] Invoked command in '/home/mperezes/ros2_ws/build/ros2_course' returned '0': PYTHONPATH=/home/mperezes/ros2_ws/build/ros2_course/prefix_override:/home/mperezes/ros2_ws/install/ros2_course/lib/python3.10/site-packages:${PYTHONPATH} /usr/bin/python3 setup.py develop --editable --build-directory /home/mperezes/ros2_ws/build/ros2_course/build --no-deps install_data
