[2.249s] Invoking command in '/home/mperezes/ros2_ws/build/ros2_course': PYTHONPATH=/home/mperezes/ros2_ws/build/ros2_course/prefix_override:/home/mperezes/ros2_ws/install/ros2_course/lib/python3.10/site-packages:${PYTHONPATH} /usr/bin/python3 setup.py develop --editable --build-directory /home/mperezes/ros2_ws/build/ros2_course/build --no-deps install_data
[2.781s] running develop
[2.781s] /usr/lib/python3/dist-packages/setuptools/command/easy_install.py:158: EasyInstallDeprecationWarning: easy_install command is deprecated. Use build and pip and other standards-based tools.
[2.781s]   warnings.warn(
[2.783s] /usr/lib/python3/dist-packages/setuptools/command/install.py:34: SetuptoolsDeprecationWarning: setup.py install is deprecated. Use build and pip and other standards-based tools.
[2.783s]   warnings.warn(
[3.024s] running egg_info
[3.024s] writing ros2_course.egg-info/PKG-INFO
[3.025s] writing dependency_links to ros2_course.egg-info/dependency_links.txt
[3.025s] writing entry points to ros2_course.egg-info/entry_points.txt
[3.025s] writing requirements to ros2_course.egg-info/requires.txt
[3.025s] writing top-level names to ros2_course.egg-info/top_level.txt
[3.028s] reading manifest file 'ros2_course.egg-info/SOURCES.txt'
[3.029s] writing manifest file 'ros2_course.egg-info/SOURCES.txt'
[3.032s] running build_ext
[3.033s] Creating /home/mperezes/ros2_ws/install/ros2_course/lib/python3.10/site-packages/ros2-course.egg-link (link to .)
[3.033s] Installing hello script to /home/mperezes/ros2_ws/install/ros2_course/lib/ros2_course
[3.033s] Installing listener script to /home/mperezes/ros2_ws/install/ros2_course/lib/ros2_course
[3.034s] Installing talker script to /home/mperezes/ros2_ws/install/ros2_course/lib/ros2_course
[3.034s] Installing turtlesim_controller script to /home/mperezes/ros2_ws/install/ros2_course/lib/ros2_course
[3.034s] 
[3.034s] Installed /home/mperezes/ros2_ws/build/ros2_course
[3.034s] running install_data
[3.115s] Invoked command in '/home/mperezes/ros2_ws/build/ros2_course' returned '0': PYTHONPATH=/home/mperezes/ros2_ws/build/ros2_course/prefix_override:/home/mperezes/ros2_ws/install/ros2_course/lib/python3.10/site-packages:${PYTHONPATH} /usr/bin/python3 setup.py develop --editable --build-directory /home/mperezes/ros2_ws/build/ros2_course/build --no-deps install_data
