[1.369s] Invoking command in '/home/mperezes/ros2_ws/build/ros2_course': PYTHONPATH=/home/mperezes/ros2_ws/build/ros2_course/prefix_override:/home/mperezes/ros2_ws/install/ros2_course/lib/python3.10/site-packages:${PYTHONPATH} /usr/bin/python3 setup.py develop --editable --build-directory /home/mperezes/ros2_ws/build/ros2_course/build --no-deps install_data
[1.682s] running develop
[1.683s] /usr/lib/python3/dist-packages/setuptools/command/easy_install.py:158: EasyInstallDeprecationWarning: easy_install command is deprecated. Use build and pip and other standards-based tools.
[1.683s]   warnings.warn(
[1.684s] /usr/lib/python3/dist-packages/setuptools/command/install.py:34: SetuptoolsDeprecationWarning: setup.py install is deprecated. Use build and pip and other standards-based tools.
[1.684s]   warnings.warn(
[1.866s] running egg_info
[1.866s] writing ros2_course.egg-info/PKG-INFO
[1.867s] writing dependency_links to ros2_course.egg-info/dependency_links.txt
[1.868s] writing entry points to ros2_course.egg-info/entry_points.txt
[1.868s] writing requirements to ros2_course.egg-info/requires.txt
[1.868s] writing top-level names to ros2_course.egg-info/top_level.txt
[1.871s] reading manifest file 'ros2_course.egg-info/SOURCES.txt'
[1.874s] writing manifest file 'ros2_course.egg-info/SOURCES.txt'
[1.875s] running build_ext
[1.877s] Creating /home/mperezes/ros2_ws/install/ros2_course/lib/python3.10/site-packages/ros2-course.egg-link (link to .)
[1.879s] Installing dummy_marker script to /home/mperezes/ros2_ws/install/ros2_course/lib/ros2_course
[1.879s] Installing hello script to /home/mperezes/ros2_ws/install/ros2_course/lib/ros2_course
[1.881s] Installing listener script to /home/mperezes/ros2_ws/install/ros2_course/lib/ros2_course
[1.881s] Installing psm_grasp script to /home/mperezes/ros2_ws/install/ros2_course/lib/ros2_course
[1.881s] Installing talker script to /home/mperezes/ros2_ws/install/ros2_course/lib/ros2_course
[1.881s] Installing topic_latcher script to /home/mperezes/ros2_ws/install/ros2_course/lib/ros2_course
[1.881s] Installing turtlesim_controller script to /home/mperezes/ros2_ws/install/ros2_course/lib/ros2_course
[1.881s] 
[1.881s] Installed /home/mperezes/ros2_ws/build/ros2_course
[1.881s] running install_data
[1.881s] copying launch/view_ur.launch.py -> /home/mperezes/ros2_ws/install/ros2_course/share/ros2_course
[2.026s] Invoked command in '/home/mperezes/ros2_ws/build/ros2_course' returned '0': PYTHONPATH=/home/mperezes/ros2_ws/build/ros2_course/prefix_override:/home/mperezes/ros2_ws/install/ros2_course/lib/python3.10/site-packages:${PYTHONPATH} /usr/bin/python3 setup.py develop --editable --build-directory /home/mperezes/ros2_ws/build/ros2_course/build --no-deps install_data
