running develop
/usr/lib/python3/dist-packages/setuptools/command/easy_install.py:158: EasyInstallDeprecationWarning: easy_install command is deprecated. Use build and pip and other standards-based tools.
  warnings.warn(
/usr/lib/python3/dist-packages/setuptools/command/install.py:34: SetuptoolsDeprecationWarning: setup.py install is deprecated. Use build and pip and other standards-based tools.
  warnings.warn(
Removing /home/mperezes/ros2_ws/install/hola/lib/python3.10/site-packages/hola.egg-link (link to .)
running egg_info
writing ../../build/hola/hola.egg-info/PKG-INFO
writing dependency_links to ../../build/hola/hola.egg-info/dependency_links.txt
writing entry points to ../../build/hola/hola.egg-info/entry_points.txt
writing requirements to ../../build/hola/hola.egg-info/requires.txt
writing top-level names to ../../build/hola/hola.egg-info/top_level.txt
reading manifest file '../../build/hola/hola.egg-info/SOURCES.txt'
writing manifest file '../../build/hola/hola.egg-info/SOURCES.txt'
running build
running build_py
creating /home/mperezes/ros2_ws/build/hola/build
creating /home/mperezes/ros2_ws/build/hola/build/lib
creating /home/mperezes/ros2_ws/build/hola/build/lib/hola
copying hola/__init__.py -> /home/mperezes/ros2_ws/build/hola/build/lib/hola
running install
/usr/lib/python3/dist-packages/setuptools/command/install.py:34: SetuptoolsDeprecationWarning: setup.py install is deprecated. Use build and pip and other standards-based tools.
  warnings.warn(
running install_lib
creating /home/mperezes/ros2_ws/install/hola/lib/python3.10/site-packages/hola
copying /home/mperezes/ros2_ws/build/hola/build/lib/hola/__init__.py -> /home/mperezes/ros2_ws/install/hola/lib/python3.10/site-packages/hola
byte-compiling /home/mperezes/ros2_ws/install/hola/lib/python3.10/site-packages/hola/__init__.py to __init__.cpython-310.pyc
running install_data
running install_egg_info
Copying ../../build/hola/hola.egg-info to /home/mperezes/ros2_ws/install/hola/lib/python3.10/site-packages/hola-0.0.0-py3.10.egg-info
running install_scripts
writing list of installed files to '/home/mperezes/ros2_ws/build/hola/install.log'
