[1.384s] Invoking command in '/home/mperezes/ros2_ws/build/hola': PYTHONPATH=/home/mperezes/ros2_ws/build/hola/prefix_override:/home/mperezes/ros2_ws/install/hola/lib/python3.10/site-packages:${PYTHONPATH} /usr/bin/python3 setup.py develop --editable --build-directory /home/mperezes/ros2_ws/build/hola/build --no-deps install_data
[1.759s] running develop
[1.759s] /usr/lib/python3/dist-packages/setuptools/command/easy_install.py:158: EasyInstallDeprecationWarning: easy_install command is deprecated. Use build and pip and other standards-based tools.
[1.759s]   warnings.warn(
[1.762s] /usr/lib/python3/dist-packages/setuptools/command/install.py:34: SetuptoolsDeprecationWarning: setup.py install is deprecated. Use build and pip and other standards-based tools.
[1.762s]   warnings.warn(
[1.958s] running egg_info
[1.958s] writing hola.egg-info/PKG-INFO
[1.958s] writing dependency_links to hola.egg-info/dependency_links.txt
[1.958s] writing entry points to hola.egg-info/entry_points.txt
[1.959s] writing requirements to hola.egg-info/requires.txt
[1.959s] writing top-level names to hola.egg-info/top_level.txt
[1.961s] reading manifest file 'hola.egg-info/SOURCES.txt'
[1.962s] writing manifest file 'hola.egg-info/SOURCES.txt'
[1.964s] running build_ext
[1.964s] Creating /home/mperezes/ros2_ws/install/hola/lib/python3.10/site-packages/hola.egg-link (link to .)
[1.965s] 
[1.965s] Installed /home/mperezes/ros2_ws/build/hola
[1.965s] running install_data
[2.021s] Invoked command in '/home/mperezes/ros2_ws/build/hola' returned '0': PYTHONPATH=/home/mperezes/ros2_ws/build/hola/prefix_override:/home/mperezes/ros2_ws/install/hola/lib/python3.10/site-packages:${PYTHONPATH} /usr/bin/python3 setup.py develop --editable --build-directory /home/mperezes/ros2_ws/build/hola/build --no-deps install_data
