[2.313s] Invoking command in '/home/mperezes/ros2_ws/build/hola': PYTHONPATH=/home/mperezes/ros2_ws/build/hola/prefix_override:/home/mperezes/ros2_ws/install/hola/lib/python3.10/site-packages:${PYTHONPATH} /usr/bin/python3 setup.py develop --editable --build-directory /home/mperezes/ros2_ws/build/hola/build --no-deps install_data
[2.700s] running develop
[2.700s] /usr/lib/python3/dist-packages/setuptools/command/easy_install.py:158: EasyInstallDeprecationWarning: easy_install command is deprecated. Use build and pip and other standards-based tools.
[2.700s]   warnings.warn(
[2.702s] /usr/lib/python3/dist-packages/setuptools/command/install.py:34: SetuptoolsDeprecationWarning: setup.py install is deprecated. Use build and pip and other standards-based tools.
[2.702s]   warnings.warn(
[2.973s] running egg_info
[2.974s] writing hola.egg-info/PKG-INFO
[2.974s] writing dependency_links to hola.egg-info/dependency_links.txt
[2.974s] writing entry points to hola.egg-info/entry_points.txt
[2.974s] writing requirements to hola.egg-info/requires.txt
[2.974s] writing top-level names to hola.egg-info/top_level.txt
[2.977s] reading manifest file 'hola.egg-info/SOURCES.txt'
[2.977s] writing manifest file 'hola.egg-info/SOURCES.txt'
[2.979s] running build_ext
[2.980s] Creating /home/mperezes/ros2_ws/install/hola/lib/python3.10/site-packages/hola.egg-link (link to .)
[2.981s] 
[2.981s] Installed /home/mperezes/ros2_ws/build/hola
[2.981s] running install_data
[3.036s] Invoked command in '/home/mperezes/ros2_ws/build/hola' returned '0': PYTHONPATH=/home/mperezes/ros2_ws/build/hola/prefix_override:/home/mperezes/ros2_ws/install/hola/lib/python3.10/site-packages:${PYTHONPATH} /usr/bin/python3 setup.py develop --editable --build-directory /home/mperezes/ros2_ws/build/hola/build --no-deps install_data
