[1.252s] Invoking command in '/home/mperezes/ros2_ws/build/ros2_course': PYTHONPATH=/home/mperezes/ros2_ws/build/ros2_course/prefix_override:/home/mperezes/ros2_ws/install/ros2_course/lib/python3.10/site-packages:${PYTHONPATH} /usr/bin/python3 setup.py develop --editable --build-directory /home/mperezes/ros2_ws/build/ros2_course/build --no-deps install_data
[1.562s] running develop
[1.562s] /usr/lib/python3/dist-packages/setuptools/command/easy_install.py:158: EasyInstallDeprecationWarning: easy_install command is deprecated. Use build and pip and other standards-based tools.
[1.562s]   warnings.warn(
[1.564s] /usr/lib/python3/dist-packages/setuptools/command/install.py:34: SetuptoolsDeprecationWarning: setup.py install is deprecated. Use build and pip and other standards-based tools.
[1.564s]   warnings.warn(
[1.743s] running egg_info
[1.743s] writing ros2_course.egg-info/PKG-INFO
[1.743s] writing dependency_links to ros2_course.egg-info/dependency_links.txt
[1.744s] writing entry points to ros2_course.egg-info/entry_points.txt
[1.744s] writing requirements to ros2_course.egg-info/requires.txt
[1.744s] writing top-level names to ros2_course.egg-info/top_level.txt
[1.746s] reading manifest file 'ros2_course.egg-info/SOURCES.txt'
[1.747s] writing manifest file 'ros2_course.egg-info/SOURCES.txt'
[1.749s] running build_ext
[1.749s] Creating /home/mperezes/ros2_ws/install/ros2_course/lib/python3.10/site-packages/ros2-course.egg-link (link to .)
[1.750s] Installing hello script to /home/mperezes/ros2_ws/install/ros2_course/lib/ros2_course
[1.751s] Installing listener script to /home/mperezes/ros2_ws/install/ros2_course/lib/ros2_course
[1.751s] Installing talker script to /home/mperezes/ros2_ws/install/ros2_course/lib/ros2_course
[1.751s] 
[1.751s] Installed /home/mperezes/ros2_ws/build/ros2_course
[1.751s] running install_data
[1.895s] Invoked command in '/home/mperezes/ros2_ws/build/ros2_course' returned '0': PYTHONPATH=/home/mperezes/ros2_ws/build/ros2_course/prefix_override:/home/mperezes/ros2_ws/install/ros2_course/lib/python3.10/site-packages:${PYTHONPATH} /usr/bin/python3 setup.py develop --editable --build-directory /home/mperezes/ros2_ws/build/ros2_course/build --no-deps install_data
