[0.000000] (-) TimerEvent: {}
[0.000205] (hola) JobQueued: {'identifier': 'hola', 'dependencies': OrderedDict()}
[0.000935] (ros2_course) JobQueued: {'identifier': 'ros2_course', 'dependencies': OrderedDict()}
[0.000983] (hola) JobStarted: {'identifier': 'hola'}
[0.088716] (ros2_course) JobStarted: {'identifier': 'ros2_course'}
[0.099604] (-) TimerEvent: {}
[0.200476] (-) TimerEvent: {}
[0.301130] (-) TimerEvent: {}
[0.401825] (-) TimerEvent: {}
[0.502546] (-) TimerEvent: {}
[0.603619] (-) TimerEvent: {}
[0.703890] (-) TimerEvent: {}
[0.805575] (-) TimerEvent: {}
[0.909228] (-) TimerEvent: {}
[1.009493] (-) TimerEvent: {}
[1.110185] (-) TimerEvent: {}
[1.210852] (-) TimerEvent: {}
[1.311396] (-) TimerEvent: {}
[1.376564] (hola) Command: {'cmd': ['/usr/bin/python3', 'setup.py', 'develop', '--uninstall', '--editable', '--build-directory', '/home/mperezes/ros2_ws/build/hola/build'], 'cwd': '/home/mperezes/ros2_ws/build/hola', 'env': {'GJS_DEBUG_TOPICS': 'JS ERROR;JS LOG', 'LANGUAGE': 'es:en_US:en', 'LC_TIME': 'es_ES.UTF-8', 'USER': 'mperezes', 'XDG_SESSION_TYPE': 'wayland', 'LD_LIBRARY_PATH': '/opt/ros/humble/opt/rviz_ogre_vendor/lib:/opt/ros/humble/lib/x86_64-linux-gnu:/opt/ros/humble/lib', 'SHLVL': '10', 'HOME': '/home/mperezes', 'DESKTOP_SESSION': 'ubuntu', 'QTDIR': '/usr/lib/x86_64-linux-gnu/qt5', 'GIO_LAUNCHED_DESKTOP_FILE': '/usr/share/applications/QtProject-qtcreator-ros-latest.desktop', 'GNOME_SHELL_SESSION_MODE': 'ubuntu', 'GTK_MODULES': 'gail:atk-bridge', 'ROS_PYTHON_VERSION': '3', 'LC_MONETARY': 'es_ES.UTF-8', 'MANAGERPID': '1345', 'DBUS_SESSION_BUS_ADDRESS': 'unix:path=/run/user/1000/bus', 'SYSTEMD_EXEC_PID': '1523', 'GIO_LAUNCHED_DESKTOP_FILE_PID': '3550', 'COLCON_PREFIX_PATH': '/home/mperezes/ros2_ws/install', 'IM_CONFIG_PHASE': '1', 'ROS_DISTRO': 'humble', 'WAYLAND_DISPLAY': 'wayland-0', 'LOGNAME': 'mperezes', 'JOURNAL_STREAM': '8:25914', '_': '/usr/bin/env', 'ROS_VERSION': '2', 'XDG_SESSION_CLASS': 'user', 'TERM': 'xterm', 'USERNAME': 'mperezes', 'GNOME_DESKTOP_SESSION_ID': 'this-is-deprecated', 'ROS_LOCALHOST_ONLY': '0', 'PATH': '/opt/ros/humble/bin:/usr/local/sbin:/usr/local/bin:/usr/sbin:/usr/bin:/sbin:/bin:/usr/games:/usr/local/games:/snap/bin:/snap/bin', 'INVOCATION_ID': '3d0fa57b8fdd4872a7a6dea3949fbf26', 'PAPERSIZE': 'a4', 'SESSION_MANAGER': 'local/Ubuntu:@/tmp/.ICE-unix/1483,unix/Ubuntu:/tmp/.ICE-unix/1483', 'GNOME_SETUP_DISPLAY': ':1', 'LC_ADDRESS': 'es_ES.UTF-8', 'XDG_MENU_PREFIX': 'gnome-', 'XDG_RUNTIME_DIR': '/run/user/1000', 'DISPLAY': ':0', 'LANG': 'es_ES.UTF-8', 'LC_TELEPHONE': 'es_ES.UTF-8', 'XDG_CURRENT_DESKTOP': 'ubuntu:GNOME', 'XAUTHORITY': '/run/user/1000/.mutter-Xwaylandauth.D6X6C2', 'XDG_SESSION_DESKTOP': 'ubuntu', 'XMODIFIERS': '@im=ibus', 'AMENT_PREFIX_PATH': '/home/mperezes/ros2_ws/install/ros2_course:/home/mperezes/ros2_ws/install/hola:/opt/ros/humble', 'SSH_AGENT_LAUNCHER': 'gnome-keyring', 'SSH_AUTH_SOCK': '/run/user/1000/keyring/ssh', 'LC_NAME': 'es_ES.UTF-8', 'SHELL': '/bin/bash', 'GDMSESSION': 'ubuntu', 'QT_ACCESSIBILITY': '1', 'LC_MEASUREMENT': 'es_ES.UTF-8', 'GJS_DEBUG_OUTPUT': 'stderr', 'LC_IDENTIFICATION': 'es_ES.UTF-8', 'QT_IM_MODULE': 'ibus', 'LC_ALL': 'C', 'PWD': '/home/mperezes/ros2_ws/build/hola', 'XDG_CONFIG_DIRS': '/etc/xdg/xdg-ubuntu:/etc/xdg', 'XDG_DATA_DIRS': '/usr/share/ubuntu:/usr/local/share/:/usr/share/:/var/lib/snapd/desktop', 'LC_NUMERIC': 'es_ES.UTF-8', 'PYTHONPATH': '/home/mperezes/ros2_ws/build/hola/prefix_override:/home/mperezes/ros2_ws/install/hola/lib/python3.10/site-packages:/home/mperezes/ros2_ws/build/ros2_course:/home/mperezes/ros2_ws/install/ros2_course/lib/python3.10/site-packages:/home/mperezes/ros2_ws/build/hola:/home/mperezes/ros2_ws/install/hola/lib/python3.10/site-packages:/opt/ros/humble/lib/python3.10/site-packages:/opt/ros/humble/local/lib/python3.10/dist-packages', 'LC_PAPER': 'es_ES.UTF-8', 'COLCON': '1'}, 'shell': False}
[1.380384] (ros2_course) Command: {'cmd': ['/usr/bin/python3', 'setup.py', 'develop', '--uninstall', '--editable', '--build-directory', '/home/mperezes/ros2_ws/build/ros2_course/build'], 'cwd': '/home/mperezes/ros2_ws/build/ros2_course', 'env': {'GJS_DEBUG_TOPICS': 'JS ERROR;JS LOG', 'LANGUAGE': 'es:en_US:en', 'LC_TIME': 'es_ES.UTF-8', 'USER': 'mperezes', 'XDG_SESSION_TYPE': 'wayland', 'LD_LIBRARY_PATH': '/opt/ros/humble/opt/rviz_ogre_vendor/lib:/opt/ros/humble/lib/x86_64-linux-gnu:/opt/ros/humble/lib', 'SHLVL': '10', 'HOME': '/home/mperezes', 'DESKTOP_SESSION': 'ubuntu', 'QTDIR': '/usr/lib/x86_64-linux-gnu/qt5', 'GIO_LAUNCHED_DESKTOP_FILE': '/usr/share/applications/QtProject-qtcreator-ros-latest.desktop', 'GNOME_SHELL_SESSION_MODE': 'ubuntu', 'GTK_MODULES': 'gail:atk-bridge', 'ROS_PYTHON_VERSION': '3', 'LC_MONETARY': 'es_ES.UTF-8', 'MANAGERPID': '1345', 'DBUS_SESSION_BUS_ADDRESS': 'unix:path=/run/user/1000/bus', 'SYSTEMD_EXEC_PID': '1523', 'GIO_LAUNCHED_DESKTOP_FILE_PID': '3550', 'COLCON_PREFIX_PATH': '/home/mperezes/ros2_ws/install', 'IM_CONFIG_PHASE': '1', 'ROS_DISTRO': 'humble', 'WAYLAND_DISPLAY': 'wayland-0', 'LOGNAME': 'mperezes', 'JOURNAL_STREAM': '8:25914', '_': '/usr/bin/env', 'ROS_VERSION': '2', 'XDG_SESSION_CLASS': 'user', 'TERM': 'xterm', 'USERNAME': 'mperezes', 'GNOME_DESKTOP_SESSION_ID': 'this-is-deprecated', 'ROS_LOCALHOST_ONLY': '0', 'PATH': '/opt/ros/humble/bin:/usr/local/sbin:/usr/local/bin:/usr/sbin:/usr/bin:/sbin:/bin:/usr/games:/usr/local/games:/snap/bin:/snap/bin', 'INVOCATION_ID': '3d0fa57b8fdd4872a7a6dea3949fbf26', 'PAPERSIZE': 'a4', 'SESSION_MANAGER': 'local/Ubuntu:@/tmp/.ICE-unix/1483,unix/Ubuntu:/tmp/.ICE-unix/1483', 'GNOME_SETUP_DISPLAY': ':1', 'LC_ADDRESS': 'es_ES.UTF-8', 'XDG_MENU_PREFIX': 'gnome-', 'XDG_RUNTIME_DIR': '/run/user/1000', 'DISPLAY': ':0', 'LANG': 'es_ES.UTF-8', 'LC_TELEPHONE': 'es_ES.UTF-8', 'XDG_CURRENT_DESKTOP': 'ubuntu:GNOME', 'XAUTHORITY': '/run/user/1000/.mutter-Xwaylandauth.D6X6C2', 'XDG_SESSION_DESKTOP': 'ubuntu', 'XMODIFIERS': '@im=ibus', 'AMENT_PREFIX_PATH': '/home/mperezes/ros2_ws/install/ros2_course:/home/mperezes/ros2_ws/install/hola:/opt/ros/humble', 'SSH_AGENT_LAUNCHER': 'gnome-keyring', 'SSH_AUTH_SOCK': '/run/user/1000/keyring/ssh', 'LC_NAME': 'es_ES.UTF-8', 'SHELL': '/bin/bash', 'GDMSESSION': 'ubuntu', 'QT_ACCESSIBILITY': '1', 'LC_MEASUREMENT': 'es_ES.UTF-8', 'GJS_DEBUG_OUTPUT': 'stderr', 'LC_IDENTIFICATION': 'es_ES.UTF-8', 'QT_IM_MODULE': 'ibus', 'LC_ALL': 'C', 'PWD': '/home/mperezes/ros2_ws/build/ros2_course', 'XDG_CONFIG_DIRS': '/etc/xdg/xdg-ubuntu:/etc/xdg', 'XDG_DATA_DIRS': '/usr/share/ubuntu:/usr/local/share/:/usr/share/:/var/lib/snapd/desktop', 'LC_NUMERIC': 'es_ES.UTF-8', 'PYTHONPATH': '/home/mperezes/ros2_ws/build/ros2_course/prefix_override:/home/mperezes/ros2_ws/install/ros2_course/lib/python3.10/site-packages:/home/mperezes/ros2_ws/build/ros2_course:/home/mperezes/ros2_ws/install/ros2_course/lib/python3.10/site-packages:/home/mperezes/ros2_ws/build/hola:/home/mperezes/ros2_ws/install/hola/lib/python3.10/site-packages:/opt/ros/humble/lib/python3.10/site-packages:/opt/ros/humble/local/lib/python3.10/dist-packages', 'LC_PAPER': 'es_ES.UTF-8', 'COLCON': '1'}, 'shell': False}
[1.411959] (-) TimerEvent: {}
[1.513436] (-) TimerEvent: {}
[1.613738] (-) TimerEvent: {}
[1.692136] (hola) StdoutLine: {'line': b'running develop\n'}
[1.692525] (ros2_course) StdoutLine: {'line': b'running develop\n'}
[1.692717] (ros2_course) StderrLine: {'line': b'/usr/lib/python3/dist-packages/setuptools/command/easy_install.py:158: EasyInstallDeprecationWarning: easy_install command is deprecated. Use build and pip and other standards-based tools.\n'}
[1.692885] (ros2_course) StderrLine: {'line': b'  warnings.warn(\n'}
[1.693112] (hola) StderrLine: {'line': b'/usr/lib/python3/dist-packages/setuptools/command/easy_install.py:158: EasyInstallDeprecationWarning: easy_install command is deprecated. Use build and pip and other standards-based tools.\n'}
[1.693278] (hola) StderrLine: {'line': b'  warnings.warn(\n'}
[1.694048] (ros2_course) StderrLine: {'line': b'/usr/lib/python3/dist-packages/setuptools/command/install.py:34: SetuptoolsDeprecationWarning: setup.py install is deprecated. Use build and pip and other standards-based tools.\n'}
[1.694312] (ros2_course) StderrLine: {'line': b'  warnings.warn(\n'}
[1.694528] (hola) StderrLine: {'line': b'/usr/lib/python3/dist-packages/setuptools/command/install.py:34: SetuptoolsDeprecationWarning: setup.py install is deprecated. Use build and pip and other standards-based tools.\n'}
[1.694708] (hola) StderrLine: {'line': b'  warnings.warn(\n'}
[1.714044] (-) TimerEvent: {}
[1.820985] (-) TimerEvent: {}
[1.880659] (ros2_course) StdoutLine: {'line': b'Removing /home/mperezes/ros2_ws/install/ros2_course/lib/python3.10/site-packages/ros2-course.egg-link (link to .)\n'}
[1.880874] (hola) StdoutLine: {'line': b'Removing /home/mperezes/ros2_ws/install/hola/lib/python3.10/site-packages/hola.egg-link (link to .)\n'}
[1.926391] (-) TimerEvent: {}
[1.938023] (ros2_course) CommandEnded: {'returncode': 0}
[1.939587] (ros2_course) Command: {'cmd': ['/usr/bin/python3', 'setup.py', 'egg_info', '--egg-base', '../../build/ros2_course', 'build', '--build-base', '/home/mperezes/ros2_ws/build/ros2_course/build', 'install', '--record', '/home/mperezes/ros2_ws/build/ros2_course/install.log', '--single-version-externally-managed'], 'cwd': '/home/mperezes/ros2_ws/src/ros2_course', 'env': {'GJS_DEBUG_TOPICS': 'JS ERROR;JS LOG', 'LANGUAGE': 'es:en_US:en', 'LC_TIME': 'es_ES.UTF-8', 'USER': 'mperezes', 'XDG_SESSION_TYPE': 'wayland', 'LD_LIBRARY_PATH': '/opt/ros/humble/opt/rviz_ogre_vendor/lib:/opt/ros/humble/lib/x86_64-linux-gnu:/opt/ros/humble/lib', 'SHLVL': '10', 'HOME': '/home/mperezes', 'DESKTOP_SESSION': 'ubuntu', 'QTDIR': '/usr/lib/x86_64-linux-gnu/qt5', 'GIO_LAUNCHED_DESKTOP_FILE': '/usr/share/applications/QtProject-qtcreator-ros-latest.desktop', 'GNOME_SHELL_SESSION_MODE': 'ubuntu', 'GTK_MODULES': 'gail:atk-bridge', 'ROS_PYTHON_VERSION': '3', 'LC_MONETARY': 'es_ES.UTF-8', 'MANAGERPID': '1345', 'DBUS_SESSION_BUS_ADDRESS': 'unix:path=/run/user/1000/bus', 'SYSTEMD_EXEC_PID': '1523', 'GIO_LAUNCHED_DESKTOP_FILE_PID': '3550', 'COLCON_PREFIX_PATH': '/home/mperezes/ros2_ws/install', 'IM_CONFIG_PHASE': '1', 'ROS_DISTRO': 'humble', 'WAYLAND_DISPLAY': 'wayland-0', 'LOGNAME': 'mperezes', 'JOURNAL_STREAM': '8:25914', '_': '/usr/bin/env', 'ROS_VERSION': '2', 'XDG_SESSION_CLASS': 'user', 'TERM': 'xterm', 'USERNAME': 'mperezes', 'GNOME_DESKTOP_SESSION_ID': 'this-is-deprecated', 'ROS_LOCALHOST_ONLY': '0', 'PATH': '/opt/ros/humble/bin:/usr/local/sbin:/usr/local/bin:/usr/sbin:/usr/bin:/sbin:/bin:/usr/games:/usr/local/games:/snap/bin:/snap/bin', 'INVOCATION_ID': '3d0fa57b8fdd4872a7a6dea3949fbf26', 'PAPERSIZE': 'a4', 'SESSION_MANAGER': 'local/Ubuntu:@/tmp/.ICE-unix/1483,unix/Ubuntu:/tmp/.ICE-unix/1483', 'GNOME_SETUP_DISPLAY': ':1', 'LC_ADDRESS': 'es_ES.UTF-8', 'XDG_MENU_PREFIX': 'gnome-', 'XDG_RUNTIME_DIR': '/run/user/1000', 'DISPLAY': ':0', 'LANG': 'es_ES.UTF-8', 'LC_TELEPHONE': 'es_ES.UTF-8', 'XDG_CURRENT_DESKTOP': 'ubuntu:GNOME', 'XAUTHORITY': '/run/user/1000/.mutter-Xwaylandauth.D6X6C2', 'XDG_SESSION_DESKTOP': 'ubuntu', 'XMODIFIERS': '@im=ibus', 'AMENT_PREFIX_PATH': '/home/mperezes/ros2_ws/install/ros2_course:/home/mperezes/ros2_ws/install/hola:/opt/ros/humble', 'SSH_AGENT_LAUNCHER': 'gnome-keyring', 'SSH_AUTH_SOCK': '/run/user/1000/keyring/ssh', 'LC_NAME': 'es_ES.UTF-8', 'SHELL': '/bin/bash', 'GDMSESSION': 'ubuntu', 'QT_ACCESSIBILITY': '1', 'LC_MEASUREMENT': 'es_ES.UTF-8', 'GJS_DEBUG_OUTPUT': 'stderr', 'LC_IDENTIFICATION': 'es_ES.UTF-8', 'QT_IM_MODULE': 'ibus', 'LC_ALL': 'C', 'PWD': '/home/mperezes/ros2_ws/build/ros2_course', 'XDG_CONFIG_DIRS': '/etc/xdg/xdg-ubuntu:/etc/xdg', 'XDG_DATA_DIRS': '/usr/share/ubuntu:/usr/local/share/:/usr/share/:/var/lib/snapd/desktop', 'LC_NUMERIC': 'es_ES.UTF-8', 'PYTHONPATH': '/home/mperezes/ros2_ws/build/ros2_course/prefix_override:/home/mperezes/ros2_ws/install/ros2_course/lib/python3.10/site-packages:/home/mperezes/ros2_ws/build/ros2_course:/home/mperezes/ros2_ws/install/ros2_course/lib/python3.10/site-packages:/home/mperezes/ros2_ws/build/hola:/home/mperezes/ros2_ws/install/hola/lib/python3.10/site-packages:/opt/ros/humble/lib/python3.10/site-packages:/opt/ros/humble/local/lib/python3.10/dist-packages', 'LC_PAPER': 'es_ES.UTF-8', 'COLCON': '1'}, 'shell': False}
[1.941309] (hola) CommandEnded: {'returncode': 0}
[1.943292] (hola) Command: {'cmd': ['/usr/bin/python3', 'setup.py', 'egg_info', '--egg-base', '../../build/hola', 'build', '--build-base', '/home/mperezes/ros2_ws/build/hola/build', 'install', '--record', '/home/mperezes/ros2_ws/build/hola/install.log', '--single-version-externally-managed'], 'cwd': '/home/mperezes/ros2_ws/src/hola', 'env': {'GJS_DEBUG_TOPICS': 'JS ERROR;JS LOG', 'LANGUAGE': 'es:en_US:en', 'LC_TIME': 'es_ES.UTF-8', 'USER': 'mperezes', 'XDG_SESSION_TYPE': 'wayland', 'LD_LIBRARY_PATH': '/opt/ros/humble/opt/rviz_ogre_vendor/lib:/opt/ros/humble/lib/x86_64-linux-gnu:/opt/ros/humble/lib', 'SHLVL': '10', 'HOME': '/home/mperezes', 'DESKTOP_SESSION': 'ubuntu', 'QTDIR': '/usr/lib/x86_64-linux-gnu/qt5', 'GIO_LAUNCHED_DESKTOP_FILE': '/usr/share/applications/QtProject-qtcreator-ros-latest.desktop', 'GNOME_SHELL_SESSION_MODE': 'ubuntu', 'GTK_MODULES': 'gail:atk-bridge', 'ROS_PYTHON_VERSION': '3', 'LC_MONETARY': 'es_ES.UTF-8', 'MANAGERPID': '1345', 'DBUS_SESSION_BUS_ADDRESS': 'unix:path=/run/user/1000/bus', 'SYSTEMD_EXEC_PID': '1523', 'GIO_LAUNCHED_DESKTOP_FILE_PID': '3550', 'COLCON_PREFIX_PATH': '/home/mperezes/ros2_ws/install', 'IM_CONFIG_PHASE': '1', 'ROS_DISTRO': 'humble', 'WAYLAND_DISPLAY': 'wayland-0', 'LOGNAME': 'mperezes', 'JOURNAL_STREAM': '8:25914', '_': '/usr/bin/env', 'ROS_VERSION': '2', 'XDG_SESSION_CLASS': 'user', 'TERM': 'xterm', 'USERNAME': 'mperezes', 'GNOME_DESKTOP_SESSION_ID': 'this-is-deprecated', 'ROS_LOCALHOST_ONLY': '0', 'PATH': '/opt/ros/humble/bin:/usr/local/sbin:/usr/local/bin:/usr/sbin:/usr/bin:/sbin:/bin:/usr/games:/usr/local/games:/snap/bin:/snap/bin', 'INVOCATION_ID': '3d0fa57b8fdd4872a7a6dea3949fbf26', 'PAPERSIZE': 'a4', 'SESSION_MANAGER': 'local/Ubuntu:@/tmp/.ICE-unix/1483,unix/Ubuntu:/tmp/.ICE-unix/1483', 'GNOME_SETUP_DISPLAY': ':1', 'LC_ADDRESS': 'es_ES.UTF-8', 'XDG_MENU_PREFIX': 'gnome-', 'XDG_RUNTIME_DIR': '/run/user/1000', 'DISPLAY': ':0', 'LANG': 'es_ES.UTF-8', 'LC_TELEPHONE': 'es_ES.UTF-8', 'XDG_CURRENT_DESKTOP': 'ubuntu:GNOME', 'XAUTHORITY': '/run/user/1000/.mutter-Xwaylandauth.D6X6C2', 'XDG_SESSION_DESKTOP': 'ubuntu', 'XMODIFIERS': '@im=ibus', 'AMENT_PREFIX_PATH': '/home/mperezes/ros2_ws/install/ros2_course:/home/mperezes/ros2_ws/install/hola:/opt/ros/humble', 'SSH_AGENT_LAUNCHER': 'gnome-keyring', 'SSH_AUTH_SOCK': '/run/user/1000/keyring/ssh', 'LC_NAME': 'es_ES.UTF-8', 'SHELL': '/bin/bash', 'GDMSESSION': 'ubuntu', 'QT_ACCESSIBILITY': '1', 'LC_MEASUREMENT': 'es_ES.UTF-8', 'GJS_DEBUG_OUTPUT': 'stderr', 'LC_IDENTIFICATION': 'es_ES.UTF-8', 'QT_IM_MODULE': 'ibus', 'LC_ALL': 'C', 'PWD': '/home/mperezes/ros2_ws/build/hola', 'XDG_CONFIG_DIRS': '/etc/xdg/xdg-ubuntu:/etc/xdg', 'XDG_DATA_DIRS': '/usr/share/ubuntu:/usr/local/share/:/usr/share/:/var/lib/snapd/desktop', 'LC_NUMERIC': 'es_ES.UTF-8', 'PYTHONPATH': '/home/mperezes/ros2_ws/build/hola/prefix_override:/home/mperezes/ros2_ws/install/hola/lib/python3.10/site-packages:/home/mperezes/ros2_ws/build/ros2_course:/home/mperezes/ros2_ws/install/ros2_course/lib/python3.10/site-packages:/home/mperezes/ros2_ws/build/hola:/home/mperezes/ros2_ws/install/hola/lib/python3.10/site-packages:/opt/ros/humble/lib/python3.10/site-packages:/opt/ros/humble/local/lib/python3.10/dist-packages', 'LC_PAPER': 'es_ES.UTF-8', 'COLCON': '1'}, 'shell': False}
[2.033056] (-) TimerEvent: {}
[2.133399] (-) TimerEvent: {}
[2.229279] (ros2_course) StdoutLine: {'line': b'running egg_info\n'}
[2.229562] (hola) StdoutLine: {'line': b'running egg_info\n'}
[2.230035] (hola) StdoutLine: {'line': b'writing ../../build/hola/hola.egg-info/PKG-INFO\n'}
[2.230287] (ros2_course) StdoutLine: {'line': b'writing ../../build/ros2_course/ros2_course.egg-info/PKG-INFO\n'}
[2.230935] (hola) StdoutLine: {'line': b'writing dependency_links to ../../build/hola/hola.egg-info/dependency_links.txt\n'}
[2.231151] (hola) StdoutLine: {'line': b'writing entry points to ../../build/hola/hola.egg-info/entry_points.txt\n'}
[2.231407] (hola) StdoutLine: {'line': b'writing requirements to ../../build/hola/hola.egg-info/requires.txt\n'}
[2.231555] (ros2_course) StdoutLine: {'line': b'writing dependency_links to ../../build/ros2_course/ros2_course.egg-info/dependency_links.txt\n'}
[2.231723] (ros2_course) StdoutLine: {'line': b'writing entry points to ../../build/ros2_course/ros2_course.egg-info/entry_points.txt\n'}
[2.231867] (ros2_course) StdoutLine: {'line': b'writing requirements to ../../build/ros2_course/ros2_course.egg-info/requires.txt\n'}
[2.231932] (hola) StdoutLine: {'line': b'writing top-level names to ../../build/hola/hola.egg-info/top_level.txt\n'}
[2.231998] (ros2_course) StdoutLine: {'line': b'writing top-level names to ../../build/ros2_course/ros2_course.egg-info/top_level.txt\n'}
[2.233428] (hola) StdoutLine: {'line': b"reading manifest file '../../build/hola/hola.egg-info/SOURCES.txt'\n"}
[2.233584] (-) TimerEvent: {}
[2.233604] (ros2_course) StdoutLine: {'line': b"reading manifest file '../../build/ros2_course/ros2_course.egg-info/SOURCES.txt'\n"}
[2.234451] (hola) StdoutLine: {'line': b"writing manifest file '../../build/hola/hola.egg-info/SOURCES.txt'\n"}
[2.234745] (ros2_course) StdoutLine: {'line': b"writing manifest file '../../build/ros2_course/ros2_course.egg-info/SOURCES.txt'\n"}
[2.234890] (ros2_course) StdoutLine: {'line': b'running build\n'}
[2.234983] (ros2_course) StdoutLine: {'line': b'running build_py\n'}
[2.235044] (hola) StdoutLine: {'line': b'running build\n'}
[2.235110] (hola) StdoutLine: {'line': b'running build_py\n'}
[2.235475] (hola) StdoutLine: {'line': b'running install\n'}
[2.235821] (ros2_course) StdoutLine: {'line': b'copying ros2_course/talker.py -> /home/mperezes/ros2_ws/build/ros2_course/build/lib/ros2_course\n'}
[2.236038] (hola) StderrLine: {'line': b'/usr/lib/python3/dist-packages/setuptools/command/install.py:34: SetuptoolsDeprecationWarning: setup.py install is deprecated. Use build and pip and other standards-based tools.\n'}
[2.236192] (hola) StderrLine: {'line': b'  warnings.warn(\n'}
[2.236325] (hola) StdoutLine: {'line': b'running install_lib\n'}
[2.236789] (hola) StdoutLine: {'line': b'creating /home/mperezes/ros2_ws/install/hola/lib/python3.10/site-packages/hola\n'}
[2.237042] (hola) StdoutLine: {'line': b'copying /home/mperezes/ros2_ws/build/hola/build/lib/hola/__init__.py -> /home/mperezes/ros2_ws/install/hola/lib/python3.10/site-packages/hola\n'}
[2.237358] (hola) StdoutLine: {'line': b'byte-compiling /home/mperezes/ros2_ws/install/hola/lib/python3.10/site-packages/hola/__init__.py to __init__.cpython-310.pyc\n'}
[2.237627] (hola) StdoutLine: {'line': b'running install_data\n'}
[2.237871] (ros2_course) StdoutLine: {'line': b'copying ros2_course/turtlesim_controller.py -> /home/mperezes/ros2_ws/build/ros2_course/build/lib/ros2_course\n'}
[2.238349] (hola) StdoutLine: {'line': b'running install_egg_info\n'}
[2.238433] (ros2_course) StdoutLine: {'line': b'copying ros2_course/listener.py -> /home/mperezes/ros2_ws/build/ros2_course/build/lib/ros2_course\n'}
[2.239695] (ros2_course) StdoutLine: {'line': b'running install\n'}
[2.239849] (ros2_course) StderrLine: {'line': b'/usr/lib/python3/dist-packages/setuptools/command/install.py:34: SetuptoolsDeprecationWarning: setup.py install is deprecated. Use build and pip and other standards-based tools.\n'}
[2.239904] (ros2_course) StderrLine: {'line': b'  warnings.warn(\n'}
[2.240113] (ros2_course) StdoutLine: {'line': b'running install_lib\n'}
[2.240630] (hola) StdoutLine: {'line': b'Copying ../../build/hola/hola.egg-info to /home/mperezes/ros2_ws/install/hola/lib/python3.10/site-packages/hola-0.0.0-py3.10.egg-info\n'}
[2.241505] (ros2_course) StdoutLine: {'line': b'creating /home/mperezes/ros2_ws/install/ros2_course/lib/python3.10/site-packages/ros2_course\n'}
[2.241712] (ros2_course) StdoutLine: {'line': b'copying /home/mperezes/ros2_ws/build/ros2_course/build/lib/ros2_course/talker.py -> /home/mperezes/ros2_ws/install/ros2_course/lib/python3.10/site-packages/ros2_course\n'}
[2.241953] (ros2_course) StdoutLine: {'line': b'copying /home/mperezes/ros2_ws/build/ros2_course/build/lib/ros2_course/hello.py -> /home/mperezes/ros2_ws/install/ros2_course/lib/python3.10/site-packages/ros2_course\n'}
[2.242194] (hola) StdoutLine: {'line': b'running install_scripts\n'}
[2.242377] (ros2_course) StdoutLine: {'line': b'copying /home/mperezes/ros2_ws/build/ros2_course/build/lib/ros2_course/turtlesim_controller.py -> /home/mperezes/ros2_ws/install/ros2_course/lib/python3.10/site-packages/ros2_course\n'}
[2.242525] (ros2_course) StdoutLine: {'line': b'copying /home/mperezes/ros2_ws/build/ros2_course/build/lib/ros2_course/listener.py -> /home/mperezes/ros2_ws/install/ros2_course/lib/python3.10/site-packages/ros2_course\n'}
[2.243016] (ros2_course) StdoutLine: {'line': b'copying /home/mperezes/ros2_ws/build/ros2_course/build/lib/ros2_course/__init__.py -> /home/mperezes/ros2_ws/install/ros2_course/lib/python3.10/site-packages/ros2_course\n'}
[2.243501] (ros2_course) StdoutLine: {'line': b'byte-compiling /home/mperezes/ros2_ws/install/ros2_course/lib/python3.10/site-packages/ros2_course/talker.py to talker.cpython-310.pyc\n'}
[2.244357] (ros2_course) StdoutLine: {'line': b'byte-compiling /home/mperezes/ros2_ws/install/ros2_course/lib/python3.10/site-packages/ros2_course/hello.py to hello.cpython-310.pyc\n'}
[2.244597] (ros2_course) StdoutLine: {'line': b'byte-compiling /home/mperezes/ros2_ws/install/ros2_course/lib/python3.10/site-packages/ros2_course/turtlesim_controller.py to turtlesim_controller.cpython-310.pyc\n'}
[2.245732] (ros2_course) StdoutLine: {'line': b'byte-compiling /home/mperezes/ros2_ws/install/ros2_course/lib/python3.10/site-packages/ros2_course/listener.py to listener.cpython-310.pyc\n'}
[2.246260] (ros2_course) StdoutLine: {'line': b'byte-compiling /home/mperezes/ros2_ws/install/ros2_course/lib/python3.10/site-packages/ros2_course/__init__.py to __init__.cpython-310.pyc\n'}
[2.246402] (ros2_course) StdoutLine: {'line': b'running install_data\n'}
[2.247172] (ros2_course) StdoutLine: {'line': b'running install_egg_info\n'}
[2.249291] (ros2_course) StdoutLine: {'line': b'Copying ../../build/ros2_course/ros2_course.egg-info to /home/mperezes/ros2_ws/install/ros2_course/lib/python3.10/site-packages/ros2_course-0.0.0-py3.10.egg-info\n'}
[2.251013] (ros2_course) StdoutLine: {'line': b'running install_scripts\n'}
[2.270084] (hola) StdoutLine: {'line': b"writing list of installed files to '/home/mperezes/ros2_ws/build/hola/install.log'\n"}
[2.279060] (ros2_course) StdoutLine: {'line': b'Installing hello script to /home/mperezes/ros2_ws/install/ros2_course/lib/ros2_course\n'}
[2.279615] (ros2_course) StdoutLine: {'line': b'Installing listener script to /home/mperezes/ros2_ws/install/ros2_course/lib/ros2_course\n'}
[2.279827] (ros2_course) StdoutLine: {'line': b'Installing talker script to /home/mperezes/ros2_ws/install/ros2_course/lib/ros2_course\n'}
[2.280380] (ros2_course) StdoutLine: {'line': b"writing list of installed files to '/home/mperezes/ros2_ws/build/ros2_course/install.log'\n"}
[2.320138] (hola) CommandEnded: {'returncode': 0}
[2.333905] (-) TimerEvent: {}
[2.380971] (hola) JobEnded: {'identifier': 'hola', 'rc': 0}
[2.382624] (ros2_course) CommandEnded: {'returncode': 0}
[2.434517] (-) TimerEvent: {}
[2.444812] (ros2_course) JobEnded: {'identifier': 'ros2_course', 'rc': 0}
[2.445816] (-) EventReactorShutdown: {}
