[1.344s] DEBUG:colcon:Command line arguments: ['/usr/bin/colcon', 'build', '--symlink-install']
[1.344s] DEBUG:colcon:Parsed command line arguments: Namespace(log_base=None, log_level=None, verb_name='build', build_base='build', install_base='install', merge_install=False, symlink_install=True, test_result_base=None, continue_on_error=False, executor='parallel', parallel_workers=4, event_handlers=None, ignore_user_meta=False, metas=['./colcon.meta'], base_paths=['.'], packages_ignore=None, packages_ignore_regex=None, paths=None, packages_up_to=None, packages_up_to_regex=None, packages_above=None, packages_above_and_dependencies=None, packages_above_depth=None, packages_select_by_dep=None, packages_skip_by_dep=None, packages_skip_up_to=None, packages_select_build_failed=False, packages_skip_build_finished=False, packages_select_test_failures=False, packages_skip_test_passed=False, packages_select=None, packages_skip=None, packages_select_regex=None, packages_skip_regex=None, packages_start=None, packages_end=None, allow_overriding=[], cmake_args=None, cmake_target=None, cmake_target_skip_unavailable=False, cmake_clean_cache=False, cmake_clean_first=False, cmake_force_configure=False, ament_cmake_args=None, catkin_cmake_args=None, catkin_skip_building_tests=False, verb_parser=<colcon_defaults.argument_parser.defaults.DefaultArgumentsDecorator object at 0x7fed353b4490>, verb_extension=<colcon_core.verb.build.BuildVerb object at 0x7fed353b1c00>, main=<bound method BuildVerb.main of <colcon_core.verb.build.BuildVerb object at 0x7fed353b1c00>>)
[1.403s] Level 1:colcon.colcon_core.package_discovery:discover_packages(colcon_meta) check parameters
[1.403s] Level 1:colcon.colcon_core.package_discovery:discover_packages(recursive) check parameters
[1.403s] Level 1:colcon.colcon_core.package_discovery:discover_packages(ignore) check parameters
[1.403s] Level 1:colcon.colcon_core.package_discovery:discover_packages(path) check parameters
[1.403s] Level 1:colcon.colcon_core.package_discovery:discover_packages(colcon_meta) discover
[1.403s] Level 1:colcon.colcon_core.package_discovery:discover_packages(recursive) discover
[1.403s] INFO:colcon.colcon_core.package_discovery:Crawling recursively for packages in '/home/mperezes/ros2_ws'
[1.403s] Level 1:colcon.colcon_core.package_identification:_identify(.) by extensions ['ignore', 'ignore_ament_install']
[1.404s] Level 1:colcon.colcon_core.package_identification:_identify(.) by extension 'ignore'
[1.404s] Level 1:colcon.colcon_core.package_identification:_identify(.) by extension 'ignore_ament_install'
[1.404s] Level 1:colcon.colcon_core.package_identification:_identify(.) by extensions ['colcon_pkg']
[1.404s] Level 1:colcon.colcon_core.package_identification:_identify(.) by extension 'colcon_pkg'
[1.404s] Level 1:colcon.colcon_core.package_identification:_identify(.) by extensions ['colcon_meta']
[1.404s] Level 1:colcon.colcon_core.package_identification:_identify(.) by extension 'colcon_meta'
[1.404s] Level 1:colcon.colcon_core.package_identification:_identify(.) by extensions ['ros']
[1.404s] Level 1:colcon.colcon_core.package_identification:_identify(.) by extension 'ros'
[1.418s] Level 1:colcon.colcon_core.package_identification:_identify(.) by extensions ['cmake', 'python']
[1.418s] Level 1:colcon.colcon_core.package_identification:_identify(.) by extension 'cmake'
[1.418s] Level 1:colcon.colcon_core.package_identification:_identify(.) by extension 'python'
[1.418s] Level 1:colcon.colcon_core.package_identification:_identify(.) by extensions ['python_setup_py']
[1.419s] Level 1:colcon.colcon_core.package_identification:_identify(.) by extension 'python_setup_py'
[1.419s] Level 1:colcon.colcon_core.package_identification:_identify(build) by extensions ['ignore', 'ignore_ament_install']
[1.419s] Level 1:colcon.colcon_core.package_identification:_identify(build) by extension 'ignore'
[1.419s] Level 1:colcon.colcon_core.package_identification:_identify(build) ignored
[1.419s] Level 1:colcon.colcon_core.package_identification:_identify(install) by extensions ['ignore', 'ignore_ament_install']
[1.419s] Level 1:colcon.colcon_core.package_identification:_identify(install) by extension 'ignore'
[1.419s] Level 1:colcon.colcon_core.package_identification:_identify(install) ignored
[1.419s] Level 1:colcon.colcon_core.package_identification:_identify(log) by extensions ['ignore', 'ignore_ament_install']
[1.419s] Level 1:colcon.colcon_core.package_identification:_identify(log) by extension 'ignore'
[1.419s] Level 1:colcon.colcon_core.package_identification:_identify(log) ignored
[1.419s] Level 1:colcon.colcon_core.package_identification:_identify(src) by extensions ['ignore', 'ignore_ament_install']
[1.420s] Level 1:colcon.colcon_core.package_identification:_identify(src) by extension 'ignore'
[1.420s] Level 1:colcon.colcon_core.package_identification:_identify(src) by extension 'ignore_ament_install'
[1.420s] Level 1:colcon.colcon_core.package_identification:_identify(src) by extensions ['colcon_pkg']
[1.420s] Level 1:colcon.colcon_core.package_identification:_identify(src) by extension 'colcon_pkg'
[1.420s] Level 1:colcon.colcon_core.package_identification:_identify(src) by extensions ['colcon_meta']
[1.420s] Level 1:colcon.colcon_core.package_identification:_identify(src) by extension 'colcon_meta'
[1.420s] Level 1:colcon.colcon_core.package_identification:_identify(src) by extensions ['ros']
[1.420s] Level 1:colcon.colcon_core.package_identification:_identify(src) by extension 'ros'
[1.420s] Level 1:colcon.colcon_core.package_identification:_identify(src) by extensions ['cmake', 'python']
[1.420s] Level 1:colcon.colcon_core.package_identification:_identify(src) by extension 'cmake'
[1.420s] Level 1:colcon.colcon_core.package_identification:_identify(src) by extension 'python'
[1.420s] Level 1:colcon.colcon_core.package_identification:_identify(src) by extensions ['python_setup_py']
[1.420s] Level 1:colcon.colcon_core.package_identification:_identify(src) by extension 'python_setup_py'
[1.420s] Level 1:colcon.colcon_core.package_identification:_identify(src/hola) by extensions ['ignore', 'ignore_ament_install']
[1.420s] Level 1:colcon.colcon_core.package_identification:_identify(src/hola) by extension 'ignore'
[1.420s] Level 1:colcon.colcon_core.package_identification:_identify(src/hola) by extension 'ignore_ament_install'
[1.420s] Level 1:colcon.colcon_core.package_identification:_identify(src/hola) by extensions ['colcon_pkg']
[1.420s] Level 1:colcon.colcon_core.package_identification:_identify(src/hola) by extension 'colcon_pkg'
[1.420s] Level 1:colcon.colcon_core.package_identification:_identify(src/hola) by extensions ['colcon_meta']
[1.421s] Level 1:colcon.colcon_core.package_identification:_identify(src/hola) by extension 'colcon_meta'
[1.421s] Level 1:colcon.colcon_core.package_identification:_identify(src/hola) by extensions ['ros']
[1.421s] Level 1:colcon.colcon_core.package_identification:_identify(src/hola) by extension 'ros'
[1.424s] DEBUG:colcon.colcon_core.package_identification:Package 'src/hola' with type 'ros.ament_python' and name 'hola'
[1.424s] Level 1:colcon.colcon_core.package_identification:_identify(src/ros2_course) by extensions ['ignore', 'ignore_ament_install']
[1.424s] Level 1:colcon.colcon_core.package_identification:_identify(src/ros2_course) by extension 'ignore'
[1.424s] Level 1:colcon.colcon_core.package_identification:_identify(src/ros2_course) by extension 'ignore_ament_install'
[1.424s] Level 1:colcon.colcon_core.package_identification:_identify(src/ros2_course) by extensions ['colcon_pkg']
[1.424s] Level 1:colcon.colcon_core.package_identification:_identify(src/ros2_course) by extension 'colcon_pkg'
[1.424s] Level 1:colcon.colcon_core.package_identification:_identify(src/ros2_course) by extensions ['colcon_meta']
[1.424s] Level 1:colcon.colcon_core.package_identification:_identify(src/ros2_course) by extension 'colcon_meta'
[1.424s] Level 1:colcon.colcon_core.package_identification:_identify(src/ros2_course) by extensions ['ros']
[1.425s] Level 1:colcon.colcon_core.package_identification:_identify(src/ros2_course) by extension 'ros'
[1.425s] DEBUG:colcon.colcon_core.package_identification:Package 'src/ros2_course' with type 'ros.ament_python' and name 'ros2_course'
[1.425s] Level 1:colcon.colcon_core.package_discovery:discover_packages(recursive) using defaults
[1.425s] Level 1:colcon.colcon_core.package_discovery:discover_packages(ignore) discover
[1.425s] Level 1:colcon.colcon_core.package_discovery:discover_packages(ignore) using defaults
[1.425s] Level 1:colcon.colcon_core.package_discovery:discover_packages(path) discover
[1.425s] Level 1:colcon.colcon_core.package_discovery:discover_packages(path) using defaults
[1.585s] Level 1:colcon.colcon_core.package_discovery:discover_packages(prefix_path) check parameters
[1.585s] Level 1:colcon.colcon_core.package_discovery:discover_packages(prefix_path) discover
[1.619s] DEBUG:colcon.colcon_installed_package_information.package_discovery:Found 2 installed packages in /home/mperezes/ros2_ws/install
[1.638s] DEBUG:colcon.colcon_installed_package_information.package_discovery:Found 273 installed packages in /opt/ros/humble
[1.640s] Level 1:colcon.colcon_core.package_discovery:discover_packages(prefix_path) using defaults
[1.773s] Level 5:colcon.colcon_core.verb:set package 'hola' build argument 'cmake_args' from command line to 'None'
[1.773s] Level 5:colcon.colcon_core.verb:set package 'hola' build argument 'cmake_target' from command line to 'None'
[1.773s] Level 5:colcon.colcon_core.verb:set package 'hola' build argument 'cmake_target_skip_unavailable' from command line to 'False'
[1.773s] Level 5:colcon.colcon_core.verb:set package 'hola' build argument 'cmake_clean_cache' from command line to 'False'
[1.773s] Level 5:colcon.colcon_core.verb:set package 'hola' build argument 'cmake_clean_first' from command line to 'False'
[1.773s] Level 5:colcon.colcon_core.verb:set package 'hola' build argument 'cmake_force_configure' from command line to 'False'
[1.773s] Level 5:colcon.colcon_core.verb:set package 'hola' build argument 'ament_cmake_args' from command line to 'None'
[1.773s] Level 5:colcon.colcon_core.verb:set package 'hola' build argument 'catkin_cmake_args' from command line to 'None'
[1.773s] Level 5:colcon.colcon_core.verb:set package 'hola' build argument 'catkin_skip_building_tests' from command line to 'False'
[1.773s] DEBUG:colcon.colcon_core.verb:Building package 'hola' with the following arguments: {'ament_cmake_args': None, 'build_base': '/home/mperezes/ros2_ws/build/hola', 'catkin_cmake_args': None, 'catkin_skip_building_tests': False, 'cmake_args': None, 'cmake_clean_cache': False, 'cmake_clean_first': False, 'cmake_force_configure': False, 'cmake_target': None, 'cmake_target_skip_unavailable': False, 'install_base': '/home/mperezes/ros2_ws/install/hola', 'merge_install': False, 'path': '/home/mperezes/ros2_ws/src/hola', 'symlink_install': True, 'test_result_base': None}
[1.790s] Level 5:colcon.colcon_core.verb:set package 'ros2_course' build argument 'cmake_args' from command line to 'None'
[1.790s] Level 5:colcon.colcon_core.verb:set package 'ros2_course' build argument 'cmake_target' from command line to 'None'
[1.790s] Level 5:colcon.colcon_core.verb:set package 'ros2_course' build argument 'cmake_target_skip_unavailable' from command line to 'False'
[1.790s] Level 5:colcon.colcon_core.verb:set package 'ros2_course' build argument 'cmake_clean_cache' from command line to 'False'
[1.790s] Level 5:colcon.colcon_core.verb:set package 'ros2_course' build argument 'cmake_clean_first' from command line to 'False'
[1.790s] Level 5:colcon.colcon_core.verb:set package 'ros2_course' build argument 'cmake_force_configure' from command line to 'False'
[1.790s] Level 5:colcon.colcon_core.verb:set package 'ros2_course' build argument 'ament_cmake_args' from command line to 'None'
[1.790s] Level 5:colcon.colcon_core.verb:set package 'ros2_course' build argument 'catkin_cmake_args' from command line to 'None'
[1.790s] Level 5:colcon.colcon_core.verb:set package 'ros2_course' build argument 'catkin_skip_building_tests' from command line to 'False'
[1.790s] DEBUG:colcon.colcon_core.verb:Building package 'ros2_course' with the following arguments: {'ament_cmake_args': None, 'build_base': '/home/mperezes/ros2_ws/build/ros2_course', 'catkin_cmake_args': None, 'catkin_skip_building_tests': False, 'cmake_args': None, 'cmake_clean_cache': False, 'cmake_clean_first': False, 'cmake_force_configure': False, 'cmake_target': None, 'cmake_target_skip_unavailable': False, 'install_base': '/home/mperezes/ros2_ws/install/ros2_course', 'merge_install': False, 'path': '/home/mperezes/ros2_ws/src/ros2_course', 'symlink_install': True, 'test_result_base': None}
[1.808s] INFO:colcon.colcon_core.executor:Executing jobs using 'parallel' executor
[1.826s] DEBUG:colcon.colcon_parallel_executor.executor.parallel:run_until_complete
[1.826s] INFO:colcon.colcon_ros.task.ament_python.build:Building ROS package in '/home/mperezes/ros2_ws/src/hola' with build type 'ament_python'
[1.827s] Level 1:colcon.colcon_core.shell:create_environment_hook('hola', 'ament_prefix_path')
[1.846s] INFO:colcon.colcon_core.plugin_system:Skipping extension 'colcon_core.shell.bat': Not used on non-Windows systems
[1.847s] INFO:colcon.colcon_core.shell:Creating environment hook '/home/mperezes/ros2_ws/install/hola/share/hola/hook/ament_prefix_path.ps1'
[1.848s] INFO:colcon.colcon_core.shell:Creating environment descriptor '/home/mperezes/ros2_ws/install/hola/share/hola/hook/ament_prefix_path.dsv'
[1.849s] INFO:colcon.colcon_core.shell:Creating environment hook '/home/mperezes/ros2_ws/install/hola/share/hola/hook/ament_prefix_path.sh'
[1.891s] INFO:colcon.colcon_core.shell:Skip shell extension 'powershell' for command environment: Not usable outside of PowerShell
[1.891s] DEBUG:colcon.colcon_core.shell:Skip shell extension 'dsv' for command environment
[1.949s] INFO:colcon.colcon_ros.task.ament_python.build:Building ROS package in '/home/mperezes/ros2_ws/src/ros2_course' with build type 'ament_python'
[1.950s] Level 1:colcon.colcon_core.shell:create_environment_hook('ros2_course', 'ament_prefix_path')
[1.973s] INFO:colcon.colcon_core.shell:Creating environment hook '/home/mperezes/ros2_ws/install/ros2_course/share/ros2_course/hook/ament_prefix_path.ps1'
[1.975s] INFO:colcon.colcon_core.shell:Creating environment descriptor '/home/mperezes/ros2_ws/install/ros2_course/share/ros2_course/hook/ament_prefix_path.dsv'
[1.975s] INFO:colcon.colcon_core.shell:Creating environment hook '/home/mperezes/ros2_ws/install/ros2_course/share/ros2_course/hook/ament_prefix_path.sh'
[1.994s] INFO:colcon.colcon_core.shell:Skip shell extension 'powershell' for command environment: Not usable outside of PowerShell
[1.994s] DEBUG:colcon.colcon_core.shell:Skip shell extension 'dsv' for command environment
[2.816s] INFO:colcon.colcon_core.task.python.build:Building Python package in '/home/mperezes/ros2_ws/src/hola'
[2.833s] INFO:colcon.colcon_core.shell:Skip shell extension 'powershell' for command environment: Not usable outside of PowerShell
[2.833s] DEBUG:colcon.colcon_core.shell:Skip shell extension 'dsv' for command environment
[3.395s] INFO:colcon.colcon_core.task.python.build:Building Python package in '/home/mperezes/ros2_ws/src/ros2_course'
[3.437s] INFO:colcon.colcon_core.shell:Skip shell extension 'powershell' for command environment: Not usable outside of PowerShell
[3.437s] DEBUG:colcon.colcon_core.shell:Skip shell extension 'dsv' for command environment
[4.201s] DEBUG:colcon.colcon_core.event_handler.log_command:Invoking command in '/home/mperezes/ros2_ws/build/ros2_course': PYTHONPATH=/home/mperezes/ros2_ws/build/ros2_course/prefix_override:/home/mperezes/ros2_ws/install/ros2_course/lib/python3.10/site-packages:${PYTHONPATH} /usr/bin/python3 setup.py develop --editable --build-directory /home/mperezes/ros2_ws/build/ros2_course/build --no-deps install_data
[4.236s] DEBUG:colcon.colcon_core.event_handler.log_command:Invoking command in '/home/mperezes/ros2_ws/build/hola': PYTHONPATH=/home/mperezes/ros2_ws/build/hola/prefix_override:/home/mperezes/ros2_ws/install/hola/lib/python3.10/site-packages:${PYTHONPATH} /usr/bin/python3 setup.py develop --editable --build-directory /home/mperezes/ros2_ws/build/hola/build --no-deps install_data
[5.066s] Level 1:colcon.colcon_core.shell:create_environment_hook('ros2_course', 'pythonpath_develop')
[5.067s] DEBUG:colcon.colcon_core.event_handler.log_command:Invoked command in '/home/mperezes/ros2_ws/build/ros2_course' returned '0': PYTHONPATH=/home/mperezes/ros2_ws/build/ros2_course/prefix_override:/home/mperezes/ros2_ws/install/ros2_course/lib/python3.10/site-packages:${PYTHONPATH} /usr/bin/python3 setup.py develop --editable --build-directory /home/mperezes/ros2_ws/build/ros2_course/build --no-deps install_data
[5.085s] INFO:colcon.colcon_core.shell:Creating environment hook '/home/mperezes/ros2_ws/build/ros2_course/share/ros2_course/hook/pythonpath_develop.ps1'
[5.086s] INFO:colcon.colcon_core.shell:Creating environment descriptor '/home/mperezes/ros2_ws/build/ros2_course/share/ros2_course/hook/pythonpath_develop.dsv'
[5.086s] INFO:colcon.colcon_core.shell:Creating environment hook '/home/mperezes/ros2_ws/build/ros2_course/share/ros2_course/hook/pythonpath_develop.sh'
[5.130s] Level 1:colcon.colcon_core.environment:checking '/home/mperezes/ros2_ws/install/ros2_course' for CMake module files
[5.130s] Level 1:colcon.colcon_core.environment:checking '/home/mperezes/ros2_ws/install/ros2_course' for CMake config files
[5.131s] Level 1:colcon.colcon_core.environment:checking '/home/mperezes/ros2_ws/install/ros2_course/lib'
[5.131s] Level 1:colcon.colcon_core.environment:checking '/home/mperezes/ros2_ws/install/ros2_course/bin'
[5.131s] Level 1:colcon.colcon_core.environment:checking '/home/mperezes/ros2_ws/install/ros2_course/lib/pkgconfig/ros2_course.pc'
[5.131s] Level 1:colcon.colcon_core.environment:checking '/home/mperezes/ros2_ws/install/ros2_course/lib/python3.10/site-packages'
[5.132s] Level 1:colcon.colcon_core.shell:create_environment_hook('ros2_course', 'pythonpath')
[5.148s] INFO:colcon.colcon_core.shell:Creating environment hook '/home/mperezes/ros2_ws/install/ros2_course/share/ros2_course/hook/pythonpath.ps1'
[5.149s] INFO:colcon.colcon_core.shell:Creating environment descriptor '/home/mperezes/ros2_ws/install/ros2_course/share/ros2_course/hook/pythonpath.dsv'
[5.149s] INFO:colcon.colcon_core.shell:Creating environment hook '/home/mperezes/ros2_ws/install/ros2_course/share/ros2_course/hook/pythonpath.sh'
[5.150s] Level 1:colcon.colcon_core.environment:checking '/home/mperezes/ros2_ws/install/ros2_course/bin'
[5.150s] Level 1:colcon.colcon_core.environment:create_environment_scripts_only(ros2_course)
[5.167s] INFO:colcon.colcon_core.shell:Creating package script '/home/mperezes/ros2_ws/install/ros2_course/share/ros2_course/package.ps1'
[5.168s] INFO:colcon.colcon_core.shell:Creating package descriptor '/home/mperezes/ros2_ws/install/ros2_course/share/ros2_course/package.dsv'
[5.169s] INFO:colcon.colcon_core.shell:Creating package script '/home/mperezes/ros2_ws/install/ros2_course/share/ros2_course/package.sh'
[5.170s] INFO:colcon.colcon_core.shell:Creating package script '/home/mperezes/ros2_ws/install/ros2_course/share/ros2_course/package.bash'
[5.171s] INFO:colcon.colcon_core.shell:Creating package script '/home/mperezes/ros2_ws/install/ros2_course/share/ros2_course/package.zsh'
[5.172s] Level 1:colcon.colcon_core.environment:create_file_with_runtime_dependencies(/home/mperezes/ros2_ws/install/ros2_course/share/colcon-core/packages/ros2_course)
[5.174s] Level 1:colcon.colcon_core.shell:create_environment_hook('hola', 'pythonpath_develop')
[5.175s] DEBUG:colcon.colcon_core.event_handler.log_command:Invoked command in '/home/mperezes/ros2_ws/build/hola' returned '0': PYTHONPATH=/home/mperezes/ros2_ws/build/hola/prefix_override:/home/mperezes/ros2_ws/install/hola/lib/python3.10/site-packages:${PYTHONPATH} /usr/bin/python3 setup.py develop --editable --build-directory /home/mperezes/ros2_ws/build/hola/build --no-deps install_data
[5.192s] INFO:colcon.colcon_core.shell:Creating environment hook '/home/mperezes/ros2_ws/build/hola/share/hola/hook/pythonpath_develop.ps1'
[5.194s] INFO:colcon.colcon_core.shell:Creating environment descriptor '/home/mperezes/ros2_ws/build/hola/share/hola/hook/pythonpath_develop.dsv'
[5.195s] INFO:colcon.colcon_core.shell:Creating environment hook '/home/mperezes/ros2_ws/build/hola/share/hola/hook/pythonpath_develop.sh'
[5.213s] Level 1:colcon.colcon_core.environment:checking '/home/mperezes/ros2_ws/install/hola' for CMake module files
[5.213s] Level 1:colcon.colcon_core.environment:checking '/home/mperezes/ros2_ws/install/hola' for CMake config files
[5.214s] Level 1:colcon.colcon_core.environment:checking '/home/mperezes/ros2_ws/install/hola/lib'
[5.214s] Level 1:colcon.colcon_core.environment:checking '/home/mperezes/ros2_ws/install/hola/bin'
[5.214s] Level 1:colcon.colcon_core.environment:checking '/home/mperezes/ros2_ws/install/hola/lib/pkgconfig/hola.pc'
[5.214s] Level 1:colcon.colcon_core.environment:checking '/home/mperezes/ros2_ws/install/hola/lib/python3.10/site-packages'
[5.214s] Level 1:colcon.colcon_core.shell:create_environment_hook('hola', 'pythonpath')
[5.231s] INFO:colcon.colcon_core.shell:Creating environment hook '/home/mperezes/ros2_ws/install/hola/share/hola/hook/pythonpath.ps1'
[5.232s] INFO:colcon.colcon_core.shell:Creating environment descriptor '/home/mperezes/ros2_ws/install/hola/share/hola/hook/pythonpath.dsv'
[5.232s] INFO:colcon.colcon_core.shell:Creating environment hook '/home/mperezes/ros2_ws/install/hola/share/hola/hook/pythonpath.sh'
[5.233s] Level 1:colcon.colcon_core.environment:checking '/home/mperezes/ros2_ws/install/hola/bin'
[5.233s] Level 1:colcon.colcon_core.environment:create_environment_scripts_only(hola)
[5.250s] INFO:colcon.colcon_core.shell:Creating package script '/home/mperezes/ros2_ws/install/hola/share/hola/package.ps1'
[5.250s] INFO:colcon.colcon_core.shell:Creating package descriptor '/home/mperezes/ros2_ws/install/hola/share/hola/package.dsv'
[5.251s] INFO:colcon.colcon_core.shell:Creating package script '/home/mperezes/ros2_ws/install/hola/share/hola/package.sh'
[5.251s] INFO:colcon.colcon_core.shell:Creating package script '/home/mperezes/ros2_ws/install/hola/share/hola/package.bash'
[5.252s] INFO:colcon.colcon_core.shell:Creating package script '/home/mperezes/ros2_ws/install/hola/share/hola/package.zsh'
[5.252s] Level 1:colcon.colcon_core.environment:create_file_with_runtime_dependencies(/home/mperezes/ros2_ws/install/hola/share/colcon-core/packages/hola)
[5.252s] DEBUG:colcon.colcon_parallel_executor.executor.parallel:closing loop
[5.253s] DEBUG:colcon.colcon_parallel_executor.executor.parallel:loop closed
[5.253s] DEBUG:colcon.colcon_parallel_executor.executor.parallel:run_until_complete finished with '0'
[5.253s] DEBUG:colcon.colcon_core.event_reactor:joining thread
[5.296s] INFO:colcon.colcon_core.plugin_system:Skipping extension 'colcon_notification.desktop_notification.terminal_notifier': Not used on non-Darwin systems
[5.297s] INFO:colcon.colcon_core.plugin_system:Skipping extension 'colcon_notification.desktop_notification.win32': Not used on non-Windows systems
[5.297s] INFO:colcon.colcon_notification.desktop_notification:Sending desktop notification using 'notify2'
[5.315s] DEBUG:colcon.colcon_core.event_reactor:joined thread
[5.352s] INFO:colcon.colcon_core.shell:Creating prefix script '/home/mperezes/ros2_ws/install/local_setup.ps1'
[5.355s] INFO:colcon.colcon_core.shell:Creating prefix util module '/home/mperezes/ros2_ws/install/_local_setup_util_ps1.py'
[5.359s] INFO:colcon.colcon_core.shell:Creating prefix chain script '/home/mperezes/ros2_ws/install/setup.ps1'
[5.398s] INFO:colcon.colcon_core.shell:Creating prefix script '/home/mperezes/ros2_ws/install/local_setup.sh'
[5.399s] INFO:colcon.colcon_core.shell:Creating prefix util module '/home/mperezes/ros2_ws/install/_local_setup_util_sh.py'
[5.400s] INFO:colcon.colcon_core.shell:Creating prefix chain script '/home/mperezes/ros2_ws/install/setup.sh'
[5.423s] INFO:colcon.colcon_core.shell:Creating prefix script '/home/mperezes/ros2_ws/install/local_setup.bash'
[5.424s] INFO:colcon.colcon_core.shell:Creating prefix chain script '/home/mperezes/ros2_ws/install/setup.bash'
[5.465s] INFO:colcon.colcon_core.shell:Creating prefix script '/home/mperezes/ros2_ws/install/local_setup.zsh'
[5.466s] INFO:colcon.colcon_core.shell:Creating prefix chain script '/home/mperezes/ros2_ws/install/setup.zsh'
