[1.293s] Invoking command in '/home/mperezes/ros2_ws/build/ros2_course': PYTHONPATH=/home/mperezes/ros2_ws/build/ros2_course/prefix_override:/home/mperezes/ros2_ws/install/ros2_course/lib/python3.10/site-packages:${PYTHONPATH} /usr/bin/python3 setup.py develop --uninstall --editable --build-directory /home/mperezes/ros2_ws/build/ros2_course/build
[1.604s] running develop
[1.604s] /usr/lib/python3/dist-packages/setuptools/command/easy_install.py:158: EasyInstallDeprecationWarning: easy_install command is deprecated. Use build and pip and other standards-based tools.
[1.604s]   warnings.warn(
[1.605s] /usr/lib/python3/dist-packages/setuptools/command/install.py:34: SetuptoolsDeprecationWarning: setup.py install is deprecated. Use build and pip and other standards-based tools.
[1.606s]   warnings.warn(
[1.792s] Removing /home/mperezes/ros2_ws/install/ros2_course/lib/python3.10/site-packages/ros2-course.egg-link (link to .)
[1.849s] Invoked command in '/home/mperezes/ros2_ws/build/ros2_course' returned '0': PYTHONPATH=/home/mperezes/ros2_ws/build/ros2_course/prefix_override:/home/mperezes/ros2_ws/install/ros2_course/lib/python3.10/site-packages:${PYTHONPATH} /usr/bin/python3 setup.py develop --uninstall --editable --build-directory /home/mperezes/ros2_ws/build/ros2_course/build
[1.851s] Invoking command in '/home/mperezes/ros2_ws/src/ros2_course': PYTHONPATH=/home/mperezes/ros2_ws/build/ros2_course/prefix_override:/home/mperezes/ros2_ws/install/ros2_course/lib/python3.10/site-packages:${PYTHONPATH} /usr/bin/python3 setup.py egg_info --egg-base ../../build/ros2_course build --build-base /home/mperezes/ros2_ws/build/ros2_course/build install --record /home/mperezes/ros2_ws/build/ros2_course/install.log --single-version-externally-managed
[2.141s] running egg_info
[2.142s] writing ../../build/ros2_course/ros2_course.egg-info/PKG-INFO
[2.143s] writing dependency_links to ../../build/ros2_course/ros2_course.egg-info/dependency_links.txt
[2.143s] writing entry points to ../../build/ros2_course/ros2_course.egg-info/entry_points.txt
[2.143s] writing requirements to ../../build/ros2_course/ros2_course.egg-info/requires.txt
[2.143s] writing top-level names to ../../build/ros2_course/ros2_course.egg-info/top_level.txt
[2.145s] reading manifest file '../../build/ros2_course/ros2_course.egg-info/SOURCES.txt'
[2.146s] writing manifest file '../../build/ros2_course/ros2_course.egg-info/SOURCES.txt'
[2.146s] running build
[2.146s] running build_py
[2.147s] copying ros2_course/talker.py -> /home/mperezes/ros2_ws/build/ros2_course/build/lib/ros2_course
[2.149s] copying ros2_course/turtlesim_controller.py -> /home/mperezes/ros2_ws/build/ros2_course/build/lib/ros2_course
[2.150s] copying ros2_course/listener.py -> /home/mperezes/ros2_ws/build/ros2_course/build/lib/ros2_course
[2.151s] running install
[2.151s] /usr/lib/python3/dist-packages/setuptools/command/install.py:34: SetuptoolsDeprecationWarning: setup.py install is deprecated. Use build and pip and other standards-based tools.
[2.151s]   warnings.warn(
[2.151s] running install_lib
[2.153s] creating /home/mperezes/ros2_ws/install/ros2_course/lib/python3.10/site-packages/ros2_course
[2.153s] copying /home/mperezes/ros2_ws/build/ros2_course/build/lib/ros2_course/talker.py -> /home/mperezes/ros2_ws/install/ros2_course/lib/python3.10/site-packages/ros2_course
[2.153s] copying /home/mperezes/ros2_ws/build/ros2_course/build/lib/ros2_course/hello.py -> /home/mperezes/ros2_ws/install/ros2_course/lib/python3.10/site-packages/ros2_course
[2.154s] copying /home/mperezes/ros2_ws/build/ros2_course/build/lib/ros2_course/turtlesim_controller.py -> /home/mperezes/ros2_ws/install/ros2_course/lib/python3.10/site-packages/ros2_course
[2.154s] copying /home/mperezes/ros2_ws/build/ros2_course/build/lib/ros2_course/listener.py -> /home/mperezes/ros2_ws/install/ros2_course/lib/python3.10/site-packages/ros2_course
[2.154s] copying /home/mperezes/ros2_ws/build/ros2_course/build/lib/ros2_course/__init__.py -> /home/mperezes/ros2_ws/install/ros2_course/lib/python3.10/site-packages/ros2_course
[2.155s] byte-compiling /home/mperezes/ros2_ws/install/ros2_course/lib/python3.10/site-packages/ros2_course/talker.py to talker.cpython-310.pyc
[2.156s] byte-compiling /home/mperezes/ros2_ws/install/ros2_course/lib/python3.10/site-packages/ros2_course/hello.py to hello.cpython-310.pyc
[2.156s] byte-compiling /home/mperezes/ros2_ws/install/ros2_course/lib/python3.10/site-packages/ros2_course/turtlesim_controller.py to turtlesim_controller.cpython-310.pyc
[2.157s] byte-compiling /home/mperezes/ros2_ws/install/ros2_course/lib/python3.10/site-packages/ros2_course/listener.py to listener.cpython-310.pyc
[2.158s] byte-compiling /home/mperezes/ros2_ws/install/ros2_course/lib/python3.10/site-packages/ros2_course/__init__.py to __init__.cpython-310.pyc
[2.158s] running install_data
[2.159s] running install_egg_info
[2.161s] Copying ../../build/ros2_course/ros2_course.egg-info to /home/mperezes/ros2_ws/install/ros2_course/lib/python3.10/site-packages/ros2_course-0.0.0-py3.10.egg-info
[2.162s] running install_scripts
[2.190s] Installing hello script to /home/mperezes/ros2_ws/install/ros2_course/lib/ros2_course
[2.191s] Installing listener script to /home/mperezes/ros2_ws/install/ros2_course/lib/ros2_course
[2.191s] Installing talker script to /home/mperezes/ros2_ws/install/ros2_course/lib/ros2_course
[2.192s] writing list of installed files to '/home/mperezes/ros2_ws/build/ros2_course/install.log'
[2.294s] Invoked command in '/home/mperezes/ros2_ws/src/ros2_course' returned '0': PYTHONPATH=/home/mperezes/ros2_ws/build/ros2_course/prefix_override:/home/mperezes/ros2_ws/install/ros2_course/lib/python3.10/site-packages:${PYTHONPATH} /usr/bin/python3 setup.py egg_info --egg-base ../../build/ros2_course build --build-base /home/mperezes/ros2_ws/build/ros2_course/build install --record /home/mperezes/ros2_ws/build/ros2_course/install.log --single-version-externally-managed
