[1.243s] Invoking command in '/home/mperezes/ros2_ws/build/ros2_course': PYTHONPATH=/home/mperezes/ros2_ws/build/ros2_course/prefix_override:/home/mperezes/ros2_ws/install/ros2_course/lib/python3.10/site-packages:${PYTHONPATH} /usr/bin/python3 setup.py develop --editable --build-directory /home/mperezes/ros2_ws/build/ros2_course/build --no-deps install_data
[1.541s] running develop
[1.542s] /usr/lib/python3/dist-packages/setuptools/command/easy_install.py:158: EasyInstallDeprecationWarning: easy_install command is deprecated. Use build and pip and other standards-based tools.
[1.542s]   warnings.warn(
[1.544s] /usr/lib/python3/dist-packages/setuptools/command/install.py:34: SetuptoolsDeprecationWarning: setup.py install is deprecated. Use build and pip and other standards-based tools.
[1.544s]   warnings.warn(
[1.727s] running egg_info
[1.727s] creating ros2_course.egg-info
[1.727s] writing ros2_course.egg-info/PKG-INFO
[1.727s] writing dependency_links to ros2_course.egg-info/dependency_links.txt
[1.727s] writing entry points to ros2_course.egg-info/entry_points.txt
[1.727s] writing requirements to ros2_course.egg-info/requires.txt
[1.727s] writing top-level names to ros2_course.egg-info/top_level.txt
[1.728s] writing manifest file 'ros2_course.egg-info/SOURCES.txt'
[1.729s] reading manifest file 'ros2_course.egg-info/SOURCES.txt'
[1.730s] writing manifest file 'ros2_course.egg-info/SOURCES.txt'
[1.733s] running build_ext
[1.733s] Creating /home/mperezes/ros2_ws/install/ros2_course/lib/python3.10/site-packages/ros2-course.egg-link (link to .)
[1.734s] Installing hello script to /home/mperezes/ros2_ws/install/ros2_course/lib/ros2_course
[1.734s] 
[1.734s] Installed /home/mperezes/ros2_ws/build/ros2_course
[1.735s] running install_data
[1.735s] creating /home/mperezes/ros2_ws/install/ros2_course/share/ament_index
[1.735s] creating /home/mperezes/ros2_ws/install/ros2_course/share/ament_index/resource_index
[1.735s] creating /home/mperezes/ros2_ws/install/ros2_course/share/ament_index/resource_index/packages
[1.735s] copying resource/ros2_course -> /home/mperezes/ros2_ws/install/ros2_course/share/ament_index/resource_index/packages
[1.735s] copying package.xml -> /home/mperezes/ros2_ws/install/ros2_course/share/ros2_course
[1.910s] Invoked command in '/home/mperezes/ros2_ws/build/ros2_course' returned '0': PYTHONPATH=/home/mperezes/ros2_ws/build/ros2_course/prefix_override:/home/mperezes/ros2_ws/install/ros2_course/lib/python3.10/site-packages:${PYTHONPATH} /usr/bin/python3 setup.py develop --editable --build-directory /home/mperezes/ros2_ws/build/ros2_course/build --no-deps install_data
