[1.278s] Invoking command in '/home/mperezes/ros2_ws/build/ros2_course': PYTHONPATH=/home/mperezes/ros2_ws/build/ros2_course/prefix_override:/home/mperezes/ros2_ws/install/ros2_course/lib/python3.10/site-packages:${PYTHONPATH} /usr/bin/python3 setup.py develop --editable --build-directory /home/mperezes/ros2_ws/build/ros2_course/build --no-deps install_data
[1.646s] running develop
[1.646s] /usr/lib/python3/dist-packages/setuptools/command/easy_install.py:158: EasyInstallDeprecationWarning: easy_install command is deprecated. Use build and pip and other standards-based tools.
[1.647s]   warnings.warn(
[1.648s] /usr/lib/python3/dist-packages/setuptools/command/install.py:34: SetuptoolsDeprecationWarning: setup.py install is deprecated. Use build and pip and other standards-based tools.
[1.648s]   warnings.warn(
[1.849s] running egg_info
[1.849s] writing ros2_course.egg-info/PKG-INFO
[1.850s] writing dependency_links to ros2_course.egg-info/dependency_links.txt
[1.850s] writing entry points to ros2_course.egg-info/entry_points.txt
[1.850s] writing requirements to ros2_course.egg-info/requires.txt
[1.850s] writing top-level names to ros2_course.egg-info/top_level.txt
[1.852s] reading manifest file 'ros2_course.egg-info/SOURCES.txt'
[1.853s] writing manifest file 'ros2_course.egg-info/SOURCES.txt'
[1.854s] running build_ext
[1.855s] Creating /home/mperezes/ros2_ws/install/ros2_course/lib/python3.10/site-packages/ros2-course.egg-link (link to .)
[1.856s] Installing hello script to /home/mperezes/ros2_ws/install/ros2_course/lib/ros2_course
[1.856s] Installing listener script to /home/mperezes/ros2_ws/install/ros2_course/lib/ros2_course
[1.856s] Installing talker script to /home/mperezes/ros2_ws/install/ros2_course/lib/ros2_course
[1.857s] 
[1.857s] Installed /home/mperezes/ros2_ws/build/ros2_course
[1.857s] running install_data
[1.992s] Invoked command in '/home/mperezes/ros2_ws/build/ros2_course' returned '0': PYTHONPATH=/home/mperezes/ros2_ws/build/ros2_course/prefix_override:/home/mperezes/ros2_ws/install/ros2_course/lib/python3.10/site-packages:${PYTHONPATH} /usr/bin/python3 setup.py develop --editable --build-directory /home/mperezes/ros2_ws/build/ros2_course/build --no-deps install_data
