[1.551s] DEBUG:colcon:Command line arguments: ['/usr/bin/colcon', 'build', '--symlink-install']
[1.551s] DEBUG:colcon:Parsed command line arguments: Namespace(log_base=None, log_level=None, verb_name='build', build_base='build', install_base='install', merge_install=False, symlink_install=True, test_result_base=None, continue_on_error=False, executor='parallel', parallel_workers=4, event_handlers=None, ignore_user_meta=False, metas=['./colcon.meta'], base_paths=['.'], packages_ignore=None, packages_ignore_regex=None, paths=None, packages_up_to=None, packages_up_to_regex=None, packages_above=None, packages_above_and_dependencies=None, packages_above_depth=None, packages_select_by_dep=None, packages_skip_by_dep=None, packages_skip_up_to=None, packages_select_build_failed=False, packages_skip_build_finished=False, packages_select_test_failures=False, packages_skip_test_passed=False, packages_select=None, packages_skip=None, packages_select_regex=None, packages_skip_regex=None, packages_start=None, packages_end=None, allow_overriding=[], cmake_args=None, cmake_target=None, cmake_target_skip_unavailable=False, cmake_clean_cache=False, cmake_clean_first=False, cmake_force_configure=False, ament_cmake_args=None, catkin_cmake_args=None, catkin_skip_building_tests=False, verb_parser=<colcon_defaults.argument_parser.defaults.DefaultArgumentsDecorator object at 0x7fe7f4731810>, verb_extension=<colcon_core.verb.build.BuildVerb object at 0x7fe7f472dab0>, main=<bound method BuildVerb.main of <colcon_core.verb.build.BuildVerb object at 0x7fe7f472dab0>>)
[1.613s] Level 1:colcon.colcon_core.package_discovery:discover_packages(colcon_meta) check parameters
[1.614s] Level 1:colcon.colcon_core.package_discovery:discover_packages(recursive) check parameters
[1.614s] Level 1:colcon.colcon_core.package_discovery:discover_packages(ignore) check parameters
[1.614s] Level 1:colcon.colcon_core.package_discovery:discover_packages(path) check parameters
[1.614s] Level 1:colcon.colcon_core.package_discovery:discover_packages(colcon_meta) discover
[1.614s] Level 1:colcon.colcon_core.package_discovery:discover_packages(recursive) discover
[1.614s] INFO:colcon.colcon_core.package_discovery:Crawling recursively for packages in '/home/mperezes/ros2_ws'
[1.614s] Level 1:colcon.colcon_core.package_identification:_identify(.) by extensions ['ignore', 'ignore_ament_install']
[1.615s] Level 1:colcon.colcon_core.package_identification:_identify(.) by extension 'ignore'
[1.615s] Level 1:colcon.colcon_core.package_identification:_identify(.) by extension 'ignore_ament_install'
[1.615s] Level 1:colcon.colcon_core.package_identification:_identify(.) by extensions ['colcon_pkg']
[1.615s] Level 1:colcon.colcon_core.package_identification:_identify(.) by extension 'colcon_pkg'
[1.615s] Level 1:colcon.colcon_core.package_identification:_identify(.) by extensions ['colcon_meta']
[1.615s] Level 1:colcon.colcon_core.package_identification:_identify(.) by extension 'colcon_meta'
[1.615s] Level 1:colcon.colcon_core.package_identification:_identify(.) by extensions ['ros']
[1.615s] Level 1:colcon.colcon_core.package_identification:_identify(.) by extension 'ros'
[1.631s] Level 1:colcon.colcon_core.package_identification:_identify(.) by extensions ['cmake', 'python']
[1.632s] Level 1:colcon.colcon_core.package_identification:_identify(.) by extension 'cmake'
[1.632s] Level 1:colcon.colcon_core.package_identification:_identify(.) by extension 'python'
[1.632s] Level 1:colcon.colcon_core.package_identification:_identify(.) by extensions ['python_setup_py']
[1.632s] Level 1:colcon.colcon_core.package_identification:_identify(.) by extension 'python_setup_py'
[1.632s] Level 1:colcon.colcon_core.package_identification:_identify(build) by extensions ['ignore', 'ignore_ament_install']
[1.632s] Level 1:colcon.colcon_core.package_identification:_identify(build) by extension 'ignore'
[1.632s] Level 1:colcon.colcon_core.package_identification:_identify(build) ignored
[1.632s] Level 1:colcon.colcon_core.package_identification:_identify(install) by extensions ['ignore', 'ignore_ament_install']
[1.632s] Level 1:colcon.colcon_core.package_identification:_identify(install) by extension 'ignore'
[1.632s] Level 1:colcon.colcon_core.package_identification:_identify(install) ignored
[1.633s] Level 1:colcon.colcon_core.package_identification:_identify(log) by extensions ['ignore', 'ignore_ament_install']
[1.633s] Level 1:colcon.colcon_core.package_identification:_identify(log) by extension 'ignore'
[1.633s] Level 1:colcon.colcon_core.package_identification:_identify(log) ignored
[1.633s] Level 1:colcon.colcon_core.package_identification:_identify(src) by extensions ['ignore', 'ignore_ament_install']
[1.633s] Level 1:colcon.colcon_core.package_identification:_identify(src) by extension 'ignore'
[1.633s] Level 1:colcon.colcon_core.package_identification:_identify(src) by extension 'ignore_ament_install'
[1.633s] Level 1:colcon.colcon_core.package_identification:_identify(src) by extensions ['colcon_pkg']
[1.633s] Level 1:colcon.colcon_core.package_identification:_identify(src) by extension 'colcon_pkg'
[1.633s] Level 1:colcon.colcon_core.package_identification:_identify(src) by extensions ['colcon_meta']
[1.633s] Level 1:colcon.colcon_core.package_identification:_identify(src) by extension 'colcon_meta'
[1.633s] Level 1:colcon.colcon_core.package_identification:_identify(src) by extensions ['ros']
[1.633s] Level 1:colcon.colcon_core.package_identification:_identify(src) by extension 'ros'
[1.633s] Level 1:colcon.colcon_core.package_identification:_identify(src) by extensions ['cmake', 'python']
[1.633s] Level 1:colcon.colcon_core.package_identification:_identify(src) by extension 'cmake'
[1.633s] Level 1:colcon.colcon_core.package_identification:_identify(src) by extension 'python'
[1.633s] Level 1:colcon.colcon_core.package_identification:_identify(src) by extensions ['python_setup_py']
[1.633s] Level 1:colcon.colcon_core.package_identification:_identify(src) by extension 'python_setup_py'
[1.633s] Level 1:colcon.colcon_core.package_identification:_identify(src/hola) by extensions ['ignore', 'ignore_ament_install']
[1.634s] Level 1:colcon.colcon_core.package_identification:_identify(src/hola) by extension 'ignore'
[1.634s] Level 1:colcon.colcon_core.package_identification:_identify(src/hola) by extension 'ignore_ament_install'
[1.634s] Level 1:colcon.colcon_core.package_identification:_identify(src/hola) by extensions ['colcon_pkg']
[1.634s] Level 1:colcon.colcon_core.package_identification:_identify(src/hola) by extension 'colcon_pkg'
[1.634s] Level 1:colcon.colcon_core.package_identification:_identify(src/hola) by extensions ['colcon_meta']
[1.634s] Level 1:colcon.colcon_core.package_identification:_identify(src/hola) by extension 'colcon_meta'
[1.634s] Level 1:colcon.colcon_core.package_identification:_identify(src/hola) by extensions ['ros']
[1.634s] Level 1:colcon.colcon_core.package_identification:_identify(src/hola) by extension 'ros'
[1.637s] DEBUG:colcon.colcon_core.package_identification:Package 'src/hola' with type 'ros.ament_python' and name 'hola'
[1.637s] Level 1:colcon.colcon_core.package_identification:_identify(src/ros2_course) by extensions ['ignore', 'ignore_ament_install']
[1.637s] Level 1:colcon.colcon_core.package_identification:_identify(src/ros2_course) by extension 'ignore'
[1.637s] Level 1:colcon.colcon_core.package_identification:_identify(src/ros2_course) by extension 'ignore_ament_install'
[1.637s] Level 1:colcon.colcon_core.package_identification:_identify(src/ros2_course) by extensions ['colcon_pkg']
[1.637s] Level 1:colcon.colcon_core.package_identification:_identify(src/ros2_course) by extension 'colcon_pkg'
[1.637s] Level 1:colcon.colcon_core.package_identification:_identify(src/ros2_course) by extensions ['colcon_meta']
[1.637s] Level 1:colcon.colcon_core.package_identification:_identify(src/ros2_course) by extension 'colcon_meta'
[1.637s] Level 1:colcon.colcon_core.package_identification:_identify(src/ros2_course) by extensions ['ros']
[1.637s] Level 1:colcon.colcon_core.package_identification:_identify(src/ros2_course) by extension 'ros'
[1.638s] DEBUG:colcon.colcon_core.package_identification:Package 'src/ros2_course' with type 'ros.ament_python' and name 'ros2_course'
[1.638s] Level 1:colcon.colcon_core.package_discovery:discover_packages(recursive) using defaults
[1.638s] Level 1:colcon.colcon_core.package_discovery:discover_packages(ignore) discover
[1.638s] Level 1:colcon.colcon_core.package_discovery:discover_packages(ignore) using defaults
[1.638s] Level 1:colcon.colcon_core.package_discovery:discover_packages(path) discover
[1.638s] Level 1:colcon.colcon_core.package_discovery:discover_packages(path) using defaults
[1.761s] Level 1:colcon.colcon_core.package_discovery:discover_packages(prefix_path) check parameters
[1.762s] Level 1:colcon.colcon_core.package_discovery:discover_packages(prefix_path) discover
[1.802s] DEBUG:colcon.colcon_installed_package_information.package_discovery:Found 2 installed packages in /home/mperezes/ros2_ws/install
[1.823s] DEBUG:colcon.colcon_installed_package_information.package_discovery:Found 273 installed packages in /opt/ros/humble
[1.826s] Level 1:colcon.colcon_core.package_discovery:discover_packages(prefix_path) using defaults
[1.966s] Level 5:colcon.colcon_core.verb:set package 'hola' build argument 'cmake_args' from command line to 'None'
[1.966s] Level 5:colcon.colcon_core.verb:set package 'hola' build argument 'cmake_target' from command line to 'None'
[1.966s] Level 5:colcon.colcon_core.verb:set package 'hola' build argument 'cmake_target_skip_unavailable' from command line to 'False'
[1.966s] Level 5:colcon.colcon_core.verb:set package 'hola' build argument 'cmake_clean_cache' from command line to 'False'
[1.966s] Level 5:colcon.colcon_core.verb:set package 'hola' build argument 'cmake_clean_first' from command line to 'False'
[1.966s] Level 5:colcon.colcon_core.verb:set package 'hola' build argument 'cmake_force_configure' from command line to 'False'
[1.966s] Level 5:colcon.colcon_core.verb:set package 'hola' build argument 'ament_cmake_args' from command line to 'None'
[1.966s] Level 5:colcon.colcon_core.verb:set package 'hola' build argument 'catkin_cmake_args' from command line to 'None'
[1.966s] Level 5:colcon.colcon_core.verb:set package 'hola' build argument 'catkin_skip_building_tests' from command line to 'False'
[1.966s] DEBUG:colcon.colcon_core.verb:Building package 'hola' with the following arguments: {'ament_cmake_args': None, 'build_base': '/home/mperezes/ros2_ws/build/hola', 'catkin_cmake_args': None, 'catkin_skip_building_tests': False, 'cmake_args': None, 'cmake_clean_cache': False, 'cmake_clean_first': False, 'cmake_force_configure': False, 'cmake_target': None, 'cmake_target_skip_unavailable': False, 'install_base': '/home/mperezes/ros2_ws/install/hola', 'merge_install': False, 'path': '/home/mperezes/ros2_ws/src/hola', 'symlink_install': True, 'test_result_base': None}
[1.987s] Level 5:colcon.colcon_core.verb:set package 'ros2_course' build argument 'cmake_args' from command line to 'None'
[1.987s] Level 5:colcon.colcon_core.verb:set package 'ros2_course' build argument 'cmake_target' from command line to 'None'
[1.987s] Level 5:colcon.colcon_core.verb:set package 'ros2_course' build argument 'cmake_target_skip_unavailable' from command line to 'False'
[1.987s] Level 5:colcon.colcon_core.verb:set package 'ros2_course' build argument 'cmake_clean_cache' from command line to 'False'
[1.988s] Level 5:colcon.colcon_core.verb:set package 'ros2_course' build argument 'cmake_clean_first' from command line to 'False'
[1.988s] Level 5:colcon.colcon_core.verb:set package 'ros2_course' build argument 'cmake_force_configure' from command line to 'False'
[1.988s] Level 5:colcon.colcon_core.verb:set package 'ros2_course' build argument 'ament_cmake_args' from command line to 'None'
[1.988s] Level 5:colcon.colcon_core.verb:set package 'ros2_course' build argument 'catkin_cmake_args' from command line to 'None'
[1.988s] Level 5:colcon.colcon_core.verb:set package 'ros2_course' build argument 'catkin_skip_building_tests' from command line to 'False'
[1.988s] DEBUG:colcon.colcon_core.verb:Building package 'ros2_course' with the following arguments: {'ament_cmake_args': None, 'build_base': '/home/mperezes/ros2_ws/build/ros2_course', 'catkin_cmake_args': None, 'catkin_skip_building_tests': False, 'cmake_args': None, 'cmake_clean_cache': False, 'cmake_clean_first': False, 'cmake_force_configure': False, 'cmake_target': None, 'cmake_target_skip_unavailable': False, 'install_base': '/home/mperezes/ros2_ws/install/ros2_course', 'merge_install': False, 'path': '/home/mperezes/ros2_ws/src/ros2_course', 'symlink_install': True, 'test_result_base': None}
[2.007s] INFO:colcon.colcon_core.executor:Executing jobs using 'parallel' executor
[2.027s] DEBUG:colcon.colcon_parallel_executor.executor.parallel:run_until_complete
[2.027s] INFO:colcon.colcon_ros.task.ament_python.build:Building ROS package in '/home/mperezes/ros2_ws/src/hola' with build type 'ament_python'
[2.028s] Level 1:colcon.colcon_core.shell:create_environment_hook('hola', 'ament_prefix_path')
[2.050s] INFO:colcon.colcon_core.plugin_system:Skipping extension 'colcon_core.shell.bat': Not used on non-Windows systems
[2.050s] INFO:colcon.colcon_core.shell:Creating environment hook '/home/mperezes/ros2_ws/install/hola/share/hola/hook/ament_prefix_path.ps1'
[2.051s] INFO:colcon.colcon_core.shell:Creating environment descriptor '/home/mperezes/ros2_ws/install/hola/share/hola/hook/ament_prefix_path.dsv'
[2.051s] INFO:colcon.colcon_core.shell:Creating environment hook '/home/mperezes/ros2_ws/install/hola/share/hola/hook/ament_prefix_path.sh'
[2.074s] INFO:colcon.colcon_core.shell:Skip shell extension 'powershell' for command environment: Not usable outside of PowerShell
[2.074s] DEBUG:colcon.colcon_core.shell:Skip shell extension 'dsv' for command environment
[2.140s] INFO:colcon.colcon_ros.task.ament_python.build:Building ROS package in '/home/mperezes/ros2_ws/src/ros2_course' with build type 'ament_python'
[2.141s] Level 1:colcon.colcon_core.shell:create_environment_hook('ros2_course', 'ament_prefix_path')
[2.159s] INFO:colcon.colcon_core.shell:Creating environment hook '/home/mperezes/ros2_ws/install/ros2_course/share/ros2_course/hook/ament_prefix_path.ps1'
[2.161s] INFO:colcon.colcon_core.shell:Creating environment descriptor '/home/mperezes/ros2_ws/install/ros2_course/share/ros2_course/hook/ament_prefix_path.dsv'
[2.163s] INFO:colcon.colcon_core.shell:Creating environment hook '/home/mperezes/ros2_ws/install/ros2_course/share/ros2_course/hook/ament_prefix_path.sh'
[2.182s] INFO:colcon.colcon_core.shell:Skip shell extension 'powershell' for command environment: Not usable outside of PowerShell
[2.182s] DEBUG:colcon.colcon_core.shell:Skip shell extension 'dsv' for command environment
[2.654s] INFO:colcon.colcon_core.task.python.build:Building Python package in '/home/mperezes/ros2_ws/src/hola'
[2.675s] INFO:colcon.colcon_core.shell:Skip shell extension 'powershell' for command environment: Not usable outside of PowerShell
[2.675s] DEBUG:colcon.colcon_core.shell:Skip shell extension 'dsv' for command environment
[3.197s] INFO:colcon.colcon_core.task.python.build:Building Python package in '/home/mperezes/ros2_ws/src/ros2_course'
[3.216s] INFO:colcon.colcon_core.shell:Skip shell extension 'powershell' for command environment: Not usable outside of PowerShell
[3.216s] DEBUG:colcon.colcon_core.shell:Skip shell extension 'dsv' for command environment
[3.826s] DEBUG:colcon.colcon_core.event_handler.log_command:Invoking command in '/home/mperezes/ros2_ws/build/ros2_course': PYTHONPATH=/home/mperezes/ros2_ws/build/ros2_course/prefix_override:/home/mperezes/ros2_ws/install/ros2_course/lib/python3.10/site-packages:${PYTHONPATH} /usr/bin/python3 setup.py develop --editable --build-directory /home/mperezes/ros2_ws/build/ros2_course/build --no-deps install_data
[3.844s] DEBUG:colcon.colcon_core.event_handler.log_command:Invoking command in '/home/mperezes/ros2_ws/build/hola': PYTHONPATH=/home/mperezes/ros2_ws/build/hola/prefix_override:/home/mperezes/ros2_ws/install/hola/lib/python3.10/site-packages:${PYTHONPATH} /usr/bin/python3 setup.py develop --editable --build-directory /home/mperezes/ros2_ws/build/hola/build --no-deps install_data
[4.600s] Level 1:colcon.colcon_core.shell:create_environment_hook('ros2_course', 'pythonpath_develop')
[4.618s] DEBUG:colcon.colcon_core.event_handler.log_command:Invoked command in '/home/mperezes/ros2_ws/build/ros2_course' returned '0': PYTHONPATH=/home/mperezes/ros2_ws/build/ros2_course/prefix_override:/home/mperezes/ros2_ws/install/ros2_course/lib/python3.10/site-packages:${PYTHONPATH} /usr/bin/python3 setup.py develop --editable --build-directory /home/mperezes/ros2_ws/build/ros2_course/build --no-deps install_data
[4.623s] INFO:colcon.colcon_core.shell:Creating environment hook '/home/mperezes/ros2_ws/build/ros2_course/share/ros2_course/hook/pythonpath_develop.ps1'
[4.624s] INFO:colcon.colcon_core.shell:Creating environment descriptor '/home/mperezes/ros2_ws/build/ros2_course/share/ros2_course/hook/pythonpath_develop.dsv'
[4.625s] INFO:colcon.colcon_core.shell:Creating environment hook '/home/mperezes/ros2_ws/build/ros2_course/share/ros2_course/hook/pythonpath_develop.sh'
[4.648s] Level 1:colcon.colcon_core.environment:checking '/home/mperezes/ros2_ws/install/ros2_course' for CMake module files
[4.649s] Level 1:colcon.colcon_core.environment:checking '/home/mperezes/ros2_ws/install/ros2_course' for CMake config files
[4.649s] Level 1:colcon.colcon_core.environment:checking '/home/mperezes/ros2_ws/install/ros2_course/lib'
[4.650s] Level 1:colcon.colcon_core.environment:checking '/home/mperezes/ros2_ws/install/ros2_course/bin'
[4.650s] Level 1:colcon.colcon_core.environment:checking '/home/mperezes/ros2_ws/install/ros2_course/lib/pkgconfig/ros2_course.pc'
[4.650s] Level 1:colcon.colcon_core.environment:checking '/home/mperezes/ros2_ws/install/ros2_course/lib/python3.10/site-packages'
[4.650s] Level 1:colcon.colcon_core.shell:create_environment_hook('ros2_course', 'pythonpath')
[4.678s] INFO:colcon.colcon_core.shell:Creating environment hook '/home/mperezes/ros2_ws/install/ros2_course/share/ros2_course/hook/pythonpath.ps1'
[4.679s] INFO:colcon.colcon_core.shell:Creating environment descriptor '/home/mperezes/ros2_ws/install/ros2_course/share/ros2_course/hook/pythonpath.dsv'
[4.680s] INFO:colcon.colcon_core.shell:Creating environment hook '/home/mperezes/ros2_ws/install/ros2_course/share/ros2_course/hook/pythonpath.sh'
[4.681s] Level 1:colcon.colcon_core.environment:checking '/home/mperezes/ros2_ws/install/ros2_course/bin'
[4.681s] Level 1:colcon.colcon_core.environment:create_environment_scripts_only(ros2_course)
[4.703s] INFO:colcon.colcon_core.shell:Creating package script '/home/mperezes/ros2_ws/install/ros2_course/share/ros2_course/package.ps1'
[4.705s] INFO:colcon.colcon_core.shell:Creating package descriptor '/home/mperezes/ros2_ws/install/ros2_course/share/ros2_course/package.dsv'
[4.706s] INFO:colcon.colcon_core.shell:Creating package script '/home/mperezes/ros2_ws/install/ros2_course/share/ros2_course/package.sh'
[4.708s] INFO:colcon.colcon_core.shell:Creating package script '/home/mperezes/ros2_ws/install/ros2_course/share/ros2_course/package.bash'
[4.710s] INFO:colcon.colcon_core.shell:Creating package script '/home/mperezes/ros2_ws/install/ros2_course/share/ros2_course/package.zsh'
[4.713s] Level 1:colcon.colcon_core.environment:create_file_with_runtime_dependencies(/home/mperezes/ros2_ws/install/ros2_course/share/colcon-core/packages/ros2_course)
[4.716s] Level 1:colcon.colcon_core.shell:create_environment_hook('hola', 'pythonpath_develop')
[4.717s] DEBUG:colcon.colcon_core.event_handler.log_command:Invoked command in '/home/mperezes/ros2_ws/build/hola' returned '0': PYTHONPATH=/home/mperezes/ros2_ws/build/hola/prefix_override:/home/mperezes/ros2_ws/install/hola/lib/python3.10/site-packages:${PYTHONPATH} /usr/bin/python3 setup.py develop --editable --build-directory /home/mperezes/ros2_ws/build/hola/build --no-deps install_data
[4.737s] INFO:colcon.colcon_core.shell:Creating environment hook '/home/mperezes/ros2_ws/build/hola/share/hola/hook/pythonpath_develop.ps1'
[4.738s] INFO:colcon.colcon_core.shell:Creating environment descriptor '/home/mperezes/ros2_ws/build/hola/share/hola/hook/pythonpath_develop.dsv'
[4.739s] INFO:colcon.colcon_core.shell:Creating environment hook '/home/mperezes/ros2_ws/build/hola/share/hola/hook/pythonpath_develop.sh'
[4.762s] Level 1:colcon.colcon_core.environment:checking '/home/mperezes/ros2_ws/install/hola' for CMake module files
[4.762s] Level 1:colcon.colcon_core.environment:checking '/home/mperezes/ros2_ws/install/hola' for CMake config files
[4.763s] Level 1:colcon.colcon_core.environment:checking '/home/mperezes/ros2_ws/install/hola/lib'
[4.763s] Level 1:colcon.colcon_core.environment:checking '/home/mperezes/ros2_ws/install/hola/bin'
[4.763s] Level 1:colcon.colcon_core.environment:checking '/home/mperezes/ros2_ws/install/hola/lib/pkgconfig/hola.pc'
[4.764s] Level 1:colcon.colcon_core.environment:checking '/home/mperezes/ros2_ws/install/hola/lib/python3.10/site-packages'
[4.764s] Level 1:colcon.colcon_core.shell:create_environment_hook('hola', 'pythonpath')
[4.787s] INFO:colcon.colcon_core.shell:Creating environment hook '/home/mperezes/ros2_ws/install/hola/share/hola/hook/pythonpath.ps1'
[4.787s] INFO:colcon.colcon_core.shell:Creating environment descriptor '/home/mperezes/ros2_ws/install/hola/share/hola/hook/pythonpath.dsv'
[4.788s] INFO:colcon.colcon_core.shell:Creating environment hook '/home/mperezes/ros2_ws/install/hola/share/hola/hook/pythonpath.sh'
[4.789s] Level 1:colcon.colcon_core.environment:checking '/home/mperezes/ros2_ws/install/hola/bin'
[4.789s] Level 1:colcon.colcon_core.environment:create_environment_scripts_only(hola)
[4.825s] INFO:colcon.colcon_core.shell:Creating package script '/home/mperezes/ros2_ws/install/hola/share/hola/package.ps1'
[4.826s] INFO:colcon.colcon_core.shell:Creating package descriptor '/home/mperezes/ros2_ws/install/hola/share/hola/package.dsv'
[4.826s] INFO:colcon.colcon_core.shell:Creating package script '/home/mperezes/ros2_ws/install/hola/share/hola/package.sh'
[4.828s] INFO:colcon.colcon_core.shell:Creating package script '/home/mperezes/ros2_ws/install/hola/share/hola/package.bash'
[4.830s] INFO:colcon.colcon_core.shell:Creating package script '/home/mperezes/ros2_ws/install/hola/share/hola/package.zsh'
[4.831s] Level 1:colcon.colcon_core.environment:create_file_with_runtime_dependencies(/home/mperezes/ros2_ws/install/hola/share/colcon-core/packages/hola)
[4.832s] DEBUG:colcon.colcon_parallel_executor.executor.parallel:closing loop
[4.838s] DEBUG:colcon.colcon_parallel_executor.executor.parallel:loop closed
[4.839s] DEBUG:colcon.colcon_parallel_executor.executor.parallel:run_until_complete finished with '0'
[4.839s] DEBUG:colcon.colcon_core.event_reactor:joining thread
[4.868s] INFO:colcon.colcon_core.plugin_system:Skipping extension 'colcon_notification.desktop_notification.terminal_notifier': Not used on non-Darwin systems
[4.868s] INFO:colcon.colcon_core.plugin_system:Skipping extension 'colcon_notification.desktop_notification.win32': Not used on non-Windows systems
[4.868s] INFO:colcon.colcon_notification.desktop_notification:Sending desktop notification using 'notify2'
[4.898s] DEBUG:colcon.colcon_core.event_reactor:joined thread
[4.919s] INFO:colcon.colcon_core.shell:Creating prefix script '/home/mperezes/ros2_ws/install/local_setup.ps1'
[4.920s] INFO:colcon.colcon_core.shell:Creating prefix util module '/home/mperezes/ros2_ws/install/_local_setup_util_ps1.py'
[4.922s] INFO:colcon.colcon_core.shell:Creating prefix chain script '/home/mperezes/ros2_ws/install/setup.ps1'
[4.944s] INFO:colcon.colcon_core.shell:Creating prefix script '/home/mperezes/ros2_ws/install/local_setup.sh'
[4.945s] INFO:colcon.colcon_core.shell:Creating prefix util module '/home/mperezes/ros2_ws/install/_local_setup_util_sh.py'
[4.946s] INFO:colcon.colcon_core.shell:Creating prefix chain script '/home/mperezes/ros2_ws/install/setup.sh'
[4.964s] INFO:colcon.colcon_core.shell:Creating prefix script '/home/mperezes/ros2_ws/install/local_setup.bash'
[4.965s] INFO:colcon.colcon_core.shell:Creating prefix chain script '/home/mperezes/ros2_ws/install/setup.bash'
[4.984s] INFO:colcon.colcon_core.shell:Creating prefix script '/home/mperezes/ros2_ws/install/local_setup.zsh'
[4.984s] INFO:colcon.colcon_core.shell:Creating prefix chain script '/home/mperezes/ros2_ws/install/setup.zsh'
