[2.583s] Invoking command in '/home/mperezes/ros2_ws/build/hola': PYTHONPATH=/home/mperezes/ros2_ws/build/hola/prefix_override:/home/mperezes/ros2_ws/install/hola/lib/python3.10/site-packages:${PYTHONPATH} /usr/bin/python3 setup.py develop --editable --build-directory /home/mperezes/ros2_ws/build/hola/build --no-deps install_data
[2.868s] running develop
[2.868s] /usr/lib/python3/dist-packages/setuptools/command/easy_install.py:158: EasyInstallDeprecationWarning: easy_install command is deprecated. Use build and pip and other standards-based tools.
[2.868s]   warnings.warn(
[2.870s] /usr/lib/python3/dist-packages/setuptools/command/install.py:34: SetuptoolsDeprecationWarning: setup.py install is deprecated. Use build and pip and other standards-based tools.
[2.870s]   warnings.warn(
[3.069s] running egg_info
[3.070s] writing hola.egg-info/PKG-INFO
[3.071s] writing dependency_links to hola.egg-info/dependency_links.txt
[3.072s] writing entry points to hola.egg-info/entry_points.txt
[3.073s] writing requirements to hola.egg-info/requires.txt
[3.074s] writing top-level names to hola.egg-info/top_level.txt
[3.076s] reading manifest file 'hola.egg-info/SOURCES.txt'
[3.080s] writing manifest file 'hola.egg-info/SOURCES.txt'
[3.095s] running build_ext
[3.096s] Creating /home/mperezes/ros2_ws/install/hola/lib/python3.10/site-packages/hola.egg-link (link to .)
[3.096s] 
[3.096s] Installed /home/mperezes/ros2_ws/build/hola
[3.096s] running install_data
[3.268s] Invoked command in '/home/mperezes/ros2_ws/build/hola' returned '0': PYTHONPATH=/home/mperezes/ros2_ws/build/hola/prefix_override:/home/mperezes/ros2_ws/install/hola/lib/python3.10/site-packages:${PYTHONPATH} /usr/bin/python3 setup.py develop --editable --build-directory /home/mperezes/ros2_ws/build/hola/build --no-deps install_data
