[1.820s] DEBUG:colcon:Command line arguments: ['/usr/bin/colcon', 'build', '--symlink-install']
[1.820s] DEBUG:colcon:Parsed command line arguments: Namespace(log_base=None, log_level=None, verb_name='build', build_base='build', install_base='install', merge_install=False, symlink_install=True, test_result_base=None, continue_on_error=False, executor='parallel', parallel_workers=4, event_handlers=None, ignore_user_meta=False, metas=['./colcon.meta'], base_paths=['.'], packages_ignore=None, packages_ignore_regex=None, paths=None, packages_up_to=None, packages_up_to_regex=None, packages_above=None, packages_above_and_dependencies=None, packages_above_depth=None, packages_select_by_dep=None, packages_skip_by_dep=None, packages_skip_up_to=None, packages_select_build_failed=False, packages_skip_build_finished=False, packages_select_test_failures=False, packages_skip_test_passed=False, packages_select=None, packages_skip=None, packages_select_regex=None, packages_skip_regex=None, packages_start=None, packages_end=None, allow_overriding=[], cmake_args=None, cmake_target=None, cmake_target_skip_unavailable=False, cmake_clean_cache=False, cmake_clean_first=False, cmake_force_configure=False, ament_cmake_args=None, catkin_cmake_args=None, catkin_skip_building_tests=False, verb_parser=<colcon_defaults.argument_parser.defaults.DefaultArgumentsDecorator object at 0x7f17325a6620>, verb_extension=<colcon_core.verb.build.BuildVerb object at 0x7f17325ae050>, main=<bound method BuildVerb.main of <colcon_core.verb.build.BuildVerb object at 0x7f17325ae050>>)
[1.920s] Level 1:colcon.colcon_core.package_discovery:discover_packages(colcon_meta) check parameters
[1.921s] Level 1:colcon.colcon_core.package_discovery:discover_packages(recursive) check parameters
[1.921s] Level 1:colcon.colcon_core.package_discovery:discover_packages(ignore) check parameters
[1.921s] Level 1:colcon.colcon_core.package_discovery:discover_packages(path) check parameters
[1.921s] Level 1:colcon.colcon_core.package_discovery:discover_packages(colcon_meta) discover
[1.921s] Level 1:colcon.colcon_core.package_discovery:discover_packages(recursive) discover
[1.921s] INFO:colcon.colcon_core.package_discovery:Crawling recursively for packages in '/home/mperezes/ros2_ws'
[1.921s] Level 1:colcon.colcon_core.package_identification:_identify(.) by extensions ['ignore', 'ignore_ament_install']
[1.921s] Level 1:colcon.colcon_core.package_identification:_identify(.) by extension 'ignore'
[1.921s] Level 1:colcon.colcon_core.package_identification:_identify(.) by extension 'ignore_ament_install'
[1.921s] Level 1:colcon.colcon_core.package_identification:_identify(.) by extensions ['colcon_pkg']
[1.921s] Level 1:colcon.colcon_core.package_identification:_identify(.) by extension 'colcon_pkg'
[1.921s] Level 1:colcon.colcon_core.package_identification:_identify(.) by extensions ['colcon_meta']
[1.921s] Level 1:colcon.colcon_core.package_identification:_identify(.) by extension 'colcon_meta'
[1.921s] Level 1:colcon.colcon_core.package_identification:_identify(.) by extensions ['ros']
[1.921s] Level 1:colcon.colcon_core.package_identification:_identify(.) by extension 'ros'
[1.944s] Level 1:colcon.colcon_core.package_identification:_identify(.) by extensions ['cmake', 'python']
[1.944s] Level 1:colcon.colcon_core.package_identification:_identify(.) by extension 'cmake'
[1.944s] Level 1:colcon.colcon_core.package_identification:_identify(.) by extension 'python'
[1.944s] Level 1:colcon.colcon_core.package_identification:_identify(.) by extensions ['python_setup_py']
[1.944s] Level 1:colcon.colcon_core.package_identification:_identify(.) by extension 'python_setup_py'
[1.945s] Level 1:colcon.colcon_core.package_identification:_identify(build) by extensions ['ignore', 'ignore_ament_install']
[1.945s] Level 1:colcon.colcon_core.package_identification:_identify(build) by extension 'ignore'
[1.945s] Level 1:colcon.colcon_core.package_identification:_identify(build) ignored
[1.945s] Level 1:colcon.colcon_core.package_identification:_identify(install) by extensions ['ignore', 'ignore_ament_install']
[1.945s] Level 1:colcon.colcon_core.package_identification:_identify(install) by extension 'ignore'
[1.945s] Level 1:colcon.colcon_core.package_identification:_identify(install) ignored
[1.945s] Level 1:colcon.colcon_core.package_identification:_identify(log) by extensions ['ignore', 'ignore_ament_install']
[1.945s] Level 1:colcon.colcon_core.package_identification:_identify(log) by extension 'ignore'
[1.945s] Level 1:colcon.colcon_core.package_identification:_identify(log) ignored
[1.945s] Level 1:colcon.colcon_core.package_identification:_identify(src) by extensions ['ignore', 'ignore_ament_install']
[1.945s] Level 1:colcon.colcon_core.package_identification:_identify(src) by extension 'ignore'
[1.946s] Level 1:colcon.colcon_core.package_identification:_identify(src) by extension 'ignore_ament_install'
[1.946s] Level 1:colcon.colcon_core.package_identification:_identify(src) by extensions ['colcon_pkg']
[1.946s] Level 1:colcon.colcon_core.package_identification:_identify(src) by extension 'colcon_pkg'
[1.946s] Level 1:colcon.colcon_core.package_identification:_identify(src) by extensions ['colcon_meta']
[1.946s] Level 1:colcon.colcon_core.package_identification:_identify(src) by extension 'colcon_meta'
[1.946s] Level 1:colcon.colcon_core.package_identification:_identify(src) by extensions ['ros']
[1.946s] Level 1:colcon.colcon_core.package_identification:_identify(src) by extension 'ros'
[1.946s] Level 1:colcon.colcon_core.package_identification:_identify(src) by extensions ['cmake', 'python']
[1.946s] Level 1:colcon.colcon_core.package_identification:_identify(src) by extension 'cmake'
[1.946s] Level 1:colcon.colcon_core.package_identification:_identify(src) by extension 'python'
[1.946s] Level 1:colcon.colcon_core.package_identification:_identify(src) by extensions ['python_setup_py']
[1.946s] Level 1:colcon.colcon_core.package_identification:_identify(src) by extension 'python_setup_py'
[1.946s] Level 1:colcon.colcon_core.package_identification:_identify(src/hola) by extensions ['ignore', 'ignore_ament_install']
[1.946s] Level 1:colcon.colcon_core.package_identification:_identify(src/hola) by extension 'ignore'
[1.946s] Level 1:colcon.colcon_core.package_identification:_identify(src/hola) by extension 'ignore_ament_install'
[1.946s] Level 1:colcon.colcon_core.package_identification:_identify(src/hola) by extensions ['colcon_pkg']
[1.946s] Level 1:colcon.colcon_core.package_identification:_identify(src/hola) by extension 'colcon_pkg'
[1.946s] Level 1:colcon.colcon_core.package_identification:_identify(src/hola) by extensions ['colcon_meta']
[1.946s] Level 1:colcon.colcon_core.package_identification:_identify(src/hola) by extension 'colcon_meta'
[1.947s] Level 1:colcon.colcon_core.package_identification:_identify(src/hola) by extensions ['ros']
[1.947s] Level 1:colcon.colcon_core.package_identification:_identify(src/hola) by extension 'ros'
[1.952s] DEBUG:colcon.colcon_core.package_identification:Package 'src/hola' with type 'ros.ament_python' and name 'hola'
[1.953s] Level 1:colcon.colcon_core.package_identification:_identify(src/ros2_course) by extensions ['ignore', 'ignore_ament_install']
[1.953s] Level 1:colcon.colcon_core.package_identification:_identify(src/ros2_course) by extension 'ignore'
[1.953s] Level 1:colcon.colcon_core.package_identification:_identify(src/ros2_course) by extension 'ignore_ament_install'
[1.953s] Level 1:colcon.colcon_core.package_identification:_identify(src/ros2_course) by extensions ['colcon_pkg']
[1.953s] Level 1:colcon.colcon_core.package_identification:_identify(src/ros2_course) by extension 'colcon_pkg'
[1.953s] Level 1:colcon.colcon_core.package_identification:_identify(src/ros2_course) by extensions ['colcon_meta']
[1.953s] Level 1:colcon.colcon_core.package_identification:_identify(src/ros2_course) by extension 'colcon_meta'
[1.953s] Level 1:colcon.colcon_core.package_identification:_identify(src/ros2_course) by extensions ['ros']
[1.953s] Level 1:colcon.colcon_core.package_identification:_identify(src/ros2_course) by extension 'ros'
[1.954s] DEBUG:colcon.colcon_core.package_identification:Package 'src/ros2_course' with type 'ros.ament_python' and name 'ros2_course'
[1.954s] Level 1:colcon.colcon_core.package_discovery:discover_packages(recursive) using defaults
[1.954s] Level 1:colcon.colcon_core.package_discovery:discover_packages(ignore) discover
[1.954s] Level 1:colcon.colcon_core.package_discovery:discover_packages(ignore) using defaults
[1.954s] Level 1:colcon.colcon_core.package_discovery:discover_packages(path) discover
[1.954s] Level 1:colcon.colcon_core.package_discovery:discover_packages(path) using defaults
[2.085s] Level 1:colcon.colcon_core.package_discovery:discover_packages(prefix_path) check parameters
[2.085s] Level 1:colcon.colcon_core.package_discovery:discover_packages(prefix_path) discover
[2.122s] DEBUG:colcon.colcon_installed_package_information.package_discovery:Found 2 installed packages in /home/mperezes/ros2_ws/install
[2.140s] DEBUG:colcon.colcon_installed_package_information.package_discovery:Found 273 installed packages in /opt/ros/humble
[2.142s] Level 1:colcon.colcon_core.package_discovery:discover_packages(prefix_path) using defaults
[2.335s] Level 5:colcon.colcon_core.verb:set package 'hola' build argument 'cmake_args' from command line to 'None'
[2.335s] Level 5:colcon.colcon_core.verb:set package 'hola' build argument 'cmake_target' from command line to 'None'
[2.335s] Level 5:colcon.colcon_core.verb:set package 'hola' build argument 'cmake_target_skip_unavailable' from command line to 'False'
[2.335s] Level 5:colcon.colcon_core.verb:set package 'hola' build argument 'cmake_clean_cache' from command line to 'False'
[2.335s] Level 5:colcon.colcon_core.verb:set package 'hola' build argument 'cmake_clean_first' from command line to 'False'
[2.335s] Level 5:colcon.colcon_core.verb:set package 'hola' build argument 'cmake_force_configure' from command line to 'False'
[2.335s] Level 5:colcon.colcon_core.verb:set package 'hola' build argument 'ament_cmake_args' from command line to 'None'
[2.335s] Level 5:colcon.colcon_core.verb:set package 'hola' build argument 'catkin_cmake_args' from command line to 'None'
[2.335s] Level 5:colcon.colcon_core.verb:set package 'hola' build argument 'catkin_skip_building_tests' from command line to 'False'
[2.336s] DEBUG:colcon.colcon_core.verb:Building package 'hola' with the following arguments: {'ament_cmake_args': None, 'build_base': '/home/mperezes/ros2_ws/build/hola', 'catkin_cmake_args': None, 'catkin_skip_building_tests': False, 'cmake_args': None, 'cmake_clean_cache': False, 'cmake_clean_first': False, 'cmake_force_configure': False, 'cmake_target': None, 'cmake_target_skip_unavailable': False, 'install_base': '/home/mperezes/ros2_ws/install/hola', 'merge_install': False, 'path': '/home/mperezes/ros2_ws/src/hola', 'symlink_install': True, 'test_result_base': None}
[2.360s] Level 5:colcon.colcon_core.verb:set package 'ros2_course' build argument 'cmake_args' from command line to 'None'
[2.360s] Level 5:colcon.colcon_core.verb:set package 'ros2_course' build argument 'cmake_target' from command line to 'None'
[2.361s] Level 5:colcon.colcon_core.verb:set package 'ros2_course' build argument 'cmake_target_skip_unavailable' from command line to 'False'
[2.361s] Level 5:colcon.colcon_core.verb:set package 'ros2_course' build argument 'cmake_clean_cache' from command line to 'False'
[2.361s] Level 5:colcon.colcon_core.verb:set package 'ros2_course' build argument 'cmake_clean_first' from command line to 'False'
[2.361s] Level 5:colcon.colcon_core.verb:set package 'ros2_course' build argument 'cmake_force_configure' from command line to 'False'
[2.361s] Level 5:colcon.colcon_core.verb:set package 'ros2_course' build argument 'ament_cmake_args' from command line to 'None'
[2.361s] Level 5:colcon.colcon_core.verb:set package 'ros2_course' build argument 'catkin_cmake_args' from command line to 'None'
[2.361s] Level 5:colcon.colcon_core.verb:set package 'ros2_course' build argument 'catkin_skip_building_tests' from command line to 'False'
[2.361s] DEBUG:colcon.colcon_core.verb:Building package 'ros2_course' with the following arguments: {'ament_cmake_args': None, 'build_base': '/home/mperezes/ros2_ws/build/ros2_course', 'catkin_cmake_args': None, 'catkin_skip_building_tests': False, 'cmake_args': None, 'cmake_clean_cache': False, 'cmake_clean_first': False, 'cmake_force_configure': False, 'cmake_target': None, 'cmake_target_skip_unavailable': False, 'install_base': '/home/mperezes/ros2_ws/install/ros2_course', 'merge_install': False, 'path': '/home/mperezes/ros2_ws/src/ros2_course', 'symlink_install': True, 'test_result_base': None}
[2.383s] INFO:colcon.colcon_core.executor:Executing jobs using 'parallel' executor
[2.435s] DEBUG:colcon.colcon_parallel_executor.executor.parallel:run_until_complete
[2.435s] INFO:colcon.colcon_ros.task.ament_python.build:Building ROS package in '/home/mperezes/ros2_ws/src/hola' with build type 'ament_python'
[2.436s] Level 1:colcon.colcon_core.shell:create_environment_hook('hola', 'ament_prefix_path')
[2.475s] INFO:colcon.colcon_core.plugin_system:Skipping extension 'colcon_core.shell.bat': Not used on non-Windows systems
[2.475s] INFO:colcon.colcon_core.shell:Creating environment hook '/home/mperezes/ros2_ws/install/hola/share/hola/hook/ament_prefix_path.ps1'
[2.477s] INFO:colcon.colcon_core.shell:Creating environment descriptor '/home/mperezes/ros2_ws/install/hola/share/hola/hook/ament_prefix_path.dsv'
[2.478s] INFO:colcon.colcon_core.shell:Creating environment hook '/home/mperezes/ros2_ws/install/hola/share/hola/hook/ament_prefix_path.sh'
[2.505s] INFO:colcon.colcon_core.shell:Skip shell extension 'powershell' for command environment: Not usable outside of PowerShell
[2.505s] DEBUG:colcon.colcon_core.shell:Skip shell extension 'dsv' for command environment
[2.607s] INFO:colcon.colcon_ros.task.ament_python.build:Building ROS package in '/home/mperezes/ros2_ws/src/ros2_course' with build type 'ament_python'
[2.608s] Level 1:colcon.colcon_core.shell:create_environment_hook('ros2_course', 'ament_prefix_path')
[2.651s] INFO:colcon.colcon_core.shell:Creating environment hook '/home/mperezes/ros2_ws/install/ros2_course/share/ros2_course/hook/ament_prefix_path.ps1'
[2.652s] INFO:colcon.colcon_core.shell:Creating environment descriptor '/home/mperezes/ros2_ws/install/ros2_course/share/ros2_course/hook/ament_prefix_path.dsv'
[2.653s] INFO:colcon.colcon_core.shell:Creating environment hook '/home/mperezes/ros2_ws/install/ros2_course/share/ros2_course/hook/ament_prefix_path.sh'
[2.678s] INFO:colcon.colcon_core.shell:Skip shell extension 'powershell' for command environment: Not usable outside of PowerShell
[2.678s] DEBUG:colcon.colcon_core.shell:Skip shell extension 'dsv' for command environment
[3.346s] INFO:colcon.colcon_core.task.python.build:Building Python package in '/home/mperezes/ros2_ws/src/hola'
[3.386s] INFO:colcon.colcon_core.shell:Skip shell extension 'powershell' for command environment: Not usable outside of PowerShell
[3.387s] DEBUG:colcon.colcon_core.shell:Skip shell extension 'dsv' for command environment
[3.889s] INFO:colcon.colcon_core.task.python.build:Building Python package in '/home/mperezes/ros2_ws/src/ros2_course'
[3.932s] INFO:colcon.colcon_core.shell:Skip shell extension 'powershell' for command environment: Not usable outside of PowerShell
[3.933s] DEBUG:colcon.colcon_core.shell:Skip shell extension 'dsv' for command environment
[4.677s] DEBUG:colcon.colcon_core.event_handler.log_command:Invoking command in '/home/mperezes/ros2_ws/build/hola': PYTHONPATH=/home/mperezes/ros2_ws/build/hola/prefix_override:/home/mperezes/ros2_ws/install/hola/lib/python3.10/site-packages:${PYTHONPATH} /usr/bin/python3 setup.py develop --editable --build-directory /home/mperezes/ros2_ws/build/hola/build --no-deps install_data
[4.682s] DEBUG:colcon.colcon_core.event_handler.log_command:Invoking command in '/home/mperezes/ros2_ws/build/ros2_course': PYTHONPATH=/home/mperezes/ros2_ws/build/ros2_course/prefix_override:/home/mperezes/ros2_ws/install/ros2_course/lib/python3.10/site-packages:${PYTHONPATH} /usr/bin/python3 setup.py develop --editable --build-directory /home/mperezes/ros2_ws/build/ros2_course/build --no-deps install_data
[5.484s] Level 1:colcon.colcon_core.shell:create_environment_hook('ros2_course', 'pythonpath_develop')
[5.485s] DEBUG:colcon.colcon_core.event_handler.log_command:Invoked command in '/home/mperezes/ros2_ws/build/ros2_course' returned '0': PYTHONPATH=/home/mperezes/ros2_ws/build/ros2_course/prefix_override:/home/mperezes/ros2_ws/install/ros2_course/lib/python3.10/site-packages:${PYTHONPATH} /usr/bin/python3 setup.py develop --editable --build-directory /home/mperezes/ros2_ws/build/ros2_course/build --no-deps install_data
[5.506s] INFO:colcon.colcon_core.shell:Creating environment hook '/home/mperezes/ros2_ws/build/ros2_course/share/ros2_course/hook/pythonpath_develop.ps1'
[5.507s] INFO:colcon.colcon_core.shell:Creating environment descriptor '/home/mperezes/ros2_ws/build/ros2_course/share/ros2_course/hook/pythonpath_develop.dsv'
[5.508s] INFO:colcon.colcon_core.shell:Creating environment hook '/home/mperezes/ros2_ws/build/ros2_course/share/ros2_course/hook/pythonpath_develop.sh'
[5.558s] Level 1:colcon.colcon_core.environment:checking '/home/mperezes/ros2_ws/install/ros2_course' for CMake module files
[5.558s] Level 1:colcon.colcon_core.environment:checking '/home/mperezes/ros2_ws/install/ros2_course' for CMake config files
[5.559s] Level 1:colcon.colcon_core.environment:checking '/home/mperezes/ros2_ws/install/ros2_course/lib'
[5.559s] Level 1:colcon.colcon_core.environment:checking '/home/mperezes/ros2_ws/install/ros2_course/bin'
[5.559s] Level 1:colcon.colcon_core.environment:checking '/home/mperezes/ros2_ws/install/ros2_course/lib/pkgconfig/ros2_course.pc'
[5.559s] Level 1:colcon.colcon_core.environment:checking '/home/mperezes/ros2_ws/install/ros2_course/lib/python3.10/site-packages'
[5.560s] Level 1:colcon.colcon_core.shell:create_environment_hook('ros2_course', 'pythonpath')
[5.576s] INFO:colcon.colcon_core.shell:Creating environment hook '/home/mperezes/ros2_ws/install/ros2_course/share/ros2_course/hook/pythonpath.ps1'
[5.577s] INFO:colcon.colcon_core.shell:Creating environment descriptor '/home/mperezes/ros2_ws/install/ros2_course/share/ros2_course/hook/pythonpath.dsv'
[5.577s] INFO:colcon.colcon_core.shell:Creating environment hook '/home/mperezes/ros2_ws/install/ros2_course/share/ros2_course/hook/pythonpath.sh'
[5.578s] Level 1:colcon.colcon_core.environment:checking '/home/mperezes/ros2_ws/install/ros2_course/bin'
[5.578s] Level 1:colcon.colcon_core.environment:create_environment_scripts_only(ros2_course)
[5.596s] INFO:colcon.colcon_core.shell:Creating package script '/home/mperezes/ros2_ws/install/ros2_course/share/ros2_course/package.ps1'
[5.599s] INFO:colcon.colcon_core.shell:Creating package descriptor '/home/mperezes/ros2_ws/install/ros2_course/share/ros2_course/package.dsv'
[5.600s] INFO:colcon.colcon_core.shell:Creating package script '/home/mperezes/ros2_ws/install/ros2_course/share/ros2_course/package.sh'
[5.601s] INFO:colcon.colcon_core.shell:Creating package script '/home/mperezes/ros2_ws/install/ros2_course/share/ros2_course/package.bash'
[5.603s] INFO:colcon.colcon_core.shell:Creating package script '/home/mperezes/ros2_ws/install/ros2_course/share/ros2_course/package.zsh'
[5.605s] Level 1:colcon.colcon_core.environment:create_file_with_runtime_dependencies(/home/mperezes/ros2_ws/install/ros2_course/share/colcon-core/packages/ros2_course)
[5.607s] Level 1:colcon.colcon_core.shell:create_environment_hook('hola', 'pythonpath_develop')
[5.608s] DEBUG:colcon.colcon_core.event_handler.log_command:Invoked command in '/home/mperezes/ros2_ws/build/hola' returned '0': PYTHONPATH=/home/mperezes/ros2_ws/build/hola/prefix_override:/home/mperezes/ros2_ws/install/hola/lib/python3.10/site-packages:${PYTHONPATH} /usr/bin/python3 setup.py develop --editable --build-directory /home/mperezes/ros2_ws/build/hola/build --no-deps install_data
[5.624s] INFO:colcon.colcon_core.shell:Creating environment hook '/home/mperezes/ros2_ws/build/hola/share/hola/hook/pythonpath_develop.ps1'
[5.625s] INFO:colcon.colcon_core.shell:Creating environment descriptor '/home/mperezes/ros2_ws/build/hola/share/hola/hook/pythonpath_develop.dsv'
[5.626s] INFO:colcon.colcon_core.shell:Creating environment hook '/home/mperezes/ros2_ws/build/hola/share/hola/hook/pythonpath_develop.sh'
[5.665s] Level 1:colcon.colcon_core.environment:checking '/home/mperezes/ros2_ws/install/hola' for CMake module files
[5.666s] Level 1:colcon.colcon_core.environment:checking '/home/mperezes/ros2_ws/install/hola' for CMake config files
[5.666s] Level 1:colcon.colcon_core.environment:checking '/home/mperezes/ros2_ws/install/hola/lib'
[5.666s] Level 1:colcon.colcon_core.environment:checking '/home/mperezes/ros2_ws/install/hola/bin'
[5.666s] Level 1:colcon.colcon_core.environment:checking '/home/mperezes/ros2_ws/install/hola/lib/pkgconfig/hola.pc'
[5.666s] Level 1:colcon.colcon_core.environment:checking '/home/mperezes/ros2_ws/install/hola/lib/python3.10/site-packages'
[5.666s] Level 1:colcon.colcon_core.shell:create_environment_hook('hola', 'pythonpath')
[5.682s] INFO:colcon.colcon_core.shell:Creating environment hook '/home/mperezes/ros2_ws/install/hola/share/hola/hook/pythonpath.ps1'
[5.683s] INFO:colcon.colcon_core.shell:Creating environment descriptor '/home/mperezes/ros2_ws/install/hola/share/hola/hook/pythonpath.dsv'
[5.684s] INFO:colcon.colcon_core.shell:Creating environment hook '/home/mperezes/ros2_ws/install/hola/share/hola/hook/pythonpath.sh'
[5.685s] Level 1:colcon.colcon_core.environment:checking '/home/mperezes/ros2_ws/install/hola/bin'
[5.685s] Level 1:colcon.colcon_core.environment:create_environment_scripts_only(hola)
[5.702s] INFO:colcon.colcon_core.shell:Creating package script '/home/mperezes/ros2_ws/install/hola/share/hola/package.ps1'
[5.703s] INFO:colcon.colcon_core.shell:Creating package descriptor '/home/mperezes/ros2_ws/install/hola/share/hola/package.dsv'
[5.704s] INFO:colcon.colcon_core.shell:Creating package script '/home/mperezes/ros2_ws/install/hola/share/hola/package.sh'
[5.704s] INFO:colcon.colcon_core.shell:Creating package script '/home/mperezes/ros2_ws/install/hola/share/hola/package.bash'
[5.705s] INFO:colcon.colcon_core.shell:Creating package script '/home/mperezes/ros2_ws/install/hola/share/hola/package.zsh'
[5.705s] Level 1:colcon.colcon_core.environment:create_file_with_runtime_dependencies(/home/mperezes/ros2_ws/install/hola/share/colcon-core/packages/hola)
[5.706s] DEBUG:colcon.colcon_parallel_executor.executor.parallel:closing loop
[5.706s] DEBUG:colcon.colcon_parallel_executor.executor.parallel:loop closed
[5.707s] DEBUG:colcon.colcon_parallel_executor.executor.parallel:run_until_complete finished with '0'
[5.707s] DEBUG:colcon.colcon_core.event_reactor:joining thread
[5.758s] INFO:colcon.colcon_core.plugin_system:Skipping extension 'colcon_notification.desktop_notification.terminal_notifier': Not used on non-Darwin systems
[5.758s] INFO:colcon.colcon_core.plugin_system:Skipping extension 'colcon_notification.desktop_notification.win32': Not used on non-Windows systems
[5.758s] INFO:colcon.colcon_notification.desktop_notification:Sending desktop notification using 'notify2'
[5.781s] DEBUG:colcon.colcon_core.event_reactor:joined thread
[5.799s] INFO:colcon.colcon_core.shell:Creating prefix script '/home/mperezes/ros2_ws/install/local_setup.ps1'
[5.802s] INFO:colcon.colcon_core.shell:Creating prefix util module '/home/mperezes/ros2_ws/install/_local_setup_util_ps1.py'
[5.820s] INFO:colcon.colcon_core.shell:Creating prefix chain script '/home/mperezes/ros2_ws/install/setup.ps1'
[5.849s] INFO:colcon.colcon_core.shell:Creating prefix script '/home/mperezes/ros2_ws/install/local_setup.sh'
[5.855s] INFO:colcon.colcon_core.shell:Creating prefix util module '/home/mperezes/ros2_ws/install/_local_setup_util_sh.py'
[5.856s] INFO:colcon.colcon_core.shell:Creating prefix chain script '/home/mperezes/ros2_ws/install/setup.sh'
[5.878s] INFO:colcon.colcon_core.shell:Creating prefix script '/home/mperezes/ros2_ws/install/local_setup.bash'
[5.879s] INFO:colcon.colcon_core.shell:Creating prefix chain script '/home/mperezes/ros2_ws/install/setup.bash'
[5.897s] INFO:colcon.colcon_core.shell:Creating prefix script '/home/mperezes/ros2_ws/install/local_setup.zsh'
[5.898s] INFO:colcon.colcon_core.shell:Creating prefix chain script '/home/mperezes/ros2_ws/install/setup.zsh'
